#-----------------------------------------------------------
# Vivado v2024.1 (64-bit)
# SW Build 5076996 on Wed May 22 18:36:09 MDT 2024
# IP Build 5075265 on Wed May 22 21:45:21 MDT 2024
# SharedData Build 5076995 on Wed May 22 18:29:18 MDT 2024
# Start of session at: Thu Mar 19 02:45:42 2026
# Process ID: 117470
# Current directory: /home/ubuntu/cs217/design_top
# Command line: vivado
# Log file: /home/ubuntu/cs217/design_top/vivado.log
# Journal file: /home/ubuntu/cs217/design_top/vivado.jou
# Running On        :ip-172-31-91-250
# Platform          :Ubuntu
# Operating System  :Ubuntu 20.04.6 LTS
# Processor Detail  :AMD EPYC 7R13 Processor
# CPU Frequency     :2650.000 MHz
# CPU Physical cores:12
# CPU Logical cores :24
# Host memory       :268108 MB
# Swap memory       :10737 MB
# Total Virtual     :278846 MB
# Available Virtual :276829 MB
#-----------------------------------------------------------
start_gui
ERROR: [Vivado 12-106] *** Exception: java.lang.RuntimeException: Fontconfig head is null, check your fonts or fonts configuration (See /home/ubuntu/cs217/design_top/vivado_pid117470.debug)
