-- Catapult Ultra Synthesis: Report                                              
-- ------------------------- ---------------------------------------------------
-- Version:                  2024.2_1/1143609 Production Release                 
-- Build Date:               Wed Nov 13 18:57:31 PST 2024                        
                                                                                 
-- Generated by:             code@iron-05                                        
-- Generated date:           Wed Mar 18 19:33:54 PDT 2026                        

Solution Settings: Top.v1
  Current state: schedule
  Project: Catapult

Design Input Files Specified
  $PROJECT_HOME/../../src/Top/Top.h
    $MGC_HOME/shared/include/systemc.h
      $MGC_HOME/shared/include/systemc
        $MGC_HOME/shared/include/sysc/kernel/sc_cmnhdr.h
        $MGC_HOME/shared/include/sysc/kernel/sc_externs.h
        $MGC_HOME/shared/include/sysc/kernel/sc_except.h
          $MGC_HOME/shared/include/sysc/kernel/sc_cmnhdr.h
        $MGC_HOME/shared/include/sysc/kernel/sc_module.h
          $MGC_HOME/shared/include/sysc/kernel/sc_kernel_ids.h
            $MGC_HOME/shared/include/sysc/utils/sc_report.h
              $MGC_HOME/shared/include/sysc/kernel/sc_cmnhdr.h
              $MGC_HOME/shared/include/sysc/utils/sc_report_handler.h
          $MGC_HOME/shared/include/sysc/kernel/sc_process.h
            $MGC_HOME/shared/include/sysc/kernel/sc_constants.h
            $MGC_HOME/shared/include/sysc/kernel/sc_object.h
              $MGC_HOME/shared/include/sysc/kernel/sc_attribute.h
                $MGC_HOME/shared/include/sysc/kernel/sc_cmnhdr.h
            $MGC_HOME/shared/include/sysc/communication/sc_export.h
              $MGC_HOME/shared/include/sysc/communication/sc_communication_ids.h
              $MGC_HOME/shared/include/sysc/communication/sc_interface.h
                $MGC_HOME/shared/include/sysc/kernel/sc_cmnhdr.h
              $MGC_HOME/shared/include/sysc/utils/sc_typeindex.h
                $MGC_HOME/shared/include/sysc/kernel/sc_cmnhdr.h
          $MGC_HOME/shared/include/sysc/kernel/sc_module_name.h
          $MGC_HOME/shared/include/sysc/kernel/sc_sensitive.h
          $MGC_HOME/shared/include/sysc/kernel/sc_time.h
            $MGC_HOME/shared/include/sysc/datatypes/int/sc_nbdefs.h
              $MGC_HOME/shared/include/sysc/kernel/sc_cmnhdr.h
            $MGC_HOME/shared/include/sysc/datatypes/fx/scfx_ieee.h
              $MGC_HOME/shared/include/sysc/datatypes/fx/sc_fxdefs.h
                $MGC_HOME/shared/include/sysc/kernel/sc_cmnhdr.h
                $MGC_HOME/shared/include/sysc/utils/sc_machine.h
                  $MGC_HOME/shared/include/sysc/packages/boost/detail/endian.hpp
                $MGC_HOME/shared/include/sysc/datatypes/fx/sc_fx_ids.h
                $MGC_HOME/shared/include/sysc/datatypes/int/sc_nbutils.h
                  $MGC_HOME/shared/include/sysc/datatypes/bit/sc_bit_ids.h
                  $MGC_HOME/shared/include/sysc/datatypes/int/sc_int_ids.h
          $MGC_HOME/shared/include/sysc/kernel/sc_wait.h
            $MGC_HOME/shared/include/sysc/kernel/sc_simcontext.h
              $MGC_HOME/shared/include/sysc/kernel/sc_cmnhdr.h
              $MGC_HOME/shared/include/sysc/kernel/sc_status.h
                $MGC_HOME/shared/include/sysc/kernel/sc_cmnhdr.h
              $MGC_HOME/shared/include/sysc/utils/sc_hash.h
                $MGC_HOME/shared/include/sysc/kernel/sc_simcontext.h
              $MGC_HOME/shared/include/sysc/utils/sc_pq.h
                $MGC_HOME/shared/include/sysc/kernel/sc_cmnhdr.h
          $MGC_HOME/shared/include/sysc/kernel/sc_wait_cthread.h
            $MGC_HOME/shared/include/sysc/datatypes/bit/sc_logic.h
              $MGC_HOME/shared/include/sysc/kernel/sc_cmnhdr.h
              $MGC_HOME/shared/include/sysc/kernel/sc_macros.h
                $MGC_HOME/shared/include/sysc/kernel/sc_cmnhdr.h
              $MGC_HOME/shared/include/sysc/utils/sc_mempool.h
              $MGC_HOME/shared/include/sysc/datatypes/bit/sc_bit.h
          $MGC_HOME/shared/include/sysc/kernel/sc_process_handle.h
            $MGC_HOME/shared/include/sysc/kernel/sc_module.h
          $MGC_HOME/shared/include/sysc/utils/sc_list.h
            $MGC_HOME/shared/include/sysc/kernel/sc_cmnhdr.h
        $MGC_HOME/shared/include/sysc/kernel/sc_ver.h
          $MGC_HOME/shared/include/sysc/kernel/sc_cmnhdr.h
          $MGC_HOME/shared/include/sysc/communication/sc_writer_policy.h
        $MGC_HOME/shared/include/sysc/communication/sc_buffer.h
          $MGC_HOME/shared/include/sysc/communication/sc_signal.h
            $MGC_HOME/shared/include/sysc/communication/sc_port.h
              $MGC_HOME/shared/include/sysc/kernel/sc_event.h
                $MGC_HOME/shared/include/sysc/kernel/sc_cmnhdr.h
            $MGC_HOME/shared/include/sysc/communication/sc_prim_channel.h
            $MGC_HOME/shared/include/sysc/communication/sc_signal_ifs.h
            $MGC_HOME/shared/include/sysc/tracing/sc_trace.h
        $MGC_HOME/shared/include/sysc/communication/sc_clock.h
        $MGC_HOME/shared/include/sysc/communication/sc_clock_ports.h
          $MGC_HOME/shared/include/sysc/communication/sc_signal_ports.h
            $MGC_HOME/shared/include/sysc/communication/sc_event_finder.h
        $MGC_HOME/shared/include/sysc/communication/sc_event_queue.h
        $MGC_HOME/shared/include/sysc/communication/sc_fifo.h
          $MGC_HOME/shared/include/sysc/communication/sc_fifo_ifs.h
        $MGC_HOME/shared/include/sysc/communication/sc_fifo_ports.h
        $MGC_HOME/shared/include/sysc/communication/sc_mutex.h
          $MGC_HOME/shared/include/sysc/communication/sc_mutex_if.h
        $MGC_HOME/shared/include/sysc/communication/sc_semaphore.h
          $MGC_HOME/shared/include/sysc/communication/sc_semaphore_if.h
        $MGC_HOME/shared/include/sysc/communication/sc_signal_resolved.h
        $MGC_HOME/shared/include/sysc/communication/sc_signal_resolved_ports.h
        $MGC_HOME/shared/include/sysc/communication/sc_signal_rv.h
          $MGC_HOME/shared/include/sysc/datatypes/bit/sc_lv.h
            $MGC_HOME/shared/include/sysc/datatypes/bit/sc_lv_base.h
              $MGC_HOME/shared/include/sysc/datatypes/bit/sc_bv_base.h
                $MGC_HOME/shared/include/sysc/datatypes/bit/sc_bit_proxies.h
                  $MGC_HOME/shared/include/sysc/datatypes/bit/sc_proxy.h
                    $MGC_HOME/shared/include/sysc/kernel/sc_cmnhdr.h
                    $MGC_HOME/shared/include/sysc/datatypes/int/sc_signed.h
                      $MGC_HOME/shared/include/sysc/datatypes/misc/sc_value_base.h
                      $MGC_HOME/shared/include/sysc/utils/sc_temporary.h
                        $MGC_HOME/shared/include/sysc/kernel/sc_cmnhdr.h
                      $MGC_HOME/shared/include/sysc/datatypes/int/sc_length_param.h
                        $MGC_HOME/shared/include/sysc/datatypes/fx/sc_context.h
                          $MGC_HOME/shared/include/sysc/kernel/sc_cmnhdr.h
                      $MGC_HOME/shared/include/sysc/datatypes/int/sc_nbexterns.h
                      $MGC_HOME/shared/include/sysc/datatypes/int/sc_unsigned.h
                    $MGC_HOME/shared/include/sysc/datatypes/int/sc_int_base.h
                      $MGC_HOME/shared/include/sysc/kernel/sc_cmnhdr.h
                      $MGC_HOME/shared/include/sysc/datatypes/int/sc_uint_base.h
        $MGC_HOME/shared/include/sysc/communication/sc_signal_rv_ports.h
        $MGC_HOME/shared/include/sysc/datatypes/bit/sc_bv.h
        $MGC_HOME/shared/include/sysc/datatypes/int/sc_bigint.h
        $MGC_HOME/shared/include/sysc/datatypes/int/sc_biguint.h
        $MGC_HOME/shared/include/sysc/datatypes/int/sc_int.h
        $MGC_HOME/shared/include/sysc/datatypes/int/sc_uint.h
        $MGC_HOME/shared/include/sysc/datatypes/misc/sc_concatref.h
        $MGC_HOME/shared/include/sysc/utils/sc_utils_ids.h
        $MGC_HOME/shared/include/sysc/utils/sc_pvector.h
        $MGC_HOME/shared/include/sysc/utils/sc_string_view.h
          $MGC_HOME/shared/include/sysc/kernel/sc_cmnhdr.h
          $MGC_HOME/shared/include/sysc/packages/boost/utility/string_view.hpp
            $MGC_HOME/shared/include/sysc/packages/boost/config.hpp
              $MGC_HOME/shared/include/sysc/packages/boost/config/user.hpp
              $MGC_HOME/shared/include/sysc/packages/boost/config/select_compiler_config.hpp
              $MGC_HOME/shared/include/sysc/packages/boost/config/compiler/gcc.hpp
              $MGC_HOME/shared/include/sysc/packages/boost/config/select_stdlib_config.hpp
              $MGC_HOME/shared/include/sysc/packages/boost/config/stdlib/libstdcpp3.hpp
              $MGC_HOME/shared/include/sysc/packages/boost/config/select_platform_config.hpp
              $MGC_HOME/shared/include/sysc/packages/boost/config/platform/linux.hpp
                $MGC_HOME/shared/include/sysc/packages/boost/config/posix_features.hpp
              $MGC_HOME/shared/include/sysc/packages/boost/config/suffix.hpp
            $MGC_HOME/shared/include/sysc/packages/boost/utility/string_view_fwd.hpp
        $MGC_HOME/shared/include/sysc/utils/sc_vector.h
        $MGC_HOME/shared/include/sysc/kernel/sc_dynamic_processes.h
          $MGC_HOME/shared/include/sysc/kernel/sc_cmnhdr.h
          $MGC_HOME/shared/include/sysc/kernel/sc_spawn.h
            $MGC_HOME/shared/include/sysc/kernel/sc_spawn_options.h
          $MGC_HOME/shared/include/sysc/kernel/sc_join.h
    $MGC_HOME/shared/pkgs/matchlib/cmod/include/nvhls_int.h
      $MGC_HOME/shared/pkgs/matchlib/cmod/include/nvhls_marshaller.h
        $MGC_HOME/shared/include/connections/marshaller.h
          $MGC_HOME/shared/include/ccs_types.h
            $MGC_HOME/shared/include/tlm.h
              $MGC_HOME/shared/include/tlm
                $MGC_HOME/shared/include/systemc
                $MGC_HOME/shared/include/tlm_core/tlm_2/tlm_version.h
                $MGC_HOME/shared/include/tlm_core/tlm_1/tlm_analysis/tlm_analysis.h
                  $MGC_HOME/shared/include/tlm_core/tlm_1/tlm_analysis/tlm_write_if.h
                    $MGC_HOME/shared/include/systemc
                  $MGC_HOME/shared/include/tlm_core/tlm_1/tlm_analysis/tlm_analysis_if.h
                  $MGC_HOME/shared/include/tlm_core/tlm_1/tlm_analysis/tlm_analysis_triple.h
                  $MGC_HOME/shared/include/tlm_core/tlm_1/tlm_analysis/tlm_analysis_port.h
                  $MGC_HOME/shared/include/tlm_core/tlm_1/tlm_analysis/tlm_analysis_fifo.h
                    $MGC_HOME/shared/include/tlm_core/tlm_1/tlm_req_rsp/tlm_channels/tlm_fifo/tlm_fifo.h
                      $MGC_HOME/shared/include/tlm_core/tlm_1/tlm_req_rsp/tlm_1_interfaces/tlm_fifo_ifs.h
                        $MGC_HOME/shared/include/tlm_core/tlm_1/tlm_req_rsp/tlm_1_interfaces/tlm_core_ifs.h
                          $MGC_HOME/shared/include/tlm_core/tlm_1/tlm_req_rsp/tlm_1_interfaces/tlm_tag.h
                      $MGC_HOME/shared/include/tlm_core/tlm_1/tlm_req_rsp/tlm_channels/tlm_fifo/circular_buffer.h
                      $MGC_HOME/shared/include/tlm_core/tlm_1/tlm_req_rsp/tlm_channels/tlm_fifo/tlm_fifo_put_get.h
                      $MGC_HOME/shared/include/tlm_core/tlm_1/tlm_req_rsp/tlm_channels/tlm_fifo/tlm_fifo_peek.h
                      $MGC_HOME/shared/include/tlm_core/tlm_1/tlm_req_rsp/tlm_channels/tlm_fifo/tlm_fifo_resize.h
                $MGC_HOME/shared/include/tlm_core/tlm_1/tlm_req_rsp/tlm_req_rsp.h
                  $MGC_HOME/shared/include/tlm_core/tlm_1/tlm_req_rsp/tlm_1_interfaces/tlm_master_slave_ifs.h
                  $MGC_HOME/shared/include/tlm_core/tlm_1/tlm_req_rsp/tlm_channels/tlm_req_rsp_channels/tlm_req_rsp_channels.h
                    $MGC_HOME/shared/include/tlm_core/tlm_1/tlm_req_rsp/tlm_adapters/tlm_adapters.h
                    $MGC_HOME/shared/include/tlm_core/tlm_1/tlm_req_rsp/tlm_channels/tlm_req_rsp_channels/tlm_put_get_imp.h
                  $MGC_HOME/shared/include/tlm_core/tlm_1/tlm_req_rsp/tlm_ports/tlm_nonblocking_port.h
                    $MGC_HOME/shared/include/tlm_core/tlm_1/tlm_req_rsp/tlm_ports/tlm_event_finder.h
                $MGC_HOME/shared/include/tlm_core/tlm_2/tlm_2_interfaces/tlm_2_interfaces.h
                  $MGC_HOME/shared/include/tlm_core/tlm_2/tlm_2_interfaces/tlm_dmi.h
                    $MGC_HOME/shared/include/systemc
                  $MGC_HOME/shared/include/tlm_core/tlm_2/tlm_2_interfaces/tlm_fw_bw_ifs.h
                    $MGC_HOME/shared/include/systemc
                    $MGC_HOME/shared/include/tlm_core/tlm_2/tlm_generic_payload/tlm_generic_payload.h
                      $MGC_HOME/shared/include/tlm_core/tlm_2/tlm_generic_payload/tlm_helpers.h
                      $MGC_HOME/shared/include/tlm_core/tlm_2/tlm_generic_payload/tlm_phase.h
                        $MGC_HOME/shared/include/sysc/kernel/sc_cmnhdr.h
                      $MGC_HOME/shared/include/tlm_core/tlm_2/tlm_generic_payload/tlm_gp.h
                        $MGC_HOME/shared/include/sysc/kernel/sc_cmnhdr.h
                        $MGC_HOME/shared/include/tlm_core/tlm_2/tlm_generic_payload/tlm_array.h
                      $MGC_HOME/shared/include/tlm_core/tlm_2/tlm_generic_payload/tlm_endian_conv.h
                $MGC_HOME/shared/include/tlm_core/tlm_2/tlm_sockets/tlm_sockets.h
                  $MGC_HOME/shared/include/tlm_core/tlm_2/tlm_sockets/tlm_initiator_socket.h
                    $MGC_HOME/shared/include/tlm_core/tlm_2/tlm_sockets/tlm_base_socket_if.h
                  $MGC_HOME/shared/include/tlm_core/tlm_2/tlm_sockets/tlm_target_socket.h
                $MGC_HOME/shared/include/tlm_core/tlm_2/tlm_quantum/tlm_quantum.h
                  $MGC_HOME/shared/include/tlm_core/tlm_2/tlm_quantum/tlm_global_quantum.h
            $MGC_HOME/shared/include/ac_sc.h
              $MGC_HOME/shared/include/ac_complex.h
                $MGC_HOME/shared/include/ac_float.h
                  $MGC_HOME/shared/include/ac_fixed.h
                    $MGC_HOME/shared/include/ac_int.h
            $MGC_HOME/shared/include/mc_typeconv.h
          $MGC_HOME/shared/include/connections/connections_utils.h
            $MGC_HOME/shared/include/ac_assert.h
        $MGC_HOME/shared/pkgs/matchlib/cmod/include/nvhls_assert.h
          $MGC_HOME/shared/pkgs/matchlib/cmod/include/hls_globals.h
          $MGC_HOME/shared/include/ac_assert.h
    $MGC_HOME/shared/pkgs/matchlib/cmod/include/nvhls_types.h
    $MGC_HOME/shared/pkgs/matchlib/cmod/include/nvhls_vector.h
      $MGC_HOME/shared/pkgs/matchlib/cmod/include/hls_globals.h
      $MGC_HOME/shared/pkgs/matchlib/cmod/include/nvhls_array.h
        $MGC_HOME/shared/include/ac_assert.h
      $MGC_HOME/shared/include/ccs_p2p.h
        $MGC_HOME/shared/include/ccs_p2p/ccs_p2p_wire.h
        $MGC_HOME/shared/include/ccs_p2p/ccs_p2p_valid.h
        $MGC_HOME/shared/include/ccs_p2p/ccs_p2p_fifo.h
        $MGC_HOME/shared/include/ccs_p2p/ccs_p2p_sync.h
        $MGC_HOME/shared/include/ccs_p2p/ccs_p2p_event.h
      $MGC_HOME/shared/pkgs/matchlib/cmod/include/nvhls_message.h
        $MGC_HOME/shared/pkgs/matchlib/cmod/include/nvhls_connections_utils.h
        $MGC_HOME/shared/include/connections/message.h
    $MGC_HOME/shared/pkgs/matchlib/cmod/include/nvhls_module.h
      $MGC_HOME/shared/pkgs/matchlib/cmod/include/nvhls_trace.h
    $PROJECT_HOME/../../src/include/Spec.h
      $MGC_HOME/shared/pkgs/matchlib/cmod/include/TypeToBits.h
      $MGC_HOME/shared/include/connections/marshaller.h
        $MGC_HOME/shared/include/mc_typeconv.h
    $PROJECT_HOME/../../src/include/AxiSpec.h
      $MGC_HOME/shared/pkgs/matchlib/cmod/include/axi/AxiSplitter.h
        $MGC_HOME/shared/pkgs/matchlib/cmod/include/nvhls_connections.h
          $MGC_HOME/shared/include/connections/connections.h
            $MGC_HOME/shared/include/connections/marshaller.h
              $MGC_HOME/shared/include/mc_typeconv.h
            $MGC_HOME/shared/include/connections/connections_trace.h
              $MGC_HOME/shared/include/systemc
          $MGC_HOME/shared/pkgs/matchlib/cmod/include/nvhls_packet.h
          $MGC_HOME/shared/pkgs/matchlib/cmod/include/fifo.h
            $MGC_HOME/shared/pkgs/matchlib/cmod/include/mem_array.h
          $MGC_HOME/shared/pkgs/matchlib/cmod/include/nvhls_connections_buffered_ports.h
          $MGC_HOME/shared/pkgs/matchlib/cmod/include/nvhls_connections_network.h
            $MGC_HOME/shared/pkgs/matchlib/cmod/include/nvhls_connections.h
        $MGC_HOME/shared/pkgs/matchlib/cmod/include/nvhls_serdes.h
          $MGC_HOME/shared/pkgs/matchlib/cmod/include/hls_globals.h
        $MGC_HOME/shared/pkgs/matchlib/cmod/include/axi/axi4.h
          $MGC_HOME/shared/include/systemc
          $MGC_HOME/shared/include/auto_gen_fields.h
            /cad/xilinx/vitis/2020.1/Vitis/2020.1/cardano/tps/boost_1_64_0/boost/preprocessor/list/for_each.hpp
              /cad/xilinx/vitis/2020.1/Vitis/2020.1/cardano/tps/boost_1_64_0/boost/preprocessor/config/config.hpp
              /cad/xilinx/vitis/2020.1/Vitis/2020.1/cardano/tps/boost_1_64_0/boost/preprocessor/list/for_each_i.hpp
                /cad/xilinx/vitis/2020.1/Vitis/2020.1/cardano/tps/boost_1_64_0/boost/preprocessor/arithmetic/inc.hpp
                  /cad/xilinx/vitis/2020.1/Vitis/2020.1/cardano/tps/boost_1_64_0/boost/preprocessor/config/config.hpp
                /cad/xilinx/vitis/2020.1/Vitis/2020.1/cardano/tps/boost_1_64_0/boost/preprocessor/list/adt.hpp
                  /cad/xilinx/vitis/2020.1/Vitis/2020.1/cardano/tps/boost_1_64_0/boost/preprocessor/config/config.hpp
                  /cad/xilinx/vitis/2020.1/Vitis/2020.1/cardano/tps/boost_1_64_0/boost/preprocessor/detail/is_binary.hpp
                    /cad/xilinx/vitis/2020.1/Vitis/2020.1/cardano/tps/boost_1_64_0/boost/preprocessor/config/config.hpp
                    /cad/xilinx/vitis/2020.1/Vitis/2020.1/cardano/tps/boost_1_64_0/boost/preprocessor/detail/check.hpp
                      /cad/xilinx/vitis/2020.1/Vitis/2020.1/cardano/tps/boost_1_64_0/boost/preprocessor/cat.hpp
                        /cad/xilinx/vitis/2020.1/Vitis/2020.1/cardano/tps/boost_1_64_0/boost/preprocessor/config/config.hpp
                  /cad/xilinx/vitis/2020.1/Vitis/2020.1/cardano/tps/boost_1_64_0/boost/preprocessor/logical/compl.hpp
                    /cad/xilinx/vitis/2020.1/Vitis/2020.1/cardano/tps/boost_1_64_0/boost/preprocessor/config/config.hpp
                  /cad/xilinx/vitis/2020.1/Vitis/2020.1/cardano/tps/boost_1_64_0/boost/preprocessor/tuple/eat.hpp
                    /cad/xilinx/vitis/2020.1/Vitis/2020.1/cardano/tps/boost_1_64_0/boost/preprocessor/config/config.hpp
                /cad/xilinx/vitis/2020.1/Vitis/2020.1/cardano/tps/boost_1_64_0/boost/preprocessor/repetition/for.hpp
                  /cad/xilinx/vitis/2020.1/Vitis/2020.1/cardano/tps/boost_1_64_0/boost/preprocessor/cat.hpp
                  /cad/xilinx/vitis/2020.1/Vitis/2020.1/cardano/tps/boost_1_64_0/boost/preprocessor/debug/error.hpp
                    /cad/xilinx/vitis/2020.1/Vitis/2020.1/cardano/tps/boost_1_64_0/boost/preprocessor/cat.hpp
                    /cad/xilinx/vitis/2020.1/Vitis/2020.1/cardano/tps/boost_1_64_0/boost/preprocessor/config/config.hpp
                  /cad/xilinx/vitis/2020.1/Vitis/2020.1/cardano/tps/boost_1_64_0/boost/preprocessor/facilities/empty.hpp
                    /cad/xilinx/vitis/2020.1/Vitis/2020.1/cardano/tps/boost_1_64_0/boost/preprocessor/config/config.hpp
                  /cad/xilinx/vitis/2020.1/Vitis/2020.1/cardano/tps/boost_1_64_0/boost/preprocessor/logical/bool.hpp
                    /cad/xilinx/vitis/2020.1/Vitis/2020.1/cardano/tps/boost_1_64_0/boost/preprocessor/config/config.hpp
                  /cad/xilinx/vitis/2020.1/Vitis/2020.1/cardano/tps/boost_1_64_0/boost/preprocessor/detail/auto_rec.hpp
                    /cad/xilinx/vitis/2020.1/Vitis/2020.1/cardano/tps/boost_1_64_0/boost/preprocessor/config/config.hpp
                    /cad/xilinx/vitis/2020.1/Vitis/2020.1/cardano/tps/boost_1_64_0/boost/preprocessor/control/iif.hpp
                      /cad/xilinx/vitis/2020.1/Vitis/2020.1/cardano/tps/boost_1_64_0/boost/preprocessor/config/config.hpp
                  /cad/xilinx/vitis/2020.1/Vitis/2020.1/cardano/tps/boost_1_64_0/boost/preprocessor/repetition/detail/edg/for.hpp
                    /cad/xilinx/vitis/2020.1/Vitis/2020.1/cardano/tps/boost_1_64_0/boost/preprocessor/control/if.hpp
                      /cad/xilinx/vitis/2020.1/Vitis/2020.1/cardano/tps/boost_1_64_0/boost/preprocessor/config/config.hpp
                      /cad/xilinx/vitis/2020.1/Vitis/2020.1/cardano/tps/boost_1_64_0/boost/preprocessor/control/iif.hpp
                      /cad/xilinx/vitis/2020.1/Vitis/2020.1/cardano/tps/boost_1_64_0/boost/preprocessor/logical/bool.hpp
                    /cad/xilinx/vitis/2020.1/Vitis/2020.1/cardano/tps/boost_1_64_0/boost/preprocessor/tuple/eat.hpp
                /cad/xilinx/vitis/2020.1/Vitis/2020.1/cardano/tps/boost_1_64_0/boost/preprocessor/tuple/elem.hpp
              /cad/xilinx/vitis/2020.1/Vitis/2020.1/cardano/tps/boost_1_64_0/boost/preprocessor/tuple/rem.hpp
            /cad/xilinx/vitis/2020.1/Vitis/2020.1/cardano/tps/boost_1_64_0/boost/preprocessor/tuple/to_list.hpp
              /cad/xilinx/vitis/2020.1/Vitis/2020.1/cardano/tps/boost_1_64_0/boost/preprocessor/cat.hpp
              /cad/xilinx/vitis/2020.1/Vitis/2020.1/cardano/tps/boost_1_64_0/boost/preprocessor/config/config.hpp
              /cad/xilinx/vitis/2020.1/Vitis/2020.1/cardano/tps/boost_1_64_0/boost/preprocessor/facilities/overload.hpp
              /cad/xilinx/vitis/2020.1/Vitis/2020.1/cardano/tps/boost_1_64_0/boost/preprocessor/tuple/size.hpp
                /cad/xilinx/vitis/2020.1/Vitis/2020.1/cardano/tps/boost_1_64_0/boost/preprocessor/cat.hpp
                /cad/xilinx/vitis/2020.1/Vitis/2020.1/cardano/tps/boost_1_64_0/boost/preprocessor/config/config.hpp
                /cad/xilinx/vitis/2020.1/Vitis/2020.1/cardano/tps/boost_1_64_0/boost/preprocessor/variadic/size.hpp
            $MGC_HOME/shared/include/connections/marshaller.h
              $MGC_HOME/shared/include/mc_typeconv.h
            $MGC_HOME/shared/pkgs/matchlib/cmod/include/UIntOrEmpty.h
              $MGC_HOME/shared/include/systemc
          $MGC_HOME/shared/pkgs/matchlib/cmod/include/axi/axi4_encoding.h
          $MGC_HOME/shared/pkgs/matchlib/cmod/include/axi/axi4_configs.h
        $MGC_HOME/shared/pkgs/matchlib/cmod/include/Arbiter.h
      $MGC_HOME/shared/pkgs/matchlib/cmod/include/axi/AxiSubordinateToReadyValid.h
        $MGC_HOME/shared/pkgs/matchlib/cmod/include/hls_globals.h
        $MGC_HOME/shared/pkgs/matchlib/cmod/include/axi/AxiSubordinateToReadyValid/testbench/RVSink.h
          $MGC_HOME/shared/pkgs/matchlib/cmod/include/axi/AxiSubordinateToReadyValid.h
    $PROJECT_HOME/../../src/Top/GBPartition/GBPartition.h
      $PROJECT_HOME/../../src/Top/GBPartition/GBModule/GBModule.h
        $MGC_HOME/shared/pkgs/matchlib/cmod/include/ArbitratedScratchpadDP.h
          $MGC_HOME/shared/pkgs/matchlib/cmod/include/arbitrated_crossbar.h
            $MGC_HOME/shared/pkgs/matchlib/cmod/include/one_hot_to_bin.h
            $MGC_HOME/shared/pkgs/matchlib/cmod/include/hls_globals.h
          $MGC_HOME/shared/pkgs/matchlib/cmod/include/crossbar.h
        $PROJECT_HOME/../../src/Top/GBPartition/GBModule/GBCore/GBCore.h
          $PROJECT_HOME/../../src/include/GBSpec.h
        $PROJECT_HOME/../../src/Top/GBPartition/GBModule/GBControl/GBControl.h
        $PROJECT_HOME/../../src/Top/GBPartition/GBModule/NMP/NMP.h
          $MGC_HOME/shared/include/ac_math.h
            $MGC_HOME/shared/include/ac_math/ac_abs.h
              $MGC_HOME/shared/include/ac_math/ac_sqrt_pwl.h
                $MGC_HOME/shared/include/ac_std_float.h
                $MGC_HOME/shared/include/ac_math/ac_shift.h
                $MGC_HOME/shared/include/ac_math/ac_normalize.h
            $MGC_HOME/shared/include/ac_math/ac_arccos_cordic.h
            $MGC_HOME/shared/include/ac_math/ac_arcsin_cordic.h
            $MGC_HOME/shared/include/ac_math/ac_atan_pwl.h
              $MGC_HOME/shared/include/ac_math/ac_reciprocal_pwl.h
            $MGC_HOME/shared/include/ac_math/ac_atan_pwl_ha.h
              $MGC_HOME/shared/include/ac_math/ac_reciprocal_pwl_ha.h
            $MGC_HOME/shared/include/ac_math/ac_atan2_cordic.h
            $MGC_HOME/shared/include/ac_math/ac_barrel_shift.h
            $MGC_HOME/shared/include/ac_math/ac_div.h
            $MGC_HOME/shared/include/ac_math/ac_hcordic.h
            $MGC_HOME/shared/include/ac_math/ac_inverse_sqrt_pwl.h
            $MGC_HOME/shared/include/ac_math/ac_log_pwl.h
            $MGC_HOME/shared/include/ac_math/ac_pow_pwl.h
            $MGC_HOME/shared/include/ac_math/ac_sigmoid_pwl.h
            $MGC_HOME/shared/include/ac_math/ac_sincos_cordic.h
            $MGC_HOME/shared/include/ac_math/ac_sincos_lut.h
            $MGC_HOME/shared/include/ac_math/ac_sqrt.h
            $MGC_HOME/shared/include/ac_math/ac_tan_pwl.h
            $MGC_HOME/shared/include/ac_math/ac_tanh_pwl.h
            $MGC_HOME/shared/include/ac_math/ac_softmax_pwl.h
            $MGC_HOME/shared/include/ac_float_add_tree.h
          $PROJECT_HOME/../../src/include/NMPSpec.h
    $PROJECT_HOME/../../src/Top/PEPartition/PEPartition.h
      $PROJECT_HOME/../../src/Top/PEPartition/PEModule/PEModule.h
        $PROJECT_HOME/../../src/Top/PEPartition/PEModule/PECore/PECore.h
          $PROJECT_HOME/../../src/Top/PEPartition/PEModule/PECore/Datapath/Datapath.h
          $PROJECT_HOME/../../src/include/PECoreSpec.h
        $PROJECT_HOME/../../src/Top/PEPartition/PEModule/ActUnit/ActUnit.h
          $PROJECT_HOME/../../src/include/ActUnitSpec.h
          $PROJECT_HOME/../../src/include/PPU.h
    $PROJECT_HOME/../../src/Top/DataBus/DataBus.h
  $PROJECT_HOME/../../src/Top/testbench.cpp

Processes/Blocks in Design
  Process                                                    Real Operation(s) count Latency Throughput Reset Length II Comments 
  ---------------------------------------------------------- ----------------------- ------- ---------- ------------ -- --------
  /Top/Interrupt/run_interrupt                                                     3      11         13            1  0          
  /Top/GBRecv/Run                                                                112       1          4            1  0          
  /Top/GBSend/Run                                                                 15       0          2            1  0          
  /Top/PEDone/RecvPEDone                                                           2       1          1            1  0          
  /Top/PEDone/SendAllDone                                                          7      10         10            1  0          
  /Top/PEStart/RecvAllStart                                                        2       1          1            1  0          
  /Top/PEStart/SendPEStart                                                        23       0          1            1  0          
  /Top/AxiSplitter<spec::Axi::axiCfg,2,32,false,false>/run_r                      67       1          2            1  0          
  /Top/AxiSplitter<spec::Axi::axiCfg,2,32,false,false>/run_w                      92       1          2            1  0          
  Design Total:                                                                  323     118         57            1  0          
  
Clock Information
  Clock Signal Edge   Period Sharing Alloc (%) Uncertainty Used by Processes/Blocks                                                                                                                                                                                                                                                             
  ------------ ------ ------ ----------------- ----------- ------------------------------------------------------------------------------------------------------------------------------------------------------------------------------------------------------------------------------------------------------------------------------------
  clk          rising  4.000             20.00    0.000000 /Top/Interrupt/run_interrupt /Top/GBRecv/Run /Top/GBSend/Run /Top/PEDone/RecvPEDone /Top/PEDone/SendAllDone /Top/PEStart/RecvAllStart /Top/PEStart/SendPEStart /Top/AxiSplitter<spec::Axi::axiCfg,2,32,false,false>/run_r /Top/AxiSplitter<spec::Axi::axiCfg,2,32,false,false>/run_w 
  
I/O Data Ranges
  Port             Mode DeclType DeclWidth DeclRange ActType ActWidth ActRange 
  ---------------- ---- -------- --------- --------- ------- -------- --------
  clk              IN   Unsigned         1                                     
  rst              IN   Unsigned         1                                     
  if_axi_rd.ar.vld IN   Unsigned         1                                     
  if_axi_rd.ar.dat IN   Unsigned        50                                     
  if_axi_rd.r.rdy  IN   Unsigned         1                                     
  if_axi_wr.aw.vld IN   Unsigned         1                                     
  if_axi_wr.aw.dat IN   Unsigned        50                                     
  if_axi_wr.w.vld  IN   Unsigned         1                                     
  if_axi_wr.w.dat  IN   Unsigned       145                                     
  if_axi_wr.b.rdy  IN   Unsigned         1                                     
  interrupt        OUT  Unsigned         1                                     
  if_axi_rd.ar.rdy OUT  Unsigned         1                                     
  if_axi_rd.r.vld  OUT  Unsigned         1                                     
  if_axi_rd.r.dat  OUT  Unsigned       141                                     
  if_axi_wr.aw.rdy OUT  Unsigned         1                                     
  if_axi_wr.w.rdy  OUT  Unsigned         1                                     
  if_axi_wr.b.vld  OUT  Unsigned         1                                     
  if_axi_wr.b.dat  OUT  Unsigned        12                                     
  
Memory Resources
  Resource Name: /Top/Connections::InBlocking<axi::axi4<spec::Axi::axiCfg>::AddrPayload,Connections::SYN_PORT>::PopNB/data.id:rsc
    Memory Component: mgc_out_dreg                 Size:         1 x 10
    External:         true                         Packing Mode: sidebyside
    Memory Map:
    Variable                                                                                                     Indices Phys Memory Address     
    ------------------------------------------------------------------------------------------------------------ ------- -----------------------
    /Top/Connections::InBlocking<axi::axi4<spec::Axi::axiCfg>::AddrPayload,Connections::SYN_PORT>::PopNB/data.id     0:9 00000000-00000000 (0-0) 
    
  Resource Name: /Top/Connections::InBlocking<axi::axi4<spec::Axi::axiCfg>::AddrPayload,Connections::SYN_PORT>::PopNB/data.addr:rsc
    Memory Component: mgc_out_dreg                 Size:         1 x 32
    External:         true                         Packing Mode: sidebyside
    Memory Map:
    Variable                                                                                                       Indices Phys Memory Address     
    -------------------------------------------------------------------------------------------------------------- ------- -----------------------
    /Top/Connections::InBlocking<axi::axi4<spec::Axi::axiCfg>::AddrPayload,Connections::SYN_PORT>::PopNB/data.addr    0:31 00000000-00000000 (0-0) 
    
  Resource Name: /Top/Connections::InBlocking<axi::axi4<spec::Axi::axiCfg>::AddrPayload,Connections::SYN_PORT>::PopNB/data.len:rsc
    Memory Component: mgc_out_dreg                 Size:         1 x 8
    External:         true                         Packing Mode: sidebyside
    Memory Map:
    Variable                                                                                                      Indices Phys Memory Address     
    ------------------------------------------------------------------------------------------------------------- ------- -----------------------
    /Top/Connections::InBlocking<axi::axi4<spec::Axi::axiCfg>::AddrPayload,Connections::SYN_PORT>::PopNB/data.len     0:7 00000000-00000000 (0-0) 
    
  Resource Name: /Top/Connections::InBlocking<axi::axi4<spec::Axi::axiCfg>::AddrPayload,Connections::SYN_PORT>::PopNB/do_wait:rsc
    Memory Component: ccs_in                       Size:         1 x 1
    External:         true                         Packing Mode: sidebyside
    Memory Map:
    Variable                                                                                                     Indices Phys Memory Address     
    ------------------------------------------------------------------------------------------------------------ ------- -----------------------
    /Top/Connections::InBlocking<axi::axi4<spec::Axi::axiCfg>::AddrPayload,Connections::SYN_PORT>::PopNB/do_wait     0:0 00000000-00000000 (0-0) 
    
  Resource Name: /Top/Connections::InBlocking<axi::axi4<spec::Axi::axiCfg>::AddrPayload,Connections::SYN_PORT>::PopNB/return:rsc
    Memory Component: mgc_out_dreg                 Size:         1 x 1
    External:         true                         Packing Mode: sidebyside
    Memory Map:
    Variable                                                                                                    Indices Phys Memory Address     
    ----------------------------------------------------------------------------------------------------------- ------- -----------------------
    /Top/Connections::InBlocking<axi::axi4<spec::Axi::axiCfg>::AddrPayload,Connections::SYN_PORT>::PopNB/return     0:0 00000000-00000000 (0-0) 
    
  Resource Name: /Top/Connections::InBlocking<axi::axi4<spec::Axi::axiCfg>::AddrPayload,Connections::SYN_PORT>::PopNB/ccs_ccore_start:rsc
    Memory Component: ccs_in                       Size:         1 x 1
    External:         true                         Packing Mode: sidebyside
    Memory Map:
    Variable                                                                                                             Indices Phys Memory Address     
    -------------------------------------------------------------------------------------------------------------------- ------- -----------------------
    /Top/Connections::InBlocking<axi::axi4<spec::Axi::axiCfg>::AddrPayload,Connections::SYN_PORT>::PopNB/ccs_ccore_start     0:0 00000000-00000000 (0-0) 
    
  Resource Name: /Top/Connections::OutBlocking<axi::axi4<spec::Axi::axiCfg>::AddrPayload,Connections::SYN_PORT>::Push/m.id:rsc
    Memory Component: ccs_in                       Size:         1 x 10
    External:         true                         Packing Mode: sidebyside
    Memory Map:
    Variable                                                                                                  Indices Phys Memory Address     
    --------------------------------------------------------------------------------------------------------- ------- -----------------------
    /Top/Connections::OutBlocking<axi::axi4<spec::Axi::axiCfg>::AddrPayload,Connections::SYN_PORT>::Push/m.id     0:9 00000000-00000000 (0-0) 
    
  Resource Name: /Top/Connections::OutBlocking<axi::axi4<spec::Axi::axiCfg>::AddrPayload,Connections::SYN_PORT>::Push/m.addr:rsc
    Memory Component: ccs_in                       Size:         1 x 32
    External:         true                         Packing Mode: sidebyside
    Memory Map:
    Variable                                                                                                    Indices Phys Memory Address     
    ----------------------------------------------------------------------------------------------------------- ------- -----------------------
    /Top/Connections::OutBlocking<axi::axi4<spec::Axi::axiCfg>::AddrPayload,Connections::SYN_PORT>::Push/m.addr    0:31 00000000-00000000 (0-0) 
    
  Resource Name: /Top/Connections::OutBlocking<axi::axi4<spec::Axi::axiCfg>::AddrPayload,Connections::SYN_PORT>::Push/m.len:rsc
    Memory Component: ccs_in                       Size:         1 x 8
    External:         true                         Packing Mode: sidebyside
    Memory Map:
    Variable                                                                                                   Indices Phys Memory Address     
    ---------------------------------------------------------------------------------------------------------- ------- -----------------------
    /Top/Connections::OutBlocking<axi::axi4<spec::Axi::axiCfg>::AddrPayload,Connections::SYN_PORT>::Push/m.len     0:7 00000000-00000000 (0-0) 
    
  Resource Name: /Top/Connections::OutBlocking<axi::axi4<spec::Axi::axiCfg>::AddrPayload,Connections::SYN_PORT>::Push/ccs_ccore_start:rsc
    Memory Component: ccs_in                       Size:         1 x 1
    External:         true                         Packing Mode: sidebyside
    Memory Map:
    Variable                                                                                                             Indices Phys Memory Address     
    -------------------------------------------------------------------------------------------------------------------- ------- -----------------------
    /Top/Connections::OutBlocking<axi::axi4<spec::Axi::axiCfg>::AddrPayload,Connections::SYN_PORT>::Push/ccs_ccore_start     0:0 00000000-00000000 (0-0) 
    
  Resource Name: /Top/Connections::InBlocking<axi::axi4<spec::Axi::axiCfg>::ReadPayload,Connections::SYN_PORT>::PopNB/data.id:rsc
    Memory Component: mgc_out_dreg                 Size:         1 x 10
    External:         true                         Packing Mode: sidebyside
    Memory Map:
    Variable                                                                                                     Indices Phys Memory Address     
    ------------------------------------------------------------------------------------------------------------ ------- -----------------------
    /Top/Connections::InBlocking<axi::axi4<spec::Axi::axiCfg>::ReadPayload,Connections::SYN_PORT>::PopNB/data.id     0:9 00000000-00000000 (0-0) 
    
  Resource Name: /Top/Connections::InBlocking<axi::axi4<spec::Axi::axiCfg>::ReadPayload,Connections::SYN_PORT>::PopNB/data.data:rsc
    Memory Component: mgc_out_dreg                 Size:         1 x 128
    External:         true                         Packing Mode: sidebyside
    Memory Map:
    Variable                                                                                                       Indices Phys Memory Address     
    -------------------------------------------------------------------------------------------------------------- ------- -----------------------
    /Top/Connections::InBlocking<axi::axi4<spec::Axi::axiCfg>::ReadPayload,Connections::SYN_PORT>::PopNB/data.data   0:127 00000000-00000000 (0-0) 
    
  Resource Name: /Top/Connections::InBlocking<axi::axi4<spec::Axi::axiCfg>::ReadPayload,Connections::SYN_PORT>::PopNB/data.resp:rsc
    Memory Component: mgc_out_dreg                 Size:         1 x 2
    External:         true                         Packing Mode: sidebyside
    Memory Map:
    Variable                                                                                                       Indices Phys Memory Address     
    -------------------------------------------------------------------------------------------------------------- ------- -----------------------
    /Top/Connections::InBlocking<axi::axi4<spec::Axi::axiCfg>::ReadPayload,Connections::SYN_PORT>::PopNB/data.resp     0:1 00000000-00000000 (0-0) 
    
  Resource Name: /Top/Connections::InBlocking<axi::axi4<spec::Axi::axiCfg>::ReadPayload,Connections::SYN_PORT>::PopNB/data.last:rsc
    Memory Component: mgc_out_dreg                 Size:         1 x 1
    External:         true                         Packing Mode: sidebyside
    Memory Map:
    Variable                                                                                                       Indices Phys Memory Address     
    -------------------------------------------------------------------------------------------------------------- ------- -----------------------
    /Top/Connections::InBlocking<axi::axi4<spec::Axi::axiCfg>::ReadPayload,Connections::SYN_PORT>::PopNB/data.last     0:0 00000000-00000000 (0-0) 
    
  Resource Name: /Top/Connections::InBlocking<axi::axi4<spec::Axi::axiCfg>::ReadPayload,Connections::SYN_PORT>::PopNB/do_wait:rsc
    Memory Component: ccs_in                       Size:         1 x 1
    External:         true                         Packing Mode: sidebyside
    Memory Map:
    Variable                                                                                                     Indices Phys Memory Address     
    ------------------------------------------------------------------------------------------------------------ ------- -----------------------
    /Top/Connections::InBlocking<axi::axi4<spec::Axi::axiCfg>::ReadPayload,Connections::SYN_PORT>::PopNB/do_wait     0:0 00000000-00000000 (0-0) 
    
  Resource Name: /Top/Connections::InBlocking<axi::axi4<spec::Axi::axiCfg>::ReadPayload,Connections::SYN_PORT>::PopNB/return:rsc
    Memory Component: mgc_out_dreg                 Size:         1 x 1
    External:         true                         Packing Mode: sidebyside
    Memory Map:
    Variable                                                                                                    Indices Phys Memory Address     
    ----------------------------------------------------------------------------------------------------------- ------- -----------------------
    /Top/Connections::InBlocking<axi::axi4<spec::Axi::axiCfg>::ReadPayload,Connections::SYN_PORT>::PopNB/return     0:0 00000000-00000000 (0-0) 
    
  Resource Name: /Top/Connections::InBlocking<axi::axi4<spec::Axi::axiCfg>::ReadPayload,Connections::SYN_PORT>::PopNB/ccs_ccore_start:rsc
    Memory Component: ccs_in                       Size:         1 x 1
    External:         true                         Packing Mode: sidebyside
    Memory Map:
    Variable                                                                                                             Indices Phys Memory Address     
    -------------------------------------------------------------------------------------------------------------------- ------- -----------------------
    /Top/Connections::InBlocking<axi::axi4<spec::Axi::axiCfg>::ReadPayload,Connections::SYN_PORT>::PopNB/ccs_ccore_start     0:0 00000000-00000000 (0-0) 
    
  Resource Name: /Top/Connections::OutBlocking<axi::axi4<spec::Axi::axiCfg>::ReadPayload,Connections::SYN_PORT>::Push/m.id:rsc
    Memory Component: ccs_in                       Size:         1 x 10
    External:         true                         Packing Mode: sidebyside
    Memory Map:
    Variable                                                                                                  Indices Phys Memory Address     
    --------------------------------------------------------------------------------------------------------- ------- -----------------------
    /Top/Connections::OutBlocking<axi::axi4<spec::Axi::axiCfg>::ReadPayload,Connections::SYN_PORT>::Push/m.id     0:9 00000000-00000000 (0-0) 
    
  Resource Name: /Top/Connections::OutBlocking<axi::axi4<spec::Axi::axiCfg>::ReadPayload,Connections::SYN_PORT>::Push/m.data:rsc
    Memory Component: ccs_in                       Size:         1 x 128
    External:         true                         Packing Mode: sidebyside
    Memory Map:
    Variable                                                                                                    Indices Phys Memory Address     
    ----------------------------------------------------------------------------------------------------------- ------- -----------------------
    /Top/Connections::OutBlocking<axi::axi4<spec::Axi::axiCfg>::ReadPayload,Connections::SYN_PORT>::Push/m.data   0:127 00000000-00000000 (0-0) 
    
  Resource Name: /Top/Connections::OutBlocking<axi::axi4<spec::Axi::axiCfg>::ReadPayload,Connections::SYN_PORT>::Push/m.resp:rsc
    Memory Component: ccs_in                       Size:         1 x 2
    External:         true                         Packing Mode: sidebyside
    Memory Map:
    Variable                                                                                                    Indices Phys Memory Address     
    ----------------------------------------------------------------------------------------------------------- ------- -----------------------
    /Top/Connections::OutBlocking<axi::axi4<spec::Axi::axiCfg>::ReadPayload,Connections::SYN_PORT>::Push/m.resp     0:1 00000000-00000000 (0-0) 
    
  Resource Name: /Top/Connections::OutBlocking<axi::axi4<spec::Axi::axiCfg>::ReadPayload,Connections::SYN_PORT>::Push/m.last:rsc
    Memory Component: ccs_in                       Size:         1 x 1
    External:         true                         Packing Mode: sidebyside
    Memory Map:
    Variable                                                                                                    Indices Phys Memory Address     
    ----------------------------------------------------------------------------------------------------------- ------- -----------------------
    /Top/Connections::OutBlocking<axi::axi4<spec::Axi::axiCfg>::ReadPayload,Connections::SYN_PORT>::Push/m.last     0:0 00000000-00000000 (0-0) 
    
  Resource Name: /Top/Connections::OutBlocking<axi::axi4<spec::Axi::axiCfg>::ReadPayload,Connections::SYN_PORT>::Push/ccs_ccore_start:rsc
    Memory Component: ccs_in                       Size:         1 x 1
    External:         true                         Packing Mode: sidebyside
    Memory Map:
    Variable                                                                                                             Indices Phys Memory Address     
    -------------------------------------------------------------------------------------------------------------------- ------- -----------------------
    /Top/Connections::OutBlocking<axi::axi4<spec::Axi::axiCfg>::ReadPayload,Connections::SYN_PORT>::Push/ccs_ccore_start     0:0 00000000-00000000 (0-0) 
    
  Resource Name: /Top/Connections::InBlocking<axi::axi4<spec::Axi::axiCfg>::WritePayload,Connections::SYN_PORT>::PopNB/data.data:rsc
    Memory Component: mgc_out_dreg                 Size:         1 x 128
    External:         true                         Packing Mode: sidebyside
    Memory Map:
    Variable                                                                                                        Indices Phys Memory Address     
    --------------------------------------------------------------------------------------------------------------- ------- -----------------------
    /Top/Connections::InBlocking<axi::axi4<spec::Axi::axiCfg>::WritePayload,Connections::SYN_PORT>::PopNB/data.data   0:127 00000000-00000000 (0-0) 
    
  Resource Name: /Top/Connections::InBlocking<axi::axi4<spec::Axi::axiCfg>::WritePayload,Connections::SYN_PORT>::PopNB/data.last:rsc
    Memory Component: mgc_out_dreg                 Size:         1 x 1
    External:         true                         Packing Mode: sidebyside
    Memory Map:
    Variable                                                                                                        Indices Phys Memory Address     
    --------------------------------------------------------------------------------------------------------------- ------- -----------------------
    /Top/Connections::InBlocking<axi::axi4<spec::Axi::axiCfg>::WritePayload,Connections::SYN_PORT>::PopNB/data.last     0:0 00000000-00000000 (0-0) 
    
  Resource Name: /Top/Connections::InBlocking<axi::axi4<spec::Axi::axiCfg>::WritePayload,Connections::SYN_PORT>::PopNB/data.wstrb:rsc
    Memory Component: mgc_out_dreg                 Size:         1 x 16
    External:         true                         Packing Mode: sidebyside
    Memory Map:
    Variable                                                                                                         Indices Phys Memory Address     
    ---------------------------------------------------------------------------------------------------------------- ------- -----------------------
    /Top/Connections::InBlocking<axi::axi4<spec::Axi::axiCfg>::WritePayload,Connections::SYN_PORT>::PopNB/data.wstrb    0:15 00000000-00000000 (0-0) 
    
  Resource Name: /Top/Connections::InBlocking<axi::axi4<spec::Axi::axiCfg>::WritePayload,Connections::SYN_PORT>::PopNB/do_wait:rsc
    Memory Component: ccs_in                       Size:         1 x 1
    External:         true                         Packing Mode: sidebyside
    Memory Map:
    Variable                                                                                                      Indices Phys Memory Address     
    ------------------------------------------------------------------------------------------------------------- ------- -----------------------
    /Top/Connections::InBlocking<axi::axi4<spec::Axi::axiCfg>::WritePayload,Connections::SYN_PORT>::PopNB/do_wait     0:0 00000000-00000000 (0-0) 
    
  Resource Name: /Top/Connections::InBlocking<axi::axi4<spec::Axi::axiCfg>::WritePayload,Connections::SYN_PORT>::PopNB/return:rsc
    Memory Component: mgc_out_dreg                 Size:         1 x 1
    External:         true                         Packing Mode: sidebyside
    Memory Map:
    Variable                                                                                                     Indices Phys Memory Address     
    ------------------------------------------------------------------------------------------------------------ ------- -----------------------
    /Top/Connections::InBlocking<axi::axi4<spec::Axi::axiCfg>::WritePayload,Connections::SYN_PORT>::PopNB/return     0:0 00000000-00000000 (0-0) 
    
  Resource Name: /Top/Connections::InBlocking<axi::axi4<spec::Axi::axiCfg>::WritePayload,Connections::SYN_PORT>::PopNB/ccs_ccore_start:rsc
    Memory Component: ccs_in                       Size:         1 x 1
    External:         true                         Packing Mode: sidebyside
    Memory Map:
    Variable                                                                                                              Indices Phys Memory Address     
    --------------------------------------------------------------------------------------------------------------------- ------- -----------------------
    /Top/Connections::InBlocking<axi::axi4<spec::Axi::axiCfg>::WritePayload,Connections::SYN_PORT>::PopNB/ccs_ccore_start     0:0 00000000-00000000 (0-0) 
    
  Resource Name: /Top/Connections::OutBlocking<axi::axi4<spec::Axi::axiCfg>::WritePayload,Connections::SYN_PORT>::Push/m.data:rsc
    Memory Component: ccs_in                       Size:         1 x 128
    External:         true                         Packing Mode: sidebyside
    Memory Map:
    Variable                                                                                                     Indices Phys Memory Address     
    ------------------------------------------------------------------------------------------------------------ ------- -----------------------
    /Top/Connections::OutBlocking<axi::axi4<spec::Axi::axiCfg>::WritePayload,Connections::SYN_PORT>::Push/m.data   0:127 00000000-00000000 (0-0) 
    
  Resource Name: /Top/Connections::OutBlocking<axi::axi4<spec::Axi::axiCfg>::WritePayload,Connections::SYN_PORT>::Push/m.last:rsc
    Memory Component: ccs_in                       Size:         1 x 1
    External:         true                         Packing Mode: sidebyside
    Memory Map:
    Variable                                                                                                     Indices Phys Memory Address     
    ------------------------------------------------------------------------------------------------------------ ------- -----------------------
    /Top/Connections::OutBlocking<axi::axi4<spec::Axi::axiCfg>::WritePayload,Connections::SYN_PORT>::Push/m.last     0:0 00000000-00000000 (0-0) 
    
  Resource Name: /Top/Connections::OutBlocking<axi::axi4<spec::Axi::axiCfg>::WritePayload,Connections::SYN_PORT>::Push/m.wstrb:rsc
    Memory Component: ccs_in                       Size:         1 x 16
    External:         true                         Packing Mode: sidebyside
    Memory Map:
    Variable                                                                                                      Indices Phys Memory Address     
    ------------------------------------------------------------------------------------------------------------- ------- -----------------------
    /Top/Connections::OutBlocking<axi::axi4<spec::Axi::axiCfg>::WritePayload,Connections::SYN_PORT>::Push/m.wstrb    0:15 00000000-00000000 (0-0) 
    
  Resource Name: /Top/Connections::OutBlocking<axi::axi4<spec::Axi::axiCfg>::WritePayload,Connections::SYN_PORT>::Push/ccs_ccore_start:rsc
    Memory Component: ccs_in                       Size:         1 x 1
    External:         true                         Packing Mode: sidebyside
    Memory Map:
    Variable                                                                                                              Indices Phys Memory Address     
    --------------------------------------------------------------------------------------------------------------------- ------- -----------------------
    /Top/Connections::OutBlocking<axi::axi4<spec::Axi::axiCfg>::WritePayload,Connections::SYN_PORT>::Push/ccs_ccore_start     0:0 00000000-00000000 (0-0) 
    
  Resource Name: /Top/Connections::InBlocking<axi::axi4<spec::Axi::axiCfg>::WRespPayload,Connections::SYN_PORT>::PopNB/data.id:rsc
    Memory Component: mgc_out_dreg                 Size:         1 x 10
    External:         true                         Packing Mode: sidebyside
    Memory Map:
    Variable                                                                                                      Indices Phys Memory Address     
    ------------------------------------------------------------------------------------------------------------- ------- -----------------------
    /Top/Connections::InBlocking<axi::axi4<spec::Axi::axiCfg>::WRespPayload,Connections::SYN_PORT>::PopNB/data.id     0:9 00000000-00000000 (0-0) 
    
  Resource Name: /Top/Connections::InBlocking<axi::axi4<spec::Axi::axiCfg>::WRespPayload,Connections::SYN_PORT>::PopNB/data.resp:rsc
    Memory Component: mgc_out_dreg                 Size:         1 x 2
    External:         true                         Packing Mode: sidebyside
    Memory Map:
    Variable                                                                                                        Indices Phys Memory Address     
    --------------------------------------------------------------------------------------------------------------- ------- -----------------------
    /Top/Connections::InBlocking<axi::axi4<spec::Axi::axiCfg>::WRespPayload,Connections::SYN_PORT>::PopNB/data.resp     0:1 00000000-00000000 (0-0) 
    
  Resource Name: /Top/Connections::InBlocking<axi::axi4<spec::Axi::axiCfg>::WRespPayload,Connections::SYN_PORT>::PopNB/do_wait:rsc
    Memory Component: ccs_in                       Size:         1 x 1
    External:         true                         Packing Mode: sidebyside
    Memory Map:
    Variable                                                                                                      Indices Phys Memory Address     
    ------------------------------------------------------------------------------------------------------------- ------- -----------------------
    /Top/Connections::InBlocking<axi::axi4<spec::Axi::axiCfg>::WRespPayload,Connections::SYN_PORT>::PopNB/do_wait     0:0 00000000-00000000 (0-0) 
    
  Resource Name: /Top/Connections::InBlocking<axi::axi4<spec::Axi::axiCfg>::WRespPayload,Connections::SYN_PORT>::PopNB/return:rsc
    Memory Component: mgc_out_dreg                 Size:         1 x 1
    External:         true                         Packing Mode: sidebyside
    Memory Map:
    Variable                                                                                                     Indices Phys Memory Address     
    ------------------------------------------------------------------------------------------------------------ ------- -----------------------
    /Top/Connections::InBlocking<axi::axi4<spec::Axi::axiCfg>::WRespPayload,Connections::SYN_PORT>::PopNB/return     0:0 00000000-00000000 (0-0) 
    
  Resource Name: /Top/Connections::InBlocking<axi::axi4<spec::Axi::axiCfg>::WRespPayload,Connections::SYN_PORT>::PopNB/ccs_ccore_start:rsc
    Memory Component: ccs_in                       Size:         1 x 1
    External:         true                         Packing Mode: sidebyside
    Memory Map:
    Variable                                                                                                              Indices Phys Memory Address     
    --------------------------------------------------------------------------------------------------------------------- ------- -----------------------
    /Top/Connections::InBlocking<axi::axi4<spec::Axi::axiCfg>::WRespPayload,Connections::SYN_PORT>::PopNB/ccs_ccore_start     0:0 00000000-00000000 (0-0) 
    
  Resource Name: /Top/Connections::OutBlocking<axi::axi4<spec::Axi::axiCfg>::WRespPayload,Connections::SYN_PORT>::Push/m.id:rsc
    Memory Component: ccs_in                       Size:         1 x 10
    External:         true                         Packing Mode: sidebyside
    Memory Map:
    Variable                                                                                                   Indices Phys Memory Address     
    ---------------------------------------------------------------------------------------------------------- ------- -----------------------
    /Top/Connections::OutBlocking<axi::axi4<spec::Axi::axiCfg>::WRespPayload,Connections::SYN_PORT>::Push/m.id     0:9 00000000-00000000 (0-0) 
    
  Resource Name: /Top/Connections::OutBlocking<axi::axi4<spec::Axi::axiCfg>::WRespPayload,Connections::SYN_PORT>::Push/m.resp:rsc
    Memory Component: ccs_in                       Size:         1 x 2
    External:         true                         Packing Mode: sidebyside
    Memory Map:
    Variable                                                                                                     Indices Phys Memory Address     
    ------------------------------------------------------------------------------------------------------------ ------- -----------------------
    /Top/Connections::OutBlocking<axi::axi4<spec::Axi::axiCfg>::WRespPayload,Connections::SYN_PORT>::Push/m.resp     0:1 00000000-00000000 (0-0) 
    
  Resource Name: /Top/Connections::OutBlocking<axi::axi4<spec::Axi::axiCfg>::WRespPayload,Connections::SYN_PORT>::Push/ccs_ccore_start:rsc
    Memory Component: ccs_in                       Size:         1 x 1
    External:         true                         Packing Mode: sidebyside
    Memory Map:
    Variable                                                                                                              Indices Phys Memory Address     
    --------------------------------------------------------------------------------------------------------------------- ------- -----------------------
    /Top/Connections::OutBlocking<axi::axi4<spec::Axi::axiCfg>::WRespPayload,Connections::SYN_PORT>::Push/ccs_ccore_start     0:0 00000000-00000000 (0-0) 
    
  Resource Name: /Top/Connections::InBlocking<bool,Connections::SYN_PORT>::PopNB/data:rsc
    Memory Component: mgc_out_dreg                 Size:         1 x 1
    External:         true                         Packing Mode: sidebyside
    Memory Map:
    Variable                                                             Indices Phys Memory Address     
    -------------------------------------------------------------------- ------- -----------------------
    /Top/Connections::InBlocking<bool,Connections::SYN_PORT>::PopNB/data     0:0 00000000-00000000 (0-0) 
    
  Resource Name: /Top/Connections::InBlocking<bool,Connections::SYN_PORT>::PopNB/do_wait:rsc
    Memory Component: ccs_in                       Size:         1 x 1
    External:         true                         Packing Mode: sidebyside
    Memory Map:
    Variable                                                                Indices Phys Memory Address     
    ----------------------------------------------------------------------- ------- -----------------------
    /Top/Connections::InBlocking<bool,Connections::SYN_PORT>::PopNB/do_wait     0:0 00000000-00000000 (0-0) 
    
  Resource Name: /Top/Connections::InBlocking<bool,Connections::SYN_PORT>::PopNB/return:rsc
    Memory Component: mgc_out_dreg                 Size:         1 x 1
    External:         true                         Packing Mode: sidebyside
    Memory Map:
    Variable                                                               Indices Phys Memory Address     
    ---------------------------------------------------------------------- ------- -----------------------
    /Top/Connections::InBlocking<bool,Connections::SYN_PORT>::PopNB/return     0:0 00000000-00000000 (0-0) 
    
  Resource Name: /Top/Connections::InBlocking<bool,Connections::SYN_PORT>::PopNB/ccs_ccore_start:rsc
    Memory Component: ccs_in                       Size:         1 x 1
    External:         true                         Packing Mode: sidebyside
    Memory Map:
    Variable                                                                        Indices Phys Memory Address     
    ------------------------------------------------------------------------------- ------- -----------------------
    /Top/Connections::InBlocking<bool,Connections::SYN_PORT>::PopNB/ccs_ccore_start     0:0 00000000-00000000 (0-0) 
    
  Resource Name: /Top/Connections::Combinational<bool,Connections::SYN_PORT>::Push/m:rsc
    Memory Component: ccs_in                       Size:         1 x 1
    External:         true                         Packing Mode: sidebyside
    Memory Map:
    Variable                                                            Indices Phys Memory Address     
    ------------------------------------------------------------------- ------- -----------------------
    /Top/Connections::Combinational<bool,Connections::SYN_PORT>::Push/m     0:0 00000000-00000000 (0-0) 
    
  Resource Name: /Top/Connections::Combinational<bool,Connections::SYN_PORT>::Push/ccs_ccore_start:rsc
    Memory Component: ccs_in                       Size:         1 x 1
    External:         true                         Packing Mode: sidebyside
    Memory Map:
    Variable                                                                          Indices Phys Memory Address     
    --------------------------------------------------------------------------------- ------- -----------------------
    /Top/Connections::Combinational<bool,Connections::SYN_PORT>::Push/ccs_ccore_start     0:0 00000000-00000000 (0-0) 
    
  Resource Name: /Top/Connections::OutBlocking<bool,Connections::SYN_PORT>::PushNB/m:rsc
    Memory Component: ccs_in                       Size:         1 x 1
    External:         true                         Packing Mode: sidebyside
    Memory Map:
    Variable                                                            Indices Phys Memory Address     
    ------------------------------------------------------------------- ------- -----------------------
    /Top/Connections::OutBlocking<bool,Connections::SYN_PORT>::PushNB/m     0:0 00000000-00000000 (0-0) 
    
  Resource Name: /Top/Connections::OutBlocking<bool,Connections::SYN_PORT>::PushNB/do_wait:rsc
    Memory Component: ccs_in                       Size:         1 x 1
    External:         true                         Packing Mode: sidebyside
    Memory Map:
    Variable                                                                  Indices Phys Memory Address     
    ------------------------------------------------------------------------- ------- -----------------------
    /Top/Connections::OutBlocking<bool,Connections::SYN_PORT>::PushNB/do_wait     0:0 00000000-00000000 (0-0) 
    
  Resource Name: /Top/Connections::OutBlocking<bool,Connections::SYN_PORT>::PushNB/return:rsc
    Memory Component: mgc_out_dreg                 Size:         1 x 1
    External:         true                         Packing Mode: sidebyside
    Memory Map:
    Variable                                                                 Indices Phys Memory Address     
    ------------------------------------------------------------------------ ------- -----------------------
    /Top/Connections::OutBlocking<bool,Connections::SYN_PORT>::PushNB/return     0:0 00000000-00000000 (0-0) 
    
  Resource Name: /Top/Connections::OutBlocking<bool,Connections::SYN_PORT>::PushNB/ccs_ccore_start:rsc
    Memory Component: ccs_in                       Size:         1 x 1
    External:         true                         Packing Mode: sidebyside
    Memory Map:
    Variable                                                                          Indices Phys Memory Address     
    --------------------------------------------------------------------------------- ------- -----------------------
    /Top/Connections::OutBlocking<bool,Connections::SYN_PORT>::PushNB/ccs_ccore_start     0:0 00000000-00000000 (0-0) 
    
  Resource Name: /Top/Connections::Combinational<bool,Connections::SYN_PORT>::PopNB/data:rsc
    Memory Component: mgc_out_dreg                 Size:         1 x 1
    External:         true                         Packing Mode: sidebyside
    Memory Map:
    Variable                                                                Indices Phys Memory Address     
    ----------------------------------------------------------------------- ------- -----------------------
    /Top/Connections::Combinational<bool,Connections::SYN_PORT>::PopNB/data     0:0 00000000-00000000 (0-0) 
    
  Resource Name: /Top/Connections::Combinational<bool,Connections::SYN_PORT>::PopNB/return:rsc
    Memory Component: mgc_out_dreg                 Size:         1 x 1
    External:         true                         Packing Mode: sidebyside
    Memory Map:
    Variable                                                                  Indices Phys Memory Address     
    ------------------------------------------------------------------------- ------- -----------------------
    /Top/Connections::Combinational<bool,Connections::SYN_PORT>::PopNB/return     0:0 00000000-00000000 (0-0) 
    
  Resource Name: /Top/Connections::Combinational<bool,Connections::SYN_PORT>::PopNB/ccs_ccore_start:rsc
    Memory Component: ccs_in                       Size:         1 x 1
    External:         true                         Packing Mode: sidebyside
    Memory Map:
    Variable                                                                           Indices Phys Memory Address     
    ---------------------------------------------------------------------------------- ------- -----------------------
    /Top/Connections::Combinational<bool,Connections::SYN_PORT>::PopNB/ccs_ccore_start     0:0 00000000-00000000 (0-0) 
    
  Resource Name: /Top/Connections::Combinational<bool,Connections::SYN_PORT>::Pop/return:rsc
    Memory Component: mgc_out_dreg                 Size:         1 x 1
    External:         true                         Packing Mode: sidebyside
    Memory Map:
    Variable                                                                Indices Phys Memory Address     
    ----------------------------------------------------------------------- ------- -----------------------
    /Top/Connections::Combinational<bool,Connections::SYN_PORT>::Pop/return     0:0 00000000-00000000 (0-0) 
    
  Resource Name: /Top/Connections::Combinational<bool,Connections::SYN_PORT>::Pop/ccs_ccore_start:rsc
    Memory Component: ccs_in                       Size:         1 x 1
    External:         true                         Packing Mode: sidebyside
    Memory Map:
    Variable                                                                         Indices Phys Memory Address     
    -------------------------------------------------------------------------------- ------- -----------------------
    /Top/Connections::Combinational<bool,Connections::SYN_PORT>::Pop/ccs_ccore_start     0:0 00000000-00000000 (0-0) 
    
  Resource Name: /Top/Connections::OutBlocking<bool,Connections::SYN_PORT>::Push/m:rsc
    Memory Component: ccs_in                       Size:         1 x 1
    External:         true                         Packing Mode: sidebyside
    Memory Map:
    Variable                                                          Indices Phys Memory Address     
    ----------------------------------------------------------------- ------- -----------------------
    /Top/Connections::OutBlocking<bool,Connections::SYN_PORT>::Push/m     0:0 00000000-00000000 (0-0) 
    
  Resource Name: /Top/Connections::OutBlocking<bool,Connections::SYN_PORT>::Push/ccs_ccore_start:rsc
    Memory Component: ccs_in                       Size:         1 x 1
    External:         true                         Packing Mode: sidebyside
    Memory Map:
    Variable                                                                        Indices Phys Memory Address     
    ------------------------------------------------------------------------------- ------- -----------------------
    /Top/Connections::OutBlocking<bool,Connections::SYN_PORT>::Push/ccs_ccore_start     0:0 00000000-00000000 (0-0) 
    
  Resource Name: /Top/Connections::OutBlocking<spec::StreamType,Connections::SYN_PORT>::PushNB/m.data.data:rsc
    Memory Component: ccs_in                       Size:         1 x 128
    External:         true                         Packing Mode: sidebyside
    Memory Map:
    Variable                                                                                  Indices Phys Memory Address     
    ----------------------------------------------------------------------------------------- ------- -----------------------
    /Top/Connections::OutBlocking<spec::StreamType,Connections::SYN_PORT>::PushNB/m.data.data   0:127 00000000-00000000 (0-0) 
    
  Resource Name: /Top/Connections::OutBlocking<spec::StreamType,Connections::SYN_PORT>::PushNB/m.index:rsc
    Memory Component: ccs_in                       Size:         1 x 2
    External:         true                         Packing Mode: sidebyside
    Memory Map:
    Variable                                                                              Indices Phys Memory Address     
    ------------------------------------------------------------------------------------- ------- -----------------------
    /Top/Connections::OutBlocking<spec::StreamType,Connections::SYN_PORT>::PushNB/m.index     0:1 00000000-00000000 (0-0) 
    
  Resource Name: /Top/Connections::OutBlocking<spec::StreamType,Connections::SYN_PORT>::PushNB/m.logical_addr:rsc
    Memory Component: ccs_in                       Size:         1 x 8
    External:         true                         Packing Mode: sidebyside
    Memory Map:
    Variable                                                                                     Indices Phys Memory Address     
    -------------------------------------------------------------------------------------------- ------- -----------------------
    /Top/Connections::OutBlocking<spec::StreamType,Connections::SYN_PORT>::PushNB/m.logical_addr     0:7 00000000-00000000 (0-0) 
    
  Resource Name: /Top/Connections::OutBlocking<spec::StreamType,Connections::SYN_PORT>::PushNB/do_wait:rsc
    Memory Component: ccs_in                       Size:         1 x 1
    External:         true                         Packing Mode: sidebyside
    Memory Map:
    Variable                                                                              Indices Phys Memory Address     
    ------------------------------------------------------------------------------------- ------- -----------------------
    /Top/Connections::OutBlocking<spec::StreamType,Connections::SYN_PORT>::PushNB/do_wait     0:0 00000000-00000000 (0-0) 
    
  Resource Name: /Top/Connections::OutBlocking<spec::StreamType,Connections::SYN_PORT>::PushNB/return:rsc
    Memory Component: mgc_out_dreg                 Size:         1 x 1
    External:         true                         Packing Mode: sidebyside
    Memory Map:
    Variable                                                                             Indices Phys Memory Address     
    ------------------------------------------------------------------------------------ ------- -----------------------
    /Top/Connections::OutBlocking<spec::StreamType,Connections::SYN_PORT>::PushNB/return     0:0 00000000-00000000 (0-0) 
    
  Resource Name: /Top/Connections::OutBlocking<spec::StreamType,Connections::SYN_PORT>::PushNB/ccs_ccore_start:rsc
    Memory Component: ccs_in                       Size:         1 x 1
    External:         true                         Packing Mode: sidebyside
    Memory Map:
    Variable                                                                                      Indices Phys Memory Address     
    --------------------------------------------------------------------------------------------- ------- -----------------------
    /Top/Connections::OutBlocking<spec::StreamType,Connections::SYN_PORT>::PushNB/ccs_ccore_start     0:0 00000000-00000000 (0-0) 
    
  Resource Name: /Top/Connections::InBlocking<spec::StreamType,Connections::SYN_PORT>::PopNB/data.data.data:rsc
    Memory Component: mgc_out_dreg                 Size:         1 x 128
    External:         true                         Packing Mode: sidebyside
    Memory Map:
    Variable                                                                                   Indices Phys Memory Address     
    ------------------------------------------------------------------------------------------ ------- -----------------------
    /Top/Connections::InBlocking<spec::StreamType,Connections::SYN_PORT>::PopNB/data.data.data   0:127 00000000-00000000 (0-0) 
    
  Resource Name: /Top/Connections::InBlocking<spec::StreamType,Connections::SYN_PORT>::PopNB/data.index:rsc
    Memory Component: mgc_out_dreg                 Size:         1 x 2
    External:         true                         Packing Mode: sidebyside
    Memory Map:
    Variable                                                                               Indices Phys Memory Address     
    -------------------------------------------------------------------------------------- ------- -----------------------
    /Top/Connections::InBlocking<spec::StreamType,Connections::SYN_PORT>::PopNB/data.index     0:1 00000000-00000000 (0-0) 
    
  Resource Name: /Top/Connections::InBlocking<spec::StreamType,Connections::SYN_PORT>::PopNB/data.logical_addr:rsc
    Memory Component: mgc_out_dreg                 Size:         1 x 8
    External:         true                         Packing Mode: sidebyside
    Memory Map:
    Variable                                                                                      Indices Phys Memory Address     
    --------------------------------------------------------------------------------------------- ------- -----------------------
    /Top/Connections::InBlocking<spec::StreamType,Connections::SYN_PORT>::PopNB/data.logical_addr     0:7 00000000-00000000 (0-0) 
    
  Resource Name: /Top/Connections::InBlocking<spec::StreamType,Connections::SYN_PORT>::PopNB/do_wait:rsc
    Memory Component: ccs_in                       Size:         1 x 1
    External:         true                         Packing Mode: sidebyside
    Memory Map:
    Variable                                                                            Indices Phys Memory Address     
    ----------------------------------------------------------------------------------- ------- -----------------------
    /Top/Connections::InBlocking<spec::StreamType,Connections::SYN_PORT>::PopNB/do_wait     0:0 00000000-00000000 (0-0) 
    
  Resource Name: /Top/Connections::InBlocking<spec::StreamType,Connections::SYN_PORT>::PopNB/return:rsc
    Memory Component: mgc_out_dreg                 Size:         1 x 1
    External:         true                         Packing Mode: sidebyside
    Memory Map:
    Variable                                                                           Indices Phys Memory Address     
    ---------------------------------------------------------------------------------- ------- -----------------------
    /Top/Connections::InBlocking<spec::StreamType,Connections::SYN_PORT>::PopNB/return     0:0 00000000-00000000 (0-0) 
    
  Resource Name: /Top/Connections::InBlocking<spec::StreamType,Connections::SYN_PORT>::PopNB/ccs_ccore_start:rsc
    Memory Component: ccs_in                       Size:         1 x 1
    External:         true                         Packing Mode: sidebyside
    Memory Map:
    Variable                                                                                    Indices Phys Memory Address     
    ------------------------------------------------------------------------------------------- ------- -----------------------
    /Top/Connections::InBlocking<spec::StreamType,Connections::SYN_PORT>::PopNB/ccs_ccore_start     0:0 00000000-00000000 (0-0) 
    
  Resource Name: /Top/Connections::OutBlocking<spec::StreamType,Connections::SYN_PORT>::Push/m.data.data:rsc
    Memory Component: ccs_in                       Size:         1 x 128
    External:         true                         Packing Mode: sidebyside
    Memory Map:
    Variable                                                                                Indices Phys Memory Address     
    --------------------------------------------------------------------------------------- ------- -----------------------
    /Top/Connections::OutBlocking<spec::StreamType,Connections::SYN_PORT>::Push/m.data.data   0:127 00000000-00000000 (0-0) 
    
  Resource Name: /Top/Connections::OutBlocking<spec::StreamType,Connections::SYN_PORT>::Push/m.index:rsc
    Memory Component: ccs_in                       Size:         1 x 2
    External:         true                         Packing Mode: sidebyside
    Memory Map:
    Variable                                                                            Indices Phys Memory Address     
    ----------------------------------------------------------------------------------- ------- -----------------------
    /Top/Connections::OutBlocking<spec::StreamType,Connections::SYN_PORT>::Push/m.index     0:1 00000000-00000000 (0-0) 
    
  Resource Name: /Top/Connections::OutBlocking<spec::StreamType,Connections::SYN_PORT>::Push/m.logical_addr:rsc
    Memory Component: ccs_in                       Size:         1 x 8
    External:         true                         Packing Mode: sidebyside
    Memory Map:
    Variable                                                                                   Indices Phys Memory Address     
    ------------------------------------------------------------------------------------------ ------- -----------------------
    /Top/Connections::OutBlocking<spec::StreamType,Connections::SYN_PORT>::Push/m.logical_addr     0:7 00000000-00000000 (0-0) 
    
  Resource Name: /Top/Connections::OutBlocking<spec::StreamType,Connections::SYN_PORT>::Push/ccs_ccore_start:rsc
    Memory Component: ccs_in                       Size:         1 x 1
    External:         true                         Packing Mode: sidebyside
    Memory Map:
    Variable                                                                                    Indices Phys Memory Address     
    ------------------------------------------------------------------------------------------- ------- -----------------------
    /Top/Connections::OutBlocking<spec::StreamType,Connections::SYN_PORT>::Push/ccs_ccore_start     0:0 00000000-00000000 (0-0) 
    
  Resource Name: /Top/Connections::InBlocking<bool,Connections::SYN_PORT>::Pop/return:rsc
    Memory Component: mgc_out_dreg                 Size:         1 x 1
    External:         true                         Packing Mode: sidebyside
    Memory Map:
    Variable                                                             Indices Phys Memory Address     
    -------------------------------------------------------------------- ------- -----------------------
    /Top/Connections::InBlocking<bool,Connections::SYN_PORT>::Pop/return     0:0 00000000-00000000 (0-0) 
    
  Resource Name: /Top/Connections::InBlocking<bool,Connections::SYN_PORT>::Pop/ccs_ccore_start:rsc
    Memory Component: ccs_in                       Size:         1 x 1
    External:         true                         Packing Mode: sidebyside
    Memory Map:
    Variable                                                                      Indices Phys Memory Address     
    ----------------------------------------------------------------------------- ------- -----------------------
    /Top/Connections::InBlocking<bool,Connections::SYN_PORT>::Pop/ccs_ccore_start     0:0 00000000-00000000 (0-0) 
    
C++ to Interface Mappings
  Resource/Fields C++ Type Interface Range Range Expression(x) x=step+offset Expression Limits 
  --------------- -------- --------------- ------------------- ------------- -----------------
  
Multi-Cycle (Combinational) Component Usage
  Instance Component Name Cycles 
  -------- -------------- ------
  
Loops
  Process                                                    Loop              Iterations C-Steps Total Cycles  Duration  Unroll Init Comments 
  ---------------------------------------------------------- ----------------- ---------- ------- ------------- --------- ------ ---- --------
  /Top/Interrupt/run_interrupt                               run_interrupt:rlp   Infinite       1           14  56.00 ns                       
  /Top/Interrupt/run_interrupt                                while              Infinite       3           13  52.00 ns                       
  /Top/Interrupt/run_interrupt                                 while:for               10       1           10  40.00 ns            1          
  /Top/GBRecv/Run                                            Run:rlp             Infinite       1            5  20.00 ns                       
  /Top/GBRecv/Run                                             while              Infinite       4            4  16.00 ns            4          
  /Top/GBSend/Run                                            Run:rlp             Infinite       1            4  16.00 ns                       
  /Top/GBSend/Run                                             while              Infinite       3            3  12.00 ns            2          
  /Top/PEDone/RecvPEDone                                     RecvPEDone:rlp      Infinite       1            4  16.00 ns                       
  /Top/PEDone/RecvPEDone                                      while              Infinite       3            3  12.00 ns            1          
  /Top/PEDone/SendAllDone                                    SendAllDone:rlp     Infinite       1           13  52.00 ns                       
  /Top/PEDone/SendAllDone                                     while              Infinite       3           12  48.00 ns            1          
  /Top/PEStart/RecvAllStart                                  RecvAllStart:rlp    Infinite       1            4  16.00 ns                       
  /Top/PEStart/RecvAllStart                                   while              Infinite       3            3  12.00 ns            1          
  /Top/PEStart/SendPEStart                                   SendPEStart:rlp     Infinite       1            3  12.00 ns                       
  /Top/PEStart/SendPEStart                                    while              Infinite       2            2   8.00 ns            1          
  /Top/AxiSplitter<spec::Axi::axiCfg,2,32,false,false>/run_r run_r:rlp           Infinite       1            5  20.00 ns                       
  /Top/AxiSplitter<spec::Axi::axiCfg,2,32,false,false>/run_r  while              Infinite       3            4  16.00 ns            1          
  /Top/AxiSplitter<spec::Axi::axiCfg,2,32,false,false>/run_w run_w:rlp           Infinite       1            5  20.00 ns                       
  /Top/AxiSplitter<spec::Axi::axiCfg,2,32,false,false>/run_w  while              Infinite       3            4  16.00 ns            1          
  
Loop Execution Profile
  Process                                                    Loop              Total Cycles % of Overall Design Cycles Throughput Cycles Comments 
  ---------------------------------------------------------- ----------------- ------------ -------------------------- ----------------- --------
  /Top/Interrupt/run_interrupt                               run_interrupt:rlp           1                        7.14               13           
  /Top/Interrupt/run_interrupt                                while                      3                       21.43               13           
  /Top/Interrupt/run_interrupt                                 while:for                10                       71.43                1           
  /Top/GBRecv/Run                                            Run:rlp                     1                       20.00                4           
  /Top/GBRecv/Run                                             while                      4                       80.00                4           
  /Top/GBSend/Run                                            Run:rlp                     1                       25.00                2           
  /Top/GBSend/Run                                             while                      3                       75.00                2           
  /Top/PEDone/RecvPEDone                                     RecvPEDone:rlp              1                       25.00                1           
  /Top/PEDone/RecvPEDone                                      while                      3                       75.00                1           
  /Top/PEDone/SendAllDone                                    SendAllDone:rlp             1                        7.69               10           
  /Top/PEDone/SendAllDone                                     while                     12                       92.31               10           
  /Top/PEStart/RecvAllStart                                  RecvAllStart:rlp            1                       25.00                1           
  /Top/PEStart/RecvAllStart                                   while                      3                       75.00                1           
  /Top/PEStart/SendPEStart                                   SendPEStart:rlp             1                       33.33                1           
  /Top/PEStart/SendPEStart                                    while                      2                       66.67                1           
  /Top/AxiSplitter<spec::Axi::axiCfg,2,32,false,false>/run_r run_r:rlp                   1                       20.00                2           
  /Top/AxiSplitter<spec::Axi::axiCfg,2,32,false,false>/run_r  while                      4                       80.00                2           
  /Top/AxiSplitter<spec::Axi::axiCfg,2,32,false,false>/run_w run_w:rlp                   1                       20.00                2           
  /Top/AxiSplitter<spec::Axi::axiCfg,2,32,false,false>/run_w  while                      4                       80.00                2           
  
End of Report
