Command: /home/users/code/cs217/hls/Top/./Catapult/Top.v1/scverify/concat_sim_Top_v_vcs/sc_mainpwr -systemcrun -verilogrun -cm assert -ucli -ucli2Proc -i ./Catapult/Top.v1/scverify/concat_sim_Top_v_vcs/scverify_vcs_wave.tcl -l ./Catapult/Top.v1/scverify/concat_sim_Top_v_vcs/sim.log
Chronologic VCS simulator copyright 1991-2023
Contains Synopsys proprietary information.
Compiler version U-2023.03_Full64; Runtime version U-2023.03_Full64;  Mar 18 19:41 2026
Connections Clock: tb.clk Period: 1 ns
ucli% # Source static function file
ucli% global env
ucli% # Source the common TCL file (that also reads the wave database file)
ucli% source $env(MGC_HOME)/pkgs/sif/userware/En_na/flows/vcs_funcs.tcl
ucli% read_ccs_wave ./Catapult/Top.v1/scverify/ccs_wave_signals.dat
Reading SCVerify waveform database './Catapult/Top.v1/scverify/ccs_wave_signals.dat'
ucli% setup_vcd_file ./Catapult/Top.v1/.dut_inst_info.tcl
DUT Instance Path = sc_main.tb.dut.ccs_rtl.dut_inst
Preparing to write FSDB file ./default.fsdb...
ucli% populate_wave_window
ucli% if { ("0" != {}) && [file exists "0"] } {
   source "0"
}
ucli% # If not running in GUI mode, run the entire simulation
ucli% if { ![gui_is_active] } {
   do_simulation_run
}
Running up to VCD start time: '0 ns'
run 0 ns
sysc_skeleton.v, 391 : (*vcs_systemc_2,vcs_systemc_skel*) module sc_main;
Turning FSDB on
*Verdi* Loading libsscore_vcs202303.so
*Verdi* : Loading SystemC dumping library libsscore_vcs202303_sc233_gcc920.so.
*Verdi* : Env. FSDB_VCS_RD_SC_VALPTR_PROTECT=1(1) was set.
FSDB Dumper for VCS, Release Verdi_V-2023.12-SP2-4, Linux x86_64/64bit, 11/18/2024
(C) 1996 - 2024 by Synopsys, Inc.
*Verdi* : Create FSDB file './default.fsdb'
*Verdi* : Begin traversing the scopes, layer (0).
*Verdi* : End of traversing.
fsdbDumpvars 0 sc_main.tb.dut.ccs_rtl.dut_inst
*Verdi* : Begin traversing the scope (sc_main.tb.dut.ccs_rtl.dut_inst), layer (0).
*Verdi* : End of traversing.
*Verdi* : fsdbDumpon - All FSDB files at 0 ps.
Continuing to VCD end time: 'end'
run -all
@2 ns Asserting reset
@4 ns De-Asserting reset
287 ns - Interrupt signal issued!
288 ns - Interrupt signal issued!
289 ns - Interrupt signal issued!
290 ns - Interrupt signal issued!
291 ns - Interrupt signal issued!
292 ns - Interrupt signal issued!
293 ns - Interrupt signal issued!
294 ns - Interrupt signal issued!
295 ns - Interrupt signal issued!
296 ns - Interrupt signal issued!
317 ns - Interrupt signal issued!
318 ns - Interrupt signal issued!
319 ns - Interrupt signal issued!
320 ns - Interrupt signal issued!
321 ns - Interrupt signal issued!
322 ns - Interrupt signal issued!
323 ns - Interrupt signal issued!
324 ns - Interrupt signal issued!
325 ns - Interrupt signal issued!
326 ns - Interrupt signal issued!
Error: Assertion failed. Read response did not match expected value
sc_mainpwr: /cad/mentor/2024.2_1/Mgc_home/shared/pkgs/matchlib/cmod/include/axi/testbench/ManagerFromFile.h:229: void ManagerFromFile<axiCfg, enable_interrupts>::run() [with axiCfg = spec::Axi::axiCfg; bool enable_interrupts = true]: Assertion `data_pld.data == rresp_q.front()' failed.
file ./Catapult/Top.v1/scverify/concat_sim_Top_v_vcs/scverify_vcs_wave.tcl, line 14: "sc_mainpwr" failed to start or died unexpectedly
ucli% 
ucli% 
ucli% 
ucli% 
ucli% 