Command: /home/users/code/cs217/hls/Top/GBPartition/GBModule/./Catapult/GBModule.v1/scverify/concat_sim_GBModule_v_vcs/sc_mainpwr -systemcrun -verilogrun -cm assert -ucli -ucli2Proc -i ./Catapult/GBModule.v1/scverify/concat_sim_GBModule_v_vcs/scverify_vcs_wave.tcl -l ./Catapult/GBModule.v1/scverify/concat_sim_GBModule_v_vcs/sim.log
Chronologic VCS simulator copyright 1991-2023
Contains Synopsys proprietary information.
Compiler version U-2023.03_Full64; Runtime version U-2023.03_Full64;  Mar 18 19:21 2026
Connections Clock: tb.clk Period: 1 ns
ucli% # Source static function file
ucli% global env
ucli% # Source the common TCL file (that also reads the wave database file)
ucli% source $env(MGC_HOME)/pkgs/sif/userware/En_na/flows/vcs_funcs.tcl
ucli% read_ccs_wave ./Catapult/GBModule.v1/scverify/ccs_wave_signals.dat
Reading SCVerify waveform database './Catapult/GBModule.v1/scverify/ccs_wave_signals.dat'
ucli% setup_vcd_file ./Catapult/GBModule.v1/.dut_inst_info.tcl
DUT Instance Path = sc_main.tb.dut.ccs_rtl.dut_inst
Preparing to write FSDB file ./default.fsdb...
ucli% populate_wave_window
ucli% if { ("0" != {}) && [file exists "0"] } {
   source "0"
}
ucli% # If not running in GUI mode, run the entire simulation
ucli% if { ![gui_is_active] } {
   do_simulation_run
}
Running up to VCD start time: '0 ns'
run 0 ns
sysc_skeleton.v, 478 : (*vcs_systemc_2,vcs_systemc_skel*) module sc_main;
Turning FSDB on
*Verdi* Loading libsscore_vcs202303.so
*Verdi* : Loading SystemC dumping library libsscore_vcs202303_sc233_gcc920.so.
*Verdi* : Env. FSDB_VCS_RD_SC_VALPTR_PROTECT=1(1) was set.
FSDB Dumper for VCS, Release Verdi_V-2023.12-SP2-4, Linux x86_64/64bit, 11/18/2024
(C) 1996 - 2024 by Synopsys, Inc.
*Verdi* : Create FSDB file './default.fsdb'
*Verdi* : Begin traversing the scopes, layer (0).
*Verdi* : End of traversing.
fsdbDumpvars 0 sc_main.tb.dut.ccs_rtl.dut_inst
*Verdi* : Begin traversing the scope (sc_main.tb.dut.ccs_rtl.dut_inst), layer (0).
*Verdi* : End of traversing.
*Verdi* : fsdbDumpon - All FSDB files at 0 ps.
Continuing to VCD end time: 'end'
run -all
@2 ns Asserting reset
@4 ns De-Asserting reset
    WRITE Config: 0x1 @ 0x400010
    WRITE Config: 0x10001000000000101 @ 0x0C00010
    WRITE softmax: 0x643C98696633487374B0DC5119495CFF @ 0x500000
    WRITE Config: 0x10001000000000101 @ 0x0C00010
    START NMP 0x0 @ 0x20
99 ns Recevied GB Done = 1
170 ns Comparing NMP output with tolerance...
Match idx 0: expected=0 actual=0 abs_err=0 pct_err=0%
Match idx 1: expected=0 actual=0 abs_err=0 pct_err=0%
Match idx 2: expected=0 actual=0 abs_err=0 pct_err=0%
Match idx 3: expected=0 actual=0 abs_err=0 pct_err=0%
Match idx 4: expected=0 actual=0 abs_err=0 pct_err=0%
Match idx 5: expected=0 actual=0 abs_err=0 pct_err=0%
Match idx 6: expected=0 actual=0 abs_err=0 pct_err=0%
Match idx 7: expected=0.25 actual=0.25 abs_err=0 pct_err=0%
Match idx 8: expected=0.25 actual=0.25 abs_err=0 pct_err=0%
Match idx 9: expected=0 actual=0 abs_err=0 pct_err=0%
Match idx a: expected=0 actual=0 abs_err=0 pct_err=0%
Match idx b: expected=0.0625 actual=0.0625 abs_err=0 pct_err=0%
Match idx c: expected=0.125 actual=0.125 abs_err=0 pct_err=0%
Match idx d: expected=0 actual=0 abs_err=0 pct_err=0%
Match idx e: expected=0 actual=0 abs_err=0 pct_err=0%
Match idx f: expected=0.0625 actual=0.0625 abs_err=0 pct_err=0%
170 ns NMP output matched within tolerance
    WRITE GBControl: 0x10001000000000101 @ 0x700010
    START GBControl 0x0 @ 0x10
193 ns Data out popped: 0x0 0x0 0x0 0x0 0x0 0x0 0x0 0x4 0x4 0x0 0x0 0x1 0x2 0x0 0x0 0x1 
195 ns Recevied PE Start = 1
TESTBENCH PASS
"concat_sim_GBModule.v", 30324: sc_main.tb.dut.ccs_rtl.dut_inst.gbcore_inst.GBCore_GBCoreRun_inst.large_mem_banks_load_store_for_2_GBCore_GBCoreRun_mem_array_h_ln146_assert_bank_sel_lt_NumBanks_and_bankindexoutofbounds: Antecedent of the implication never satisfied.
"concat_sim_GBModule.v", 30330: sc_main.tb.dut.ccs_rtl.dut_inst.gbcore_inst.GBCore_GBCoreRun_inst.large_mem_banks_load_store_for_2_GBCore_GBCoreRun_mem_array_h_ln147_assert_idx_lt_NumEntriesPerBank_and_localindexoutofbounds: Antecedent of the implication never satisfied.
"concat_sim_GBModule.v", 30335: sc_main.tb.dut.ccs_rtl.dut_inst.gbcore_inst.GBCore_GBCoreRun_inst.large_mem_banks_load_store_for_2_GBCore_GBCoreRun_ArbitratedScratchpadDP_h_ln196_assert_bankread_req_validOS_bank_CS_eq_false_and_Bankreadandwritevalidcannotbetruesimultaneouslyforsingle_m_portRAM: Antecedent of the implication never satisfied.
"concat_sim_GBModule.v", 30341: sc_main.tb.dut.ccs_rtl.dut_inst.gbcore_inst.GBCore_GBCoreRun_inst.large_mem_banks_load_store_for_2_GBCore_GBCoreRun_mem_array_h_ln126_assert_bank_sel_lt_NumBanks_and_bankindexoutofbounds: Antecedent of the implication never satisfied.
"concat_sim_GBModule.v", 30346: sc_main.tb.dut.ccs_rtl.dut_inst.gbcore_inst.GBCore_GBCoreRun_inst.large_mem_banks_load_store_for_2_GBCore_GBCoreRun_mem_array_h_ln127_assert_idx_lt_NumEntriesPerBank_and_localindexoutofbounds: Antecedent of the implication never satisfied.
"concat_sim_GBModule.v", 30351: sc_main.tb.dut.ccs_rtl.dut_inst.gbcore_inst.GBCore_GBCoreRun_inst.large_mem_banks_load_store_for_3_GBCore_GBCoreRun_mem_array_h_ln146_assert_bank_sel_lt_NumBanks_and_bankindexoutofbounds: Antecedent of the implication never satisfied.
"concat_sim_GBModule.v", 30357: sc_main.tb.dut.ccs_rtl.dut_inst.gbcore_inst.GBCore_GBCoreRun_inst.large_mem_banks_load_store_for_3_GBCore_GBCoreRun_mem_array_h_ln147_assert_idx_lt_NumEntriesPerBank_and_localindexoutofbounds: Antecedent of the implication never satisfied.
"concat_sim_GBModule.v", 30362: sc_main.tb.dut.ccs_rtl.dut_inst.gbcore_inst.GBCore_GBCoreRun_inst.large_mem_banks_load_store_for_3_GBCore_GBCoreRun_ArbitratedScratchpadDP_h_ln196_assert_bankread_req_validOS_bank_CS_eq_false_and_Bankreadandwritevalidcannotbetruesimultaneouslyforsingle_m_portRAM: Antecedent of the implication never satisfied.
"concat_sim_GBModule.v", 30368: sc_main.tb.dut.ccs_rtl.dut_inst.gbcore_inst.GBCore_GBCoreRun_inst.large_mem_banks_load_store_for_3_GBCore_GBCoreRun_mem_array_h_ln126_assert_bank_sel_lt_NumBanks_and_bankindexoutofbounds: Antecedent of the implication never satisfied.
"concat_sim_GBModule.v", 30373: sc_main.tb.dut.ccs_rtl.dut_inst.gbcore_inst.GBCore_GBCoreRun_inst.large_mem_banks_load_store_for_3_GBCore_GBCoreRun_mem_array_h_ln127_assert_idx_lt_NumEntriesPerBank_and_localindexoutofbounds: Antecedent of the implication never satisfied.
"concat_sim_GBModule.v", 30378: sc_main.tb.dut.ccs_rtl.dut_inst.gbcore_inst.GBCore_GBCoreRun_inst.large_mem_banks_load_store_for_4_GBCore_GBCoreRun_mem_array_h_ln146_assert_bank_sel_lt_NumBanks_and_bankindexoutofbounds: Antecedent of the implication never satisfied.
"concat_sim_GBModule.v", 30384: sc_main.tb.dut.ccs_rtl.dut_inst.gbcore_inst.GBCore_GBCoreRun_inst.large_mem_banks_load_store_for_4_GBCore_GBCoreRun_mem_array_h_ln147_assert_idx_lt_NumEntriesPerBank_and_localindexoutofbounds: Antecedent of the implication never satisfied.
"concat_sim_GBModule.v", 30389: sc_main.tb.dut.ccs_rtl.dut_inst.gbcore_inst.GBCore_GBCoreRun_inst.large_mem_banks_load_store_for_4_GBCore_GBCoreRun_ArbitratedScratchpadDP_h_ln196_assert_bankread_req_validOS_bank_CS_eq_false_and_Bankreadandwritevalidcannotbetruesimultaneouslyforsingle_m_portRAM: Antecedent of the implication never satisfied.
"concat_sim_GBModule.v", 30395: sc_main.tb.dut.ccs_rtl.dut_inst.gbcore_inst.GBCore_GBCoreRun_inst.large_mem_banks_load_store_for_4_GBCore_GBCoreRun_mem_array_h_ln126_assert_bank_sel_lt_NumBanks_and_bankindexoutofbounds: Antecedent of the implication never satisfied.
"concat_sim_GBModule.v", 30400: sc_main.tb.dut.ccs_rtl.dut_inst.gbcore_inst.GBCore_GBCoreRun_inst.large_mem_banks_load_store_for_4_GBCore_GBCoreRun_mem_array_h_ln127_assert_idx_lt_NumEntriesPerBank_and_localindexoutofbounds: Antecedent of the implication never satisfied.
"concat_sim_GBModule.v", 30405: sc_main.tb.dut.ccs_rtl.dut_inst.gbcore_inst.GBCore_GBCoreRun_inst.large_mem_banks_load_store_for_5_GBCore_GBCoreRun_mem_array_h_ln146_assert_bank_sel_lt_NumBanks_and_bankindexoutofbounds: Antecedent of the implication never satisfied.
"concat_sim_GBModule.v", 30411: sc_main.tb.dut.ccs_rtl.dut_inst.gbcore_inst.GBCore_GBCoreRun_inst.large_mem_banks_load_store_for_5_GBCore_GBCoreRun_mem_array_h_ln147_assert_idx_lt_NumEntriesPerBank_and_localindexoutofbounds: Antecedent of the implication never satisfied.
"concat_sim_GBModule.v", 30416: sc_main.tb.dut.ccs_rtl.dut_inst.gbcore_inst.GBCore_GBCoreRun_inst.large_mem_banks_load_store_for_5_GBCore_GBCoreRun_ArbitratedScratchpadDP_h_ln196_assert_bankread_req_validOS_bank_CS_eq_false_and_Bankreadandwritevalidcannotbetruesimultaneouslyforsingle_m_portRAM: Antecedent of the implication never satisfied.
"concat_sim_GBModule.v", 30422: sc_main.tb.dut.ccs_rtl.dut_inst.gbcore_inst.GBCore_GBCoreRun_inst.large_mem_banks_load_store_for_5_GBCore_GBCoreRun_mem_array_h_ln126_assert_bank_sel_lt_NumBanks_and_bankindexoutofbounds: Antecedent of the implication never satisfied.
"concat_sim_GBModule.v", 30427: sc_main.tb.dut.ccs_rtl.dut_inst.gbcore_inst.GBCore_GBCoreRun_inst.large_mem_banks_load_store_for_5_GBCore_GBCoreRun_mem_array_h_ln127_assert_idx_lt_NumEntriesPerBank_and_localindexoutofbounds: Antecedent of the implication never satisfied.
"concat_sim_GBModule.v", 30432: sc_main.tb.dut.ccs_rtl.dut_inst.gbcore_inst.GBCore_GBCoreRun_inst.large_mem_banks_load_store_for_6_GBCore_GBCoreRun_mem_array_h_ln146_assert_bank_sel_lt_NumBanks_and_bankindexoutofbounds: Antecedent of the implication never satisfied.
"concat_sim_GBModule.v", 30438: sc_main.tb.dut.ccs_rtl.dut_inst.gbcore_inst.GBCore_GBCoreRun_inst.large_mem_banks_load_store_for_6_GBCore_GBCoreRun_mem_array_h_ln147_assert_idx_lt_NumEntriesPerBank_and_localindexoutofbounds: Antecedent of the implication never satisfied.
"concat_sim_GBModule.v", 30443: sc_main.tb.dut.ccs_rtl.dut_inst.gbcore_inst.GBCore_GBCoreRun_inst.large_mem_banks_load_store_for_6_GBCore_GBCoreRun_ArbitratedScratchpadDP_h_ln196_assert_bankread_req_validOS_bank_CS_eq_false_and_Bankreadandwritevalidcannotbetruesimultaneouslyforsingle_m_portRAM: Antecedent of the implication never satisfied.
"concat_sim_GBModule.v", 30449: sc_main.tb.dut.ccs_rtl.dut_inst.gbcore_inst.GBCore_GBCoreRun_inst.large_mem_banks_load_store_for_6_GBCore_GBCoreRun_mem_array_h_ln126_assert_bank_sel_lt_NumBanks_and_bankindexoutofbounds: Antecedent of the implication never satisfied.
"concat_sim_GBModule.v", 30454: sc_main.tb.dut.ccs_rtl.dut_inst.gbcore_inst.GBCore_GBCoreRun_inst.large_mem_banks_load_store_for_6_GBCore_GBCoreRun_mem_array_h_ln127_assert_idx_lt_NumEntriesPerBank_and_localindexoutofbounds: Antecedent of the implication never satisfied.
"concat_sim_GBModule.v", 30459: sc_main.tb.dut.ccs_rtl.dut_inst.gbcore_inst.GBCore_GBCoreRun_inst.large_mem_banks_load_store_for_7_GBCore_GBCoreRun_mem_array_h_ln146_assert_bank_sel_lt_NumBanks_and_bankindexoutofbounds: Antecedent of the implication never satisfied.
"concat_sim_GBModule.v", 30465: sc_main.tb.dut.ccs_rtl.dut_inst.gbcore_inst.GBCore_GBCoreRun_inst.large_mem_banks_load_store_for_7_GBCore_GBCoreRun_mem_array_h_ln147_assert_idx_lt_NumEntriesPerBank_and_localindexoutofbounds: Antecedent of the implication never satisfied.
"concat_sim_GBModule.v", 30470: sc_main.tb.dut.ccs_rtl.dut_inst.gbcore_inst.GBCore_GBCoreRun_inst.large_mem_banks_load_store_for_7_GBCore_GBCoreRun_ArbitratedScratchpadDP_h_ln196_assert_bankread_req_validOS_bank_CS_eq_false_and_Bankreadandwritevalidcannotbetruesimultaneouslyforsingle_m_portRAM: Antecedent of the implication never satisfied.
"concat_sim_GBModule.v", 30476: sc_main.tb.dut.ccs_rtl.dut_inst.gbcore_inst.GBCore_GBCoreRun_inst.large_mem_banks_load_store_for_7_GBCore_GBCoreRun_mem_array_h_ln126_assert_bank_sel_lt_NumBanks_and_bankindexoutofbounds: Antecedent of the implication never satisfied.
"concat_sim_GBModule.v", 30481: sc_main.tb.dut.ccs_rtl.dut_inst.gbcore_inst.GBCore_GBCoreRun_inst.large_mem_banks_load_store_for_7_GBCore_GBCoreRun_mem_array_h_ln127_assert_idx_lt_NumEntriesPerBank_and_localindexoutofbounds: Antecedent of the implication never satisfied.
"concat_sim_GBModule.v", 30486: sc_main.tb.dut.ccs_rtl.dut_inst.gbcore_inst.GBCore_GBCoreRun_inst.large_mem_banks_load_store_for_8_GBCore_GBCoreRun_mem_array_h_ln146_assert_bank_sel_lt_NumBanks_and_bankindexoutofbounds: Antecedent of the implication never satisfied.
"concat_sim_GBModule.v", 30492: sc_main.tb.dut.ccs_rtl.dut_inst.gbcore_inst.GBCore_GBCoreRun_inst.large_mem_banks_load_store_for_8_GBCore_GBCoreRun_mem_array_h_ln147_assert_idx_lt_NumEntriesPerBank_and_localindexoutofbounds: Antecedent of the implication never satisfied.
"concat_sim_GBModule.v", 30497: sc_main.tb.dut.ccs_rtl.dut_inst.gbcore_inst.GBCore_GBCoreRun_inst.large_mem_banks_load_store_for_8_GBCore_GBCoreRun_ArbitratedScratchpadDP_h_ln196_assert_bankread_req_validOS_bank_CS_eq_false_and_Bankreadandwritevalidcannotbetruesimultaneouslyforsingle_m_portRAM: Antecedent of the implication never satisfied.
"concat_sim_GBModule.v", 30503: sc_main.tb.dut.ccs_rtl.dut_inst.gbcore_inst.GBCore_GBCoreRun_inst.large_mem_banks_load_store_for_8_GBCore_GBCoreRun_mem_array_h_ln126_assert_bank_sel_lt_NumBanks_and_bankindexoutofbounds: Antecedent of the implication never satisfied.
"concat_sim_GBModule.v", 30508: sc_main.tb.dut.ccs_rtl.dut_inst.gbcore_inst.GBCore_GBCoreRun_inst.large_mem_banks_load_store_for_8_GBCore_GBCoreRun_mem_array_h_ln127_assert_idx_lt_NumEntriesPerBank_and_localindexoutofbounds: Antecedent of the implication never satisfied.
"concat_sim_GBModule.v", 30513: sc_main.tb.dut.ccs_rtl.dut_inst.gbcore_inst.GBCore_GBCoreRun_inst.large_mem_banks_load_store_for_9_GBCore_GBCoreRun_mem_array_h_ln146_assert_bank_sel_lt_NumBanks_and_bankindexoutofbounds: Antecedent of the implication never satisfied.
"concat_sim_GBModule.v", 30519: sc_main.tb.dut.ccs_rtl.dut_inst.gbcore_inst.GBCore_GBCoreRun_inst.large_mem_banks_load_store_for_9_GBCore_GBCoreRun_mem_array_h_ln147_assert_idx_lt_NumEntriesPerBank_and_localindexoutofbounds: Antecedent of the implication never satisfied.
"concat_sim_GBModule.v", 30524: sc_main.tb.dut.ccs_rtl.dut_inst.gbcore_inst.GBCore_GBCoreRun_inst.large_mem_banks_load_store_for_9_GBCore_GBCoreRun_ArbitratedScratchpadDP_h_ln196_assert_bankread_req_validOS_bank_CS_eq_false_and_Bankreadandwritevalidcannotbetruesimultaneouslyforsingle_m_portRAM: Antecedent of the implication never satisfied.
"concat_sim_GBModule.v", 30530: sc_main.tb.dut.ccs_rtl.dut_inst.gbcore_inst.GBCore_GBCoreRun_inst.large_mem_banks_load_store_for_9_GBCore_GBCoreRun_mem_array_h_ln126_assert_bank_sel_lt_NumBanks_and_bankindexoutofbounds: Antecedent of the implication never satisfied.
"concat_sim_GBModule.v", 30535: sc_main.tb.dut.ccs_rtl.dut_inst.gbcore_inst.GBCore_GBCoreRun_inst.large_mem_banks_load_store_for_9_GBCore_GBCoreRun_mem_array_h_ln127_assert_idx_lt_NumEntriesPerBank_and_localindexoutofbounds: Antecedent of the implication never satisfied.
"concat_sim_GBModule.v", 30540: sc_main.tb.dut.ccs_rtl.dut_inst.gbcore_inst.GBCore_GBCoreRun_inst.large_mem_banks_load_store_for_10_GBCore_GBCoreRun_mem_array_h_ln146_assert_bank_sel_lt_NumBanks_and_bankindexoutofbounds: Antecedent of the implication never satisfied.
"concat_sim_GBModule.v", 30546: sc_main.tb.dut.ccs_rtl.dut_inst.gbcore_inst.GBCore_GBCoreRun_inst.large_mem_banks_load_store_for_10_GBCore_GBCoreRun_mem_array_h_ln147_assert_idx_lt_NumEntriesPerBank_and_localindexoutofbounds: Antecedent of the implication never satisfied.
"concat_sim_GBModule.v", 30551: sc_main.tb.dut.ccs_rtl.dut_inst.gbcore_inst.GBCore_GBCoreRun_inst.large_mem_banks_load_store_for_10_GBCore_GBCoreRun_ArbitratedScratchpadDP_h_ln196_assert_bankread_req_validOS_bank_CS_eq_false_and_Bankreadandwritevalidcannotbetruesimultaneouslyforsingle_m_portRAM: Antecedent of the implication never satisfied.
"concat_sim_GBModule.v", 30557: sc_main.tb.dut.ccs_rtl.dut_inst.gbcore_inst.GBCore_GBCoreRun_inst.large_mem_banks_load_store_for_10_GBCore_GBCoreRun_mem_array_h_ln126_assert_bank_sel_lt_NumBanks_and_bankindexoutofbounds: Antecedent of the implication never satisfied.
"concat_sim_GBModule.v", 30562: sc_main.tb.dut.ccs_rtl.dut_inst.gbcore_inst.GBCore_GBCoreRun_inst.large_mem_banks_load_store_for_10_GBCore_GBCoreRun_mem_array_h_ln127_assert_idx_lt_NumEntriesPerBank_and_localindexoutofbounds: Antecedent of the implication never satisfied.
"concat_sim_GBModule.v", 30567: sc_main.tb.dut.ccs_rtl.dut_inst.gbcore_inst.GBCore_GBCoreRun_inst.large_mem_banks_load_store_for_11_GBCore_GBCoreRun_mem_array_h_ln146_assert_bank_sel_lt_NumBanks_and_bankindexoutofbounds: Antecedent of the implication never satisfied.
"concat_sim_GBModule.v", 30573: sc_main.tb.dut.ccs_rtl.dut_inst.gbcore_inst.GBCore_GBCoreRun_inst.large_mem_banks_load_store_for_11_GBCore_GBCoreRun_mem_array_h_ln147_assert_idx_lt_NumEntriesPerBank_and_localindexoutofbounds: Antecedent of the implication never satisfied.
"concat_sim_GBModule.v", 30578: sc_main.tb.dut.ccs_rtl.dut_inst.gbcore_inst.GBCore_GBCoreRun_inst.large_mem_banks_load_store_for_11_GBCore_GBCoreRun_ArbitratedScratchpadDP_h_ln196_assert_bankread_req_validOS_bank_CS_eq_false_and_Bankreadandwritevalidcannotbetruesimultaneouslyforsingle_m_portRAM: Antecedent of the implication never satisfied.
"concat_sim_GBModule.v", 30584: sc_main.tb.dut.ccs_rtl.dut_inst.gbcore_inst.GBCore_GBCoreRun_inst.large_mem_banks_load_store_for_11_GBCore_GBCoreRun_mem_array_h_ln126_assert_bank_sel_lt_NumBanks_and_bankindexoutofbounds: Antecedent of the implication never satisfied.
"concat_sim_GBModule.v", 30589: sc_main.tb.dut.ccs_rtl.dut_inst.gbcore_inst.GBCore_GBCoreRun_inst.large_mem_banks_load_store_for_11_GBCore_GBCoreRun_mem_array_h_ln127_assert_idx_lt_NumEntriesPerBank_and_localindexoutofbounds: Antecedent of the implication never satisfied.
"concat_sim_GBModule.v", 30594: sc_main.tb.dut.ccs_rtl.dut_inst.gbcore_inst.GBCore_GBCoreRun_inst.large_mem_banks_load_store_for_12_GBCore_GBCoreRun_mem_array_h_ln146_assert_bank_sel_lt_NumBanks_and_bankindexoutofbounds: Antecedent of the implication never satisfied.
"concat_sim_GBModule.v", 30600: sc_main.tb.dut.ccs_rtl.dut_inst.gbcore_inst.GBCore_GBCoreRun_inst.large_mem_banks_load_store_for_12_GBCore_GBCoreRun_mem_array_h_ln147_assert_idx_lt_NumEntriesPerBank_and_localindexoutofbounds: Antecedent of the implication never satisfied.
"concat_sim_GBModule.v", 30605: sc_main.tb.dut.ccs_rtl.dut_inst.gbcore_inst.GBCore_GBCoreRun_inst.large_mem_banks_load_store_for_12_GBCore_GBCoreRun_ArbitratedScratchpadDP_h_ln196_assert_bankread_req_validOS_bank_CS_eq_false_and_Bankreadandwritevalidcannotbetruesimultaneouslyforsingle_m_portRAM: Antecedent of the implication never satisfied.
"concat_sim_GBModule.v", 30611: sc_main.tb.dut.ccs_rtl.dut_inst.gbcore_inst.GBCore_GBCoreRun_inst.large_mem_banks_load_store_for_12_GBCore_GBCoreRun_mem_array_h_ln126_assert_bank_sel_lt_NumBanks_and_bankindexoutofbounds: Antecedent of the implication never satisfied.
"concat_sim_GBModule.v", 30616: sc_main.tb.dut.ccs_rtl.dut_inst.gbcore_inst.GBCore_GBCoreRun_inst.large_mem_banks_load_store_for_12_GBCore_GBCoreRun_mem_array_h_ln127_assert_idx_lt_NumEntriesPerBank_and_localindexoutofbounds: Antecedent of the implication never satisfied.
"concat_sim_GBModule.v", 30621: sc_main.tb.dut.ccs_rtl.dut_inst.gbcore_inst.GBCore_GBCoreRun_inst.large_mem_banks_load_store_for_13_GBCore_GBCoreRun_mem_array_h_ln146_assert_bank_sel_lt_NumBanks_and_bankindexoutofbounds: Antecedent of the implication never satisfied.
"concat_sim_GBModule.v", 30627: sc_main.tb.dut.ccs_rtl.dut_inst.gbcore_inst.GBCore_GBCoreRun_inst.large_mem_banks_load_store_for_13_GBCore_GBCoreRun_mem_array_h_ln147_assert_idx_lt_NumEntriesPerBank_and_localindexoutofbounds: Antecedent of the implication never satisfied.
"concat_sim_GBModule.v", 30632: sc_main.tb.dut.ccs_rtl.dut_inst.gbcore_inst.GBCore_GBCoreRun_inst.large_mem_banks_load_store_for_13_GBCore_GBCoreRun_ArbitratedScratchpadDP_h_ln196_assert_bankread_req_validOS_bank_CS_eq_false_and_Bankreadandwritevalidcannotbetruesimultaneouslyforsingle_m_portRAM: Antecedent of the implication never satisfied.
"concat_sim_GBModule.v", 30638: sc_main.tb.dut.ccs_rtl.dut_inst.gbcore_inst.GBCore_GBCoreRun_inst.large_mem_banks_load_store_for_13_GBCore_GBCoreRun_mem_array_h_ln126_assert_bank_sel_lt_NumBanks_and_bankindexoutofbounds: Antecedent of the implication never satisfied.
"concat_sim_GBModule.v", 30643: sc_main.tb.dut.ccs_rtl.dut_inst.gbcore_inst.GBCore_GBCoreRun_inst.large_mem_banks_load_store_for_13_GBCore_GBCoreRun_mem_array_h_ln127_assert_idx_lt_NumEntriesPerBank_and_localindexoutofbounds: Antecedent of the implication never satisfied.
"concat_sim_GBModule.v", 30648: sc_main.tb.dut.ccs_rtl.dut_inst.gbcore_inst.GBCore_GBCoreRun_inst.large_mem_banks_load_store_for_14_GBCore_GBCoreRun_mem_array_h_ln146_assert_bank_sel_lt_NumBanks_and_bankindexoutofbounds: Antecedent of the implication never satisfied.
"concat_sim_GBModule.v", 30654: sc_main.tb.dut.ccs_rtl.dut_inst.gbcore_inst.GBCore_GBCoreRun_inst.large_mem_banks_load_store_for_14_GBCore_GBCoreRun_mem_array_h_ln147_assert_idx_lt_NumEntriesPerBank_and_localindexoutofbounds: Antecedent of the implication never satisfied.
"concat_sim_GBModule.v", 30659: sc_main.tb.dut.ccs_rtl.dut_inst.gbcore_inst.GBCore_GBCoreRun_inst.large_mem_banks_load_store_for_14_GBCore_GBCoreRun_ArbitratedScratchpadDP_h_ln196_assert_bankread_req_validOS_bank_CS_eq_false_and_Bankreadandwritevalidcannotbetruesimultaneouslyforsingle_m_portRAM: Antecedent of the implication never satisfied.
"concat_sim_GBModule.v", 30665: sc_main.tb.dut.ccs_rtl.dut_inst.gbcore_inst.GBCore_GBCoreRun_inst.large_mem_banks_load_store_for_14_GBCore_GBCoreRun_mem_array_h_ln126_assert_bank_sel_lt_NumBanks_and_bankindexoutofbounds: Antecedent of the implication never satisfied.
"concat_sim_GBModule.v", 30670: sc_main.tb.dut.ccs_rtl.dut_inst.gbcore_inst.GBCore_GBCoreRun_inst.large_mem_banks_load_store_for_14_GBCore_GBCoreRun_mem_array_h_ln127_assert_idx_lt_NumEntriesPerBank_and_localindexoutofbounds: Antecedent of the implication never satisfied.
"concat_sim_GBModule.v", 30675: sc_main.tb.dut.ccs_rtl.dut_inst.gbcore_inst.GBCore_GBCoreRun_inst.large_mem_banks_load_store_for_15_GBCore_GBCoreRun_mem_array_h_ln146_assert_bank_sel_lt_NumBanks_and_bankindexoutofbounds: Antecedent of the implication never satisfied.
"concat_sim_GBModule.v", 30681: sc_main.tb.dut.ccs_rtl.dut_inst.gbcore_inst.GBCore_GBCoreRun_inst.large_mem_banks_load_store_for_15_GBCore_GBCoreRun_mem_array_h_ln147_assert_idx_lt_NumEntriesPerBank_and_localindexoutofbounds: Antecedent of the implication never satisfied.
"concat_sim_GBModule.v", 30686: sc_main.tb.dut.ccs_rtl.dut_inst.gbcore_inst.GBCore_GBCoreRun_inst.large_mem_banks_load_store_for_15_GBCore_GBCoreRun_ArbitratedScratchpadDP_h_ln196_assert_bankread_req_validOS_bank_CS_eq_false_and_Bankreadandwritevalidcannotbetruesimultaneouslyforsingle_m_portRAM: Antecedent of the implication never satisfied.
"concat_sim_GBModule.v", 30692: sc_main.tb.dut.ccs_rtl.dut_inst.gbcore_inst.GBCore_GBCoreRun_inst.large_mem_banks_load_store_for_15_GBCore_GBCoreRun_mem_array_h_ln126_assert_bank_sel_lt_NumBanks_and_bankindexoutofbounds: Antecedent of the implication never satisfied.
"concat_sim_GBModule.v", 30697: sc_main.tb.dut.ccs_rtl.dut_inst.gbcore_inst.GBCore_GBCoreRun_inst.large_mem_banks_load_store_for_15_GBCore_GBCoreRun_mem_array_h_ln127_assert_idx_lt_NumEntriesPerBank_and_localindexoutofbounds: Antecedent of the implication never satisfied.
"concat_sim_GBModule.v", 30702: sc_main.tb.dut.ccs_rtl.dut_inst.gbcore_inst.GBCore_GBCoreRun_inst.large_mem_banks_load_store_for_16_GBCore_GBCoreRun_mem_array_h_ln146_assert_bank_sel_lt_NumBanks_and_bankindexoutofbounds: Antecedent of the implication never satisfied.
"concat_sim_GBModule.v", 30708: sc_main.tb.dut.ccs_rtl.dut_inst.gbcore_inst.GBCore_GBCoreRun_inst.large_mem_banks_load_store_for_16_GBCore_GBCoreRun_mem_array_h_ln147_assert_idx_lt_NumEntriesPerBank_and_localindexoutofbounds: Antecedent of the implication never satisfied.
"concat_sim_GBModule.v", 30713: sc_main.tb.dut.ccs_rtl.dut_inst.gbcore_inst.GBCore_GBCoreRun_inst.large_mem_banks_load_store_for_16_GBCore_GBCoreRun_ArbitratedScratchpadDP_h_ln196_assert_bankread_req_validOS_bank_CS_eq_false_and_Bankreadandwritevalidcannotbetruesimultaneouslyforsingle_m_portRAM: Antecedent of the implication never satisfied.
"concat_sim_GBModule.v", 30719: sc_main.tb.dut.ccs_rtl.dut_inst.gbcore_inst.GBCore_GBCoreRun_inst.large_mem_banks_load_store_for_16_GBCore_GBCoreRun_mem_array_h_ln126_assert_bank_sel_lt_NumBanks_and_bankindexoutofbounds: Antecedent of the implication never satisfied.
"concat_sim_GBModule.v", 30724: sc_main.tb.dut.ccs_rtl.dut_inst.gbcore_inst.GBCore_GBCoreRun_inst.large_mem_banks_load_store_for_16_GBCore_GBCoreRun_mem_array_h_ln127_assert_idx_lt_NumEntriesPerBank_and_localindexoutofbounds: Antecedent of the implication never satisfied.
Simulation complete, time is 196000 ps.
sysc_skeleton.v, 478 : (*vcs_systemc_2,vcs_systemc_skel*) module sc_main;
Turning FSDB off and flushing
*Verdi* : Close all FSDB Files at 196,000 ps.
Completed writing FSDB file ./default.fsdb...
           V C S   S i m u l a t i o n   R e p o r t 
Time: 196000 ps
CPU Time:      0.550 seconds;       Data structure size:  10.6Mb
Wed Mar 18 19:21:35 2026
