-- Catapult Ultra Synthesis: Report                                              
-- ------------------------- ---------------------------------------------------
-- Version:                  2024.2_1/1143609 Production Release                 
-- Build Date:               Wed Nov 13 18:57:31 PST 2024                        
                                                                                 
-- Generated by:             code@iron-05                                        
-- Generated date:           Wed Mar 18 19:13:40 PDT 2026                        

Solution Settings: GBCore.v1
  Current state: schedule
  Project: Catapult

Design Input Files Specified
  $PROJECT_HOME/../../../../../src/Top/GBPartition/GBModule/GBCore/GBCore.h
    $MGC_HOME/shared/pkgs/matchlib/cmod/include/ArbitratedScratchpadDP.h
      $MGC_HOME/shared/pkgs/matchlib/cmod/include/nvhls_int.h
        $MGC_HOME/shared/include/systemc.h
          $MGC_HOME/shared/include/systemc
            $MGC_HOME/shared/include/sysc/kernel/sc_cmnhdr.h
            $MGC_HOME/shared/include/sysc/kernel/sc_externs.h
            $MGC_HOME/shared/include/sysc/kernel/sc_except.h
              $MGC_HOME/shared/include/sysc/kernel/sc_cmnhdr.h
            $MGC_HOME/shared/include/sysc/kernel/sc_module.h
              $MGC_HOME/shared/include/sysc/kernel/sc_kernel_ids.h
                $MGC_HOME/shared/include/sysc/utils/sc_report.h
                  $MGC_HOME/shared/include/sysc/kernel/sc_cmnhdr.h
                  $MGC_HOME/shared/include/sysc/utils/sc_report_handler.h
              $MGC_HOME/shared/include/sysc/kernel/sc_process.h
                $MGC_HOME/shared/include/sysc/kernel/sc_constants.h
                $MGC_HOME/shared/include/sysc/kernel/sc_object.h
                  $MGC_HOME/shared/include/sysc/kernel/sc_attribute.h
                    $MGC_HOME/shared/include/sysc/kernel/sc_cmnhdr.h
                $MGC_HOME/shared/include/sysc/communication/sc_export.h
                  $MGC_HOME/shared/include/sysc/communication/sc_communication_ids.h
                  $MGC_HOME/shared/include/sysc/communication/sc_interface.h
                    $MGC_HOME/shared/include/sysc/kernel/sc_cmnhdr.h
                  $MGC_HOME/shared/include/sysc/utils/sc_typeindex.h
                    $MGC_HOME/shared/include/sysc/kernel/sc_cmnhdr.h
              $MGC_HOME/shared/include/sysc/kernel/sc_module_name.h
              $MGC_HOME/shared/include/sysc/kernel/sc_sensitive.h
              $MGC_HOME/shared/include/sysc/kernel/sc_time.h
                $MGC_HOME/shared/include/sysc/datatypes/int/sc_nbdefs.h
                  $MGC_HOME/shared/include/sysc/kernel/sc_cmnhdr.h
                $MGC_HOME/shared/include/sysc/datatypes/fx/scfx_ieee.h
                  $MGC_HOME/shared/include/sysc/datatypes/fx/sc_fxdefs.h
                    $MGC_HOME/shared/include/sysc/kernel/sc_cmnhdr.h
                    $MGC_HOME/shared/include/sysc/utils/sc_machine.h
                      $MGC_HOME/shared/include/sysc/packages/boost/detail/endian.hpp
                    $MGC_HOME/shared/include/sysc/datatypes/fx/sc_fx_ids.h
                    $MGC_HOME/shared/include/sysc/datatypes/int/sc_nbutils.h
                      $MGC_HOME/shared/include/sysc/datatypes/bit/sc_bit_ids.h
                      $MGC_HOME/shared/include/sysc/datatypes/int/sc_int_ids.h
              $MGC_HOME/shared/include/sysc/kernel/sc_wait.h
                $MGC_HOME/shared/include/sysc/kernel/sc_simcontext.h
                  $MGC_HOME/shared/include/sysc/kernel/sc_cmnhdr.h
                  $MGC_HOME/shared/include/sysc/kernel/sc_status.h
                    $MGC_HOME/shared/include/sysc/kernel/sc_cmnhdr.h
                  $MGC_HOME/shared/include/sysc/utils/sc_hash.h
                    $MGC_HOME/shared/include/sysc/kernel/sc_simcontext.h
                  $MGC_HOME/shared/include/sysc/utils/sc_pq.h
                    $MGC_HOME/shared/include/sysc/kernel/sc_cmnhdr.h
              $MGC_HOME/shared/include/sysc/kernel/sc_wait_cthread.h
                $MGC_HOME/shared/include/sysc/datatypes/bit/sc_logic.h
                  $MGC_HOME/shared/include/sysc/kernel/sc_cmnhdr.h
                  $MGC_HOME/shared/include/sysc/kernel/sc_macros.h
                    $MGC_HOME/shared/include/sysc/kernel/sc_cmnhdr.h
                  $MGC_HOME/shared/include/sysc/utils/sc_mempool.h
                  $MGC_HOME/shared/include/sysc/datatypes/bit/sc_bit.h
              $MGC_HOME/shared/include/sysc/kernel/sc_process_handle.h
                $MGC_HOME/shared/include/sysc/kernel/sc_module.h
              $MGC_HOME/shared/include/sysc/utils/sc_list.h
                $MGC_HOME/shared/include/sysc/kernel/sc_cmnhdr.h
            $MGC_HOME/shared/include/sysc/kernel/sc_ver.h
              $MGC_HOME/shared/include/sysc/kernel/sc_cmnhdr.h
              $MGC_HOME/shared/include/sysc/communication/sc_writer_policy.h
            $MGC_HOME/shared/include/sysc/communication/sc_buffer.h
              $MGC_HOME/shared/include/sysc/communication/sc_signal.h
                $MGC_HOME/shared/include/sysc/communication/sc_port.h
                  $MGC_HOME/shared/include/sysc/kernel/sc_event.h
                    $MGC_HOME/shared/include/sysc/kernel/sc_cmnhdr.h
                $MGC_HOME/shared/include/sysc/communication/sc_prim_channel.h
                $MGC_HOME/shared/include/sysc/communication/sc_signal_ifs.h
                $MGC_HOME/shared/include/sysc/tracing/sc_trace.h
            $MGC_HOME/shared/include/sysc/communication/sc_clock.h
            $MGC_HOME/shared/include/sysc/communication/sc_clock_ports.h
              $MGC_HOME/shared/include/sysc/communication/sc_signal_ports.h
                $MGC_HOME/shared/include/sysc/communication/sc_event_finder.h
            $MGC_HOME/shared/include/sysc/communication/sc_event_queue.h
            $MGC_HOME/shared/include/sysc/communication/sc_fifo.h
              $MGC_HOME/shared/include/sysc/communication/sc_fifo_ifs.h
            $MGC_HOME/shared/include/sysc/communication/sc_fifo_ports.h
            $MGC_HOME/shared/include/sysc/communication/sc_mutex.h
              $MGC_HOME/shared/include/sysc/communication/sc_mutex_if.h
            $MGC_HOME/shared/include/sysc/communication/sc_semaphore.h
              $MGC_HOME/shared/include/sysc/communication/sc_semaphore_if.h
            $MGC_HOME/shared/include/sysc/communication/sc_signal_resolved.h
            $MGC_HOME/shared/include/sysc/communication/sc_signal_resolved_ports.h
            $MGC_HOME/shared/include/sysc/communication/sc_signal_rv.h
              $MGC_HOME/shared/include/sysc/datatypes/bit/sc_lv.h
                $MGC_HOME/shared/include/sysc/datatypes/bit/sc_lv_base.h
                  $MGC_HOME/shared/include/sysc/datatypes/bit/sc_bv_base.h
                    $MGC_HOME/shared/include/sysc/datatypes/bit/sc_bit_proxies.h
                      $MGC_HOME/shared/include/sysc/datatypes/bit/sc_proxy.h
                        $MGC_HOME/shared/include/sysc/kernel/sc_cmnhdr.h
                        $MGC_HOME/shared/include/sysc/datatypes/int/sc_signed.h
                          $MGC_HOME/shared/include/sysc/datatypes/misc/sc_value_base.h
                          $MGC_HOME/shared/include/sysc/utils/sc_temporary.h
                            $MGC_HOME/shared/include/sysc/kernel/sc_cmnhdr.h
                          $MGC_HOME/shared/include/sysc/datatypes/int/sc_length_param.h
                            $MGC_HOME/shared/include/sysc/datatypes/fx/sc_context.h
                              $MGC_HOME/shared/include/sysc/kernel/sc_cmnhdr.h
                          $MGC_HOME/shared/include/sysc/datatypes/int/sc_nbexterns.h
                          $MGC_HOME/shared/include/sysc/datatypes/int/sc_unsigned.h
                        $MGC_HOME/shared/include/sysc/datatypes/int/sc_int_base.h
                          $MGC_HOME/shared/include/sysc/kernel/sc_cmnhdr.h
                          $MGC_HOME/shared/include/sysc/datatypes/int/sc_uint_base.h
            $MGC_HOME/shared/include/sysc/communication/sc_signal_rv_ports.h
            $MGC_HOME/shared/include/sysc/datatypes/bit/sc_bv.h
            $MGC_HOME/shared/include/sysc/datatypes/int/sc_bigint.h
            $MGC_HOME/shared/include/sysc/datatypes/int/sc_biguint.h
            $MGC_HOME/shared/include/sysc/datatypes/int/sc_int.h
            $MGC_HOME/shared/include/sysc/datatypes/int/sc_uint.h
            $MGC_HOME/shared/include/sysc/datatypes/misc/sc_concatref.h
            $MGC_HOME/shared/include/sysc/utils/sc_utils_ids.h
            $MGC_HOME/shared/include/sysc/utils/sc_pvector.h
            $MGC_HOME/shared/include/sysc/utils/sc_string_view.h
              $MGC_HOME/shared/include/sysc/kernel/sc_cmnhdr.h
              $MGC_HOME/shared/include/sysc/packages/boost/utility/string_view.hpp
                $MGC_HOME/shared/include/sysc/packages/boost/config.hpp
                  $MGC_HOME/shared/include/sysc/packages/boost/config/user.hpp
                  $MGC_HOME/shared/include/sysc/packages/boost/config/select_compiler_config.hpp
                  $MGC_HOME/shared/include/sysc/packages/boost/config/compiler/gcc.hpp
                  $MGC_HOME/shared/include/sysc/packages/boost/config/select_stdlib_config.hpp
                  $MGC_HOME/shared/include/sysc/packages/boost/config/stdlib/libstdcpp3.hpp
                  $MGC_HOME/shared/include/sysc/packages/boost/config/select_platform_config.hpp
                  $MGC_HOME/shared/include/sysc/packages/boost/config/platform/linux.hpp
                    $MGC_HOME/shared/include/sysc/packages/boost/config/posix_features.hpp
                  $MGC_HOME/shared/include/sysc/packages/boost/config/suffix.hpp
                $MGC_HOME/shared/include/sysc/packages/boost/utility/string_view_fwd.hpp
            $MGC_HOME/shared/include/sysc/utils/sc_vector.h
            $MGC_HOME/shared/include/sysc/kernel/sc_dynamic_processes.h
              $MGC_HOME/shared/include/sysc/kernel/sc_cmnhdr.h
              $MGC_HOME/shared/include/sysc/kernel/sc_spawn.h
                $MGC_HOME/shared/include/sysc/kernel/sc_spawn_options.h
              $MGC_HOME/shared/include/sysc/kernel/sc_join.h
        $MGC_HOME/shared/pkgs/matchlib/cmod/include/nvhls_marshaller.h
          $MGC_HOME/shared/include/connections/marshaller.h
            $MGC_HOME/shared/include/ccs_types.h
              $MGC_HOME/shared/include/tlm.h
                $MGC_HOME/shared/include/tlm
                  $MGC_HOME/shared/include/systemc
                  $MGC_HOME/shared/include/tlm_core/tlm_2/tlm_version.h
                  $MGC_HOME/shared/include/tlm_core/tlm_1/tlm_analysis/tlm_analysis.h
                    $MGC_HOME/shared/include/tlm_core/tlm_1/tlm_analysis/tlm_write_if.h
                      $MGC_HOME/shared/include/systemc
                    $MGC_HOME/shared/include/tlm_core/tlm_1/tlm_analysis/tlm_analysis_if.h
                    $MGC_HOME/shared/include/tlm_core/tlm_1/tlm_analysis/tlm_analysis_triple.h
                    $MGC_HOME/shared/include/tlm_core/tlm_1/tlm_analysis/tlm_analysis_port.h
                    $MGC_HOME/shared/include/tlm_core/tlm_1/tlm_analysis/tlm_analysis_fifo.h
                      $MGC_HOME/shared/include/tlm_core/tlm_1/tlm_req_rsp/tlm_channels/tlm_fifo/tlm_fifo.h
                        $MGC_HOME/shared/include/tlm_core/tlm_1/tlm_req_rsp/tlm_1_interfaces/tlm_fifo_ifs.h
                          $MGC_HOME/shared/include/tlm_core/tlm_1/tlm_req_rsp/tlm_1_interfaces/tlm_core_ifs.h
                            $MGC_HOME/shared/include/tlm_core/tlm_1/tlm_req_rsp/tlm_1_interfaces/tlm_tag.h
                        $MGC_HOME/shared/include/tlm_core/tlm_1/tlm_req_rsp/tlm_channels/tlm_fifo/circular_buffer.h
                        $MGC_HOME/shared/include/tlm_core/tlm_1/tlm_req_rsp/tlm_channels/tlm_fifo/tlm_fifo_put_get.h
                        $MGC_HOME/shared/include/tlm_core/tlm_1/tlm_req_rsp/tlm_channels/tlm_fifo/tlm_fifo_peek.h
                        $MGC_HOME/shared/include/tlm_core/tlm_1/tlm_req_rsp/tlm_channels/tlm_fifo/tlm_fifo_resize.h
                  $MGC_HOME/shared/include/tlm_core/tlm_1/tlm_req_rsp/tlm_req_rsp.h
                    $MGC_HOME/shared/include/tlm_core/tlm_1/tlm_req_rsp/tlm_1_interfaces/tlm_master_slave_ifs.h
                    $MGC_HOME/shared/include/tlm_core/tlm_1/tlm_req_rsp/tlm_channels/tlm_req_rsp_channels/tlm_req_rsp_channels.h
                      $MGC_HOME/shared/include/tlm_core/tlm_1/tlm_req_rsp/tlm_adapters/tlm_adapters.h
                      $MGC_HOME/shared/include/tlm_core/tlm_1/tlm_req_rsp/tlm_channels/tlm_req_rsp_channels/tlm_put_get_imp.h
                    $MGC_HOME/shared/include/tlm_core/tlm_1/tlm_req_rsp/tlm_ports/tlm_nonblocking_port.h
                      $MGC_HOME/shared/include/tlm_core/tlm_1/tlm_req_rsp/tlm_ports/tlm_event_finder.h
                  $MGC_HOME/shared/include/tlm_core/tlm_2/tlm_2_interfaces/tlm_2_interfaces.h
                    $MGC_HOME/shared/include/tlm_core/tlm_2/tlm_2_interfaces/tlm_dmi.h
                      $MGC_HOME/shared/include/systemc
                    $MGC_HOME/shared/include/tlm_core/tlm_2/tlm_2_interfaces/tlm_fw_bw_ifs.h
                      $MGC_HOME/shared/include/systemc
                      $MGC_HOME/shared/include/tlm_core/tlm_2/tlm_generic_payload/tlm_generic_payload.h
                        $MGC_HOME/shared/include/tlm_core/tlm_2/tlm_generic_payload/tlm_helpers.h
                        $MGC_HOME/shared/include/tlm_core/tlm_2/tlm_generic_payload/tlm_phase.h
                          $MGC_HOME/shared/include/sysc/kernel/sc_cmnhdr.h
                        $MGC_HOME/shared/include/tlm_core/tlm_2/tlm_generic_payload/tlm_gp.h
                          $MGC_HOME/shared/include/sysc/kernel/sc_cmnhdr.h
                          $MGC_HOME/shared/include/tlm_core/tlm_2/tlm_generic_payload/tlm_array.h
                        $MGC_HOME/shared/include/tlm_core/tlm_2/tlm_generic_payload/tlm_endian_conv.h
                  $MGC_HOME/shared/include/tlm_core/tlm_2/tlm_sockets/tlm_sockets.h
                    $MGC_HOME/shared/include/tlm_core/tlm_2/tlm_sockets/tlm_initiator_socket.h
                      $MGC_HOME/shared/include/tlm_core/tlm_2/tlm_sockets/tlm_base_socket_if.h
                    $MGC_HOME/shared/include/tlm_core/tlm_2/tlm_sockets/tlm_target_socket.h
                  $MGC_HOME/shared/include/tlm_core/tlm_2/tlm_quantum/tlm_quantum.h
                    $MGC_HOME/shared/include/tlm_core/tlm_2/tlm_quantum/tlm_global_quantum.h
              $MGC_HOME/shared/include/ac_sc.h
                $MGC_HOME/shared/include/ac_complex.h
                  $MGC_HOME/shared/include/ac_float.h
                    $MGC_HOME/shared/include/ac_fixed.h
                      $MGC_HOME/shared/include/ac_int.h
              $MGC_HOME/shared/include/mc_typeconv.h
            $MGC_HOME/shared/include/connections/connections_utils.h
              $MGC_HOME/shared/include/ac_assert.h
          $MGC_HOME/shared/pkgs/matchlib/cmod/include/nvhls_assert.h
            $MGC_HOME/shared/pkgs/matchlib/cmod/include/hls_globals.h
            $MGC_HOME/shared/include/ac_assert.h
      $MGC_HOME/shared/pkgs/matchlib/cmod/include/nvhls_types.h
      $MGC_HOME/shared/pkgs/matchlib/cmod/include/nvhls_message.h
        $MGC_HOME/shared/pkgs/matchlib/cmod/include/nvhls_connections_utils.h
        $MGC_HOME/shared/include/connections/message.h
      $MGC_HOME/shared/pkgs/matchlib/cmod/include/arbitrated_crossbar.h
        $MGC_HOME/shared/pkgs/matchlib/cmod/include/fifo.h
          $MGC_HOME/shared/pkgs/matchlib/cmod/include/mem_array.h
            $MGC_HOME/shared/pkgs/matchlib/cmod/include/nvhls_array.h
              $MGC_HOME/shared/include/ac_assert.h
            $MGC_HOME/shared/pkgs/matchlib/cmod/include/TypeToBits.h
        $MGC_HOME/shared/pkgs/matchlib/cmod/include/Arbiter.h
        $MGC_HOME/shared/pkgs/matchlib/cmod/include/one_hot_to_bin.h
        $MGC_HOME/shared/pkgs/matchlib/cmod/include/hls_globals.h
      $MGC_HOME/shared/pkgs/matchlib/cmod/include/crossbar.h
    $MGC_HOME/shared/pkgs/matchlib/cmod/include/nvhls_module.h
      $MGC_HOME/shared/pkgs/matchlib/cmod/include/nvhls_trace.h
    $MGC_HOME/shared/pkgs/matchlib/cmod/include/nvhls_vector.h
      $MGC_HOME/shared/pkgs/matchlib/cmod/include/hls_globals.h
      $MGC_HOME/shared/include/ccs_p2p.h
        $MGC_HOME/shared/include/ccs_p2p/ccs_p2p_wire.h
        $MGC_HOME/shared/include/ccs_p2p/ccs_p2p_valid.h
        $MGC_HOME/shared/include/ccs_p2p/ccs_p2p_fifo.h
        $MGC_HOME/shared/include/ccs_p2p/ccs_p2p_sync.h
        $MGC_HOME/shared/include/ccs_p2p/ccs_p2p_event.h
    $PROJECT_HOME/../../../../../src/include/AxiSpec.h
      $MGC_HOME/shared/pkgs/matchlib/cmod/include/axi/AxiSplitter.h
        $MGC_HOME/shared/pkgs/matchlib/cmod/include/nvhls_connections.h
          $MGC_HOME/shared/include/connections/connections.h
            $MGC_HOME/shared/include/connections/marshaller.h
              $MGC_HOME/shared/include/mc_typeconv.h
            $MGC_HOME/shared/include/connections/connections_trace.h
              $MGC_HOME/shared/include/systemc
          $MGC_HOME/shared/pkgs/matchlib/cmod/include/nvhls_packet.h
          $MGC_HOME/shared/pkgs/matchlib/cmod/include/nvhls_connections_buffered_ports.h
          $MGC_HOME/shared/pkgs/matchlib/cmod/include/nvhls_connections_network.h
            $MGC_HOME/shared/pkgs/matchlib/cmod/include/nvhls_connections.h
        $MGC_HOME/shared/pkgs/matchlib/cmod/include/nvhls_serdes.h
          $MGC_HOME/shared/pkgs/matchlib/cmod/include/hls_globals.h
        $MGC_HOME/shared/pkgs/matchlib/cmod/include/axi/axi4.h
          $MGC_HOME/shared/include/systemc
          $MGC_HOME/shared/include/auto_gen_fields.h
            /cad/xilinx/vitis/2020.1/Vitis/2020.1/cardano/tps/boost_1_64_0/boost/preprocessor/list/for_each.hpp
              /cad/xilinx/vitis/2020.1/Vitis/2020.1/cardano/tps/boost_1_64_0/boost/preprocessor/config/config.hpp
              /cad/xilinx/vitis/2020.1/Vitis/2020.1/cardano/tps/boost_1_64_0/boost/preprocessor/list/for_each_i.hpp
                /cad/xilinx/vitis/2020.1/Vitis/2020.1/cardano/tps/boost_1_64_0/boost/preprocessor/arithmetic/inc.hpp
                  /cad/xilinx/vitis/2020.1/Vitis/2020.1/cardano/tps/boost_1_64_0/boost/preprocessor/config/config.hpp
                /cad/xilinx/vitis/2020.1/Vitis/2020.1/cardano/tps/boost_1_64_0/boost/preprocessor/list/adt.hpp
                  /cad/xilinx/vitis/2020.1/Vitis/2020.1/cardano/tps/boost_1_64_0/boost/preprocessor/config/config.hpp
                  /cad/xilinx/vitis/2020.1/Vitis/2020.1/cardano/tps/boost_1_64_0/boost/preprocessor/detail/is_binary.hpp
                    /cad/xilinx/vitis/2020.1/Vitis/2020.1/cardano/tps/boost_1_64_0/boost/preprocessor/config/config.hpp
                    /cad/xilinx/vitis/2020.1/Vitis/2020.1/cardano/tps/boost_1_64_0/boost/preprocessor/detail/check.hpp
                      /cad/xilinx/vitis/2020.1/Vitis/2020.1/cardano/tps/boost_1_64_0/boost/preprocessor/cat.hpp
                        /cad/xilinx/vitis/2020.1/Vitis/2020.1/cardano/tps/boost_1_64_0/boost/preprocessor/config/config.hpp
                  /cad/xilinx/vitis/2020.1/Vitis/2020.1/cardano/tps/boost_1_64_0/boost/preprocessor/logical/compl.hpp
                    /cad/xilinx/vitis/2020.1/Vitis/2020.1/cardano/tps/boost_1_64_0/boost/preprocessor/config/config.hpp
                  /cad/xilinx/vitis/2020.1/Vitis/2020.1/cardano/tps/boost_1_64_0/boost/preprocessor/tuple/eat.hpp
                    /cad/xilinx/vitis/2020.1/Vitis/2020.1/cardano/tps/boost_1_64_0/boost/preprocessor/config/config.hpp
                /cad/xilinx/vitis/2020.1/Vitis/2020.1/cardano/tps/boost_1_64_0/boost/preprocessor/repetition/for.hpp
                  /cad/xilinx/vitis/2020.1/Vitis/2020.1/cardano/tps/boost_1_64_0/boost/preprocessor/cat.hpp
                  /cad/xilinx/vitis/2020.1/Vitis/2020.1/cardano/tps/boost_1_64_0/boost/preprocessor/debug/error.hpp
                    /cad/xilinx/vitis/2020.1/Vitis/2020.1/cardano/tps/boost_1_64_0/boost/preprocessor/cat.hpp
                    /cad/xilinx/vitis/2020.1/Vitis/2020.1/cardano/tps/boost_1_64_0/boost/preprocessor/config/config.hpp
                  /cad/xilinx/vitis/2020.1/Vitis/2020.1/cardano/tps/boost_1_64_0/boost/preprocessor/facilities/empty.hpp
                    /cad/xilinx/vitis/2020.1/Vitis/2020.1/cardano/tps/boost_1_64_0/boost/preprocessor/config/config.hpp
                  /cad/xilinx/vitis/2020.1/Vitis/2020.1/cardano/tps/boost_1_64_0/boost/preprocessor/logical/bool.hpp
                    /cad/xilinx/vitis/2020.1/Vitis/2020.1/cardano/tps/boost_1_64_0/boost/preprocessor/config/config.hpp
                  /cad/xilinx/vitis/2020.1/Vitis/2020.1/cardano/tps/boost_1_64_0/boost/preprocessor/detail/auto_rec.hpp
                    /cad/xilinx/vitis/2020.1/Vitis/2020.1/cardano/tps/boost_1_64_0/boost/preprocessor/config/config.hpp
                    /cad/xilinx/vitis/2020.1/Vitis/2020.1/cardano/tps/boost_1_64_0/boost/preprocessor/control/iif.hpp
                      /cad/xilinx/vitis/2020.1/Vitis/2020.1/cardano/tps/boost_1_64_0/boost/preprocessor/config/config.hpp
                  /cad/xilinx/vitis/2020.1/Vitis/2020.1/cardano/tps/boost_1_64_0/boost/preprocessor/repetition/detail/edg/for.hpp
                    /cad/xilinx/vitis/2020.1/Vitis/2020.1/cardano/tps/boost_1_64_0/boost/preprocessor/control/if.hpp
                      /cad/xilinx/vitis/2020.1/Vitis/2020.1/cardano/tps/boost_1_64_0/boost/preprocessor/config/config.hpp
                      /cad/xilinx/vitis/2020.1/Vitis/2020.1/cardano/tps/boost_1_64_0/boost/preprocessor/control/iif.hpp
                      /cad/xilinx/vitis/2020.1/Vitis/2020.1/cardano/tps/boost_1_64_0/boost/preprocessor/logical/bool.hpp
                    /cad/xilinx/vitis/2020.1/Vitis/2020.1/cardano/tps/boost_1_64_0/boost/preprocessor/tuple/eat.hpp
                /cad/xilinx/vitis/2020.1/Vitis/2020.1/cardano/tps/boost_1_64_0/boost/preprocessor/tuple/elem.hpp
              /cad/xilinx/vitis/2020.1/Vitis/2020.1/cardano/tps/boost_1_64_0/boost/preprocessor/tuple/rem.hpp
            /cad/xilinx/vitis/2020.1/Vitis/2020.1/cardano/tps/boost_1_64_0/boost/preprocessor/tuple/to_list.hpp
              /cad/xilinx/vitis/2020.1/Vitis/2020.1/cardano/tps/boost_1_64_0/boost/preprocessor/cat.hpp
              /cad/xilinx/vitis/2020.1/Vitis/2020.1/cardano/tps/boost_1_64_0/boost/preprocessor/config/config.hpp
              /cad/xilinx/vitis/2020.1/Vitis/2020.1/cardano/tps/boost_1_64_0/boost/preprocessor/facilities/overload.hpp
              /cad/xilinx/vitis/2020.1/Vitis/2020.1/cardano/tps/boost_1_64_0/boost/preprocessor/tuple/size.hpp
                /cad/xilinx/vitis/2020.1/Vitis/2020.1/cardano/tps/boost_1_64_0/boost/preprocessor/cat.hpp
                /cad/xilinx/vitis/2020.1/Vitis/2020.1/cardano/tps/boost_1_64_0/boost/preprocessor/config/config.hpp
                /cad/xilinx/vitis/2020.1/Vitis/2020.1/cardano/tps/boost_1_64_0/boost/preprocessor/variadic/size.hpp
            $MGC_HOME/shared/include/connections/marshaller.h
              $MGC_HOME/shared/include/mc_typeconv.h
            $MGC_HOME/shared/pkgs/matchlib/cmod/include/UIntOrEmpty.h
              $MGC_HOME/shared/include/systemc
          $MGC_HOME/shared/pkgs/matchlib/cmod/include/axi/axi4_encoding.h
          $MGC_HOME/shared/pkgs/matchlib/cmod/include/axi/axi4_configs.h
      $MGC_HOME/shared/pkgs/matchlib/cmod/include/axi/AxiSubordinateToReadyValid.h
        $MGC_HOME/shared/pkgs/matchlib/cmod/include/hls_globals.h
        $MGC_HOME/shared/pkgs/matchlib/cmod/include/axi/AxiSubordinateToReadyValid/testbench/RVSink.h
          $MGC_HOME/shared/pkgs/matchlib/cmod/include/axi/AxiSubordinateToReadyValid.h
      $PROJECT_HOME/../../../../../src/include/Spec.h
        $MGC_HOME/shared/include/connections/marshaller.h
          $MGC_HOME/shared/include/mc_typeconv.h
    $PROJECT_HOME/../../../../../src/include/GBSpec.h
  $PROJECT_HOME/../../../../../src/Top/GBPartition/GBModule/GBCore/testbench.cpp

Processes/Blocks in Design
  Process           Real Operation(s) count Latency Throughput Reset Length II Comments 
  ----------------- ----------------------- ------- ---------- ------------ -- --------
  /GBCore/GBCoreRun                     900       6          1            1  0          
  Design Total:                         900       6          1            1  1          
  
Clock Information
  Clock Signal Edge   Period Sharing Alloc (%) Uncertainty Used by Processes/Blocks 
  ------------ ------ ------ ----------------- ----------- ------------------------
  clk          rising  4.000             20.00    0.000000 /GBCore/GBCoreRun        
  
I/O Data Ranges
  Port                    Mode DeclType DeclWidth DeclRange ActType ActWidth ActRange 
  ----------------------- ---- -------- --------- --------- ------- -------- --------
  clk                     IN   Unsigned         1                                     
  rst                     IN   Unsigned         1                                     
  rva_in_large.vld        IN   Unsigned         1                                     
  rva_in_large.dat        IN   Unsigned       169                                     
  rva_out_large.rdy       IN   Unsigned         1                                     
  nmp_large_req.vld       IN   Unsigned         1                                     
  nmp_large_req.dat       IN   Unsigned       155                                     
  nmp_large_rsp.rdy       IN   Unsigned         1                                     
  gbcontrol_large_req.vld IN   Unsigned         1                                     
  gbcontrol_large_req.dat IN   Unsigned       155                                     
  gbcontrol_large_rsp.rdy IN   Unsigned         1                                     
  SC_SRAM_CONFIG          IN   Unsigned        32                                     
  rva_in_large.rdy        OUT  Unsigned         1                                     
  rva_out_large.vld       OUT  Unsigned         1                                     
  rva_out_large.dat       OUT  Unsigned       128                                     
  nmp_large_req.rdy       OUT  Unsigned         1                                     
  nmp_large_rsp.vld       OUT  Unsigned         1                                     
  nmp_large_rsp.dat       OUT  Unsigned       128                                     
  gbcontrol_large_req.rdy OUT  Unsigned         1                                     
  gbcontrol_large_rsp.vld OUT  Unsigned         1                                     
  gbcontrol_large_rsp.dat OUT  Unsigned       128                                     
  
Memory Resources
  Resource Name: /GBCore/Connections::InBlocking<RVSink<spec::Axi::rvaCfg>::Write,Connections::SYN_PORT>::PopNB/data.data:rsc
    Memory Component: mgc_out_dreg                 Size:         1 x 128
    External:         true                         Packing Mode: sidebyside
    Memory Map:
    Variable                                                                                                 Indices Phys Memory Address     
    -------------------------------------------------------------------------------------------------------- ------- -----------------------
    /GBCore/Connections::InBlocking<RVSink<spec::Axi::rvaCfg>::Write,Connections::SYN_PORT>::PopNB/data.data   0:127 00000000-00000000 (0-0) 
    
  Resource Name: /GBCore/Connections::InBlocking<RVSink<spec::Axi::rvaCfg>::Write,Connections::SYN_PORT>::PopNB/data.addr:rsc
    Memory Component: mgc_out_dreg                 Size:         1 x 24
    External:         true                         Packing Mode: sidebyside
    Memory Map:
    Variable                                                                                                 Indices Phys Memory Address     
    -------------------------------------------------------------------------------------------------------- ------- -----------------------
    /GBCore/Connections::InBlocking<RVSink<spec::Axi::rvaCfg>::Write,Connections::SYN_PORT>::PopNB/data.addr    0:23 00000000-00000000 (0-0) 
    
  Resource Name: /GBCore/Connections::InBlocking<RVSink<spec::Axi::rvaCfg>::Write,Connections::SYN_PORT>::PopNB/data.wstrb:rsc
    Memory Component: mgc_out_dreg                 Size:         1 x 16
    External:         true                         Packing Mode: sidebyside
    Memory Map:
    Variable                                                                                                  Indices Phys Memory Address     
    --------------------------------------------------------------------------------------------------------- ------- -----------------------
    /GBCore/Connections::InBlocking<RVSink<spec::Axi::rvaCfg>::Write,Connections::SYN_PORT>::PopNB/data.wstrb    0:15 00000000-00000000 (0-0) 
    
  Resource Name: /GBCore/Connections::InBlocking<RVSink<spec::Axi::rvaCfg>::Write,Connections::SYN_PORT>::PopNB/data.rw:rsc
    Memory Component: mgc_out_dreg                 Size:         1 x 1
    External:         true                         Packing Mode: sidebyside
    Memory Map:
    Variable                                                                                               Indices Phys Memory Address     
    ------------------------------------------------------------------------------------------------------ ------- -----------------------
    /GBCore/Connections::InBlocking<RVSink<spec::Axi::rvaCfg>::Write,Connections::SYN_PORT>::PopNB/data.rw     0:0 00000000-00000000 (0-0) 
    
  Resource Name: /GBCore/Connections::InBlocking<RVSink<spec::Axi::rvaCfg>::Write,Connections::SYN_PORT>::PopNB/do_wait:rsc
    Memory Component: ccs_in                       Size:         1 x 1
    External:         true                         Packing Mode: sidebyside
    Memory Map:
    Variable                                                                                               Indices Phys Memory Address     
    ------------------------------------------------------------------------------------------------------ ------- -----------------------
    /GBCore/Connections::InBlocking<RVSink<spec::Axi::rvaCfg>::Write,Connections::SYN_PORT>::PopNB/do_wait     0:0 00000000-00000000 (0-0) 
    
  Resource Name: /GBCore/Connections::InBlocking<RVSink<spec::Axi::rvaCfg>::Write,Connections::SYN_PORT>::PopNB/return:rsc
    Memory Component: mgc_out_dreg                 Size:         1 x 1
    External:         true                         Packing Mode: sidebyside
    Memory Map:
    Variable                                                                                              Indices Phys Memory Address     
    ----------------------------------------------------------------------------------------------------- ------- -----------------------
    /GBCore/Connections::InBlocking<RVSink<spec::Axi::rvaCfg>::Write,Connections::SYN_PORT>::PopNB/return     0:0 00000000-00000000 (0-0) 
    
  Resource Name: /GBCore/Connections::InBlocking<RVSink<spec::Axi::rvaCfg>::Write,Connections::SYN_PORT>::PopNB/ccs_ccore_start:rsc
    Memory Component: ccs_in                       Size:         1 x 1
    External:         true                         Packing Mode: sidebyside
    Memory Map:
    Variable                                                                                                       Indices Phys Memory Address     
    -------------------------------------------------------------------------------------------------------------- ------- -----------------------
    /GBCore/Connections::InBlocking<RVSink<spec::Axi::rvaCfg>::Write,Connections::SYN_PORT>::PopNB/ccs_ccore_start     0:0 00000000-00000000 (0-0) 
    
  Resource Name: /GBCore/Connections::InBlocking<spec::GB::Large::DataReq,Connections::SYN_PORT>::PopNB/data.is_write:rsc
    Memory Component: mgc_out_dreg                 Size:         1 x 1
    External:         true                         Packing Mode: sidebyside
    Memory Map:
    Variable                                                                                             Indices Phys Memory Address     
    ---------------------------------------------------------------------------------------------------- ------- -----------------------
    /GBCore/Connections::InBlocking<spec::GB::Large::DataReq,Connections::SYN_PORT>::PopNB/data.is_write     0:0 00000000-00000000 (0-0) 
    
  Resource Name: /GBCore/Connections::InBlocking<spec::GB::Large::DataReq,Connections::SYN_PORT>::PopNB/data.memory_index:rsc
    Memory Component: mgc_out_dreg                 Size:         1 x 2
    External:         true                         Packing Mode: sidebyside
    Memory Map:
    Variable                                                                                                 Indices Phys Memory Address     
    -------------------------------------------------------------------------------------------------------- ------- -----------------------
    /GBCore/Connections::InBlocking<spec::GB::Large::DataReq,Connections::SYN_PORT>::PopNB/data.memory_index     0:1 00000000-00000000 (0-0) 
    
  Resource Name: /GBCore/Connections::InBlocking<spec::GB::Large::DataReq,Connections::SYN_PORT>::PopNB/data.vector_index:rsc
    Memory Component: mgc_out_dreg                 Size:         1 x 8
    External:         true                         Packing Mode: sidebyside
    Memory Map:
    Variable                                                                                                 Indices Phys Memory Address     
    -------------------------------------------------------------------------------------------------------- ------- -----------------------
    /GBCore/Connections::InBlocking<spec::GB::Large::DataReq,Connections::SYN_PORT>::PopNB/data.vector_index     0:7 00000000-00000000 (0-0) 
    
  Resource Name: /GBCore/Connections::InBlocking<spec::GB::Large::DataReq,Connections::SYN_PORT>::PopNB/data.timestep_index:rsc
    Memory Component: mgc_out_dreg                 Size:         1 x 16
    External:         true                         Packing Mode: sidebyside
    Memory Map:
    Variable                                                                                                   Indices Phys Memory Address     
    ---------------------------------------------------------------------------------------------------------- ------- -----------------------
    /GBCore/Connections::InBlocking<spec::GB::Large::DataReq,Connections::SYN_PORT>::PopNB/data.timestep_index    0:15 00000000-00000000 (0-0) 
    
  Resource Name: /GBCore/Connections::InBlocking<spec::GB::Large::DataReq,Connections::SYN_PORT>::PopNB/data.write_data.data:rsc
    Memory Component: mgc_out_dreg                 Size:         1 x 128
    External:         true                         Packing Mode: sidebyside
    Memory Map:
    Variable                                                                                                    Indices Phys Memory Address     
    ----------------------------------------------------------------------------------------------------------- ------- -----------------------
    /GBCore/Connections::InBlocking<spec::GB::Large::DataReq,Connections::SYN_PORT>::PopNB/data.write_data.data   0:127 00000000-00000000 (0-0) 
    
  Resource Name: /GBCore/Connections::InBlocking<spec::GB::Large::DataReq,Connections::SYN_PORT>::PopNB/do_wait:rsc
    Memory Component: ccs_in                       Size:         1 x 1
    External:         true                         Packing Mode: sidebyside
    Memory Map:
    Variable                                                                                       Indices Phys Memory Address     
    ---------------------------------------------------------------------------------------------- ------- -----------------------
    /GBCore/Connections::InBlocking<spec::GB::Large::DataReq,Connections::SYN_PORT>::PopNB/do_wait     0:0 00000000-00000000 (0-0) 
    
  Resource Name: /GBCore/Connections::InBlocking<spec::GB::Large::DataReq,Connections::SYN_PORT>::PopNB/return:rsc
    Memory Component: mgc_out_dreg                 Size:         1 x 1
    External:         true                         Packing Mode: sidebyside
    Memory Map:
    Variable                                                                                      Indices Phys Memory Address     
    --------------------------------------------------------------------------------------------- ------- -----------------------
    /GBCore/Connections::InBlocking<spec::GB::Large::DataReq,Connections::SYN_PORT>::PopNB/return     0:0 00000000-00000000 (0-0) 
    
  Resource Name: /GBCore/Connections::InBlocking<spec::GB::Large::DataReq,Connections::SYN_PORT>::PopNB/ccs_ccore_start:rsc
    Memory Component: ccs_in                       Size:         1 x 1
    External:         true                         Packing Mode: sidebyside
    Memory Map:
    Variable                                                                                               Indices Phys Memory Address     
    ------------------------------------------------------------------------------------------------------ ------- -----------------------
    /GBCore/Connections::InBlocking<spec::GB::Large::DataReq,Connections::SYN_PORT>::PopNB/ccs_ccore_start     0:0 00000000-00000000 (0-0) 
    
  Resource Name: /GBCore/Connections::OutBlocking<RVSink<spec::Axi::rvaCfg>::Read,Connections::SYN_PORT>::Push/m.data:rsc
    Memory Component: ccs_in                       Size:         1 x 128
    External:         true                         Packing Mode: sidebyside
    Memory Map:
    Variable                                                                                             Indices Phys Memory Address     
    ---------------------------------------------------------------------------------------------------- ------- -----------------------
    /GBCore/Connections::OutBlocking<RVSink<spec::Axi::rvaCfg>::Read,Connections::SYN_PORT>::Push/m.data   0:127 00000000-00000000 (0-0) 
    
  Resource Name: /GBCore/Connections::OutBlocking<RVSink<spec::Axi::rvaCfg>::Read,Connections::SYN_PORT>::Push/ccs_ccore_start:rsc
    Memory Component: ccs_in                       Size:         1 x 1
    External:         true                         Packing Mode: sidebyside
    Memory Map:
    Variable                                                                                                      Indices Phys Memory Address     
    ------------------------------------------------------------------------------------------------------------- ------- -----------------------
    /GBCore/Connections::OutBlocking<RVSink<spec::Axi::rvaCfg>::Read,Connections::SYN_PORT>::Push/ccs_ccore_start     0:0 00000000-00000000 (0-0) 
    
  Resource Name: /GBCore/Connections::OutBlocking<spec::GB::Large::DataRsp<1U>,Connections::SYN_PORT>::Push/m.read_vector.data.data:rsc
    Memory Component: ccs_in                       Size:         1 x 128
    External:         true                         Packing Mode: sidebyside
    Memory Map:
    Variable                                                                                                           Indices Phys Memory Address     
    ------------------------------------------------------------------------------------------------------------------ ------- -----------------------
    /GBCore/Connections::OutBlocking<spec::GB::Large::DataRsp<1U>,Connections::SYN_PORT>::Push/m.read_vector.data.data   0:127 00000000-00000000 (0-0) 
    
  Resource Name: /GBCore/Connections::OutBlocking<spec::GB::Large::DataRsp<1U>,Connections::SYN_PORT>::Push/ccs_ccore_start:rsc
    Memory Component: ccs_in                       Size:         1 x 1
    External:         true                         Packing Mode: sidebyside
    Memory Map:
    Variable                                                                                                   Indices Phys Memory Address     
    ---------------------------------------------------------------------------------------------------------- ------- -----------------------
    /GBCore/Connections::OutBlocking<spec::GB::Large::DataRsp<1U>,Connections::SYN_PORT>::Push/ccs_ccore_start     0:0 00000000-00000000 (0-0) 
    
  Resource Name: /GBCore/GBCoreRun/large_mem.banks.bank.a0.a0.a0.a0.a:rsc
    Memory Component: BLOCK_1R1W_RBW               Size:         4096 x 128
    External:         false                        Packing Mode: compact
    Memory Map:
    Variable                                             Indices Phys Memory Address        
    ---------------------------------------------------- ------- --------------------------
    /GBCore/GBCoreRun/large_mem.banks.bank.a0.a0.a0.a0.a   0:127 00000fff-00000000 (4095-0) 
    
  Resource Name: /GBCore/GBCoreRun/large_mem.banks.bank.a0.a0.a0.a1.a:rsc
    Memory Component: BLOCK_1R1W_RBW               Size:         4096 x 128
    External:         false                        Packing Mode: compact
    Memory Map:
    Variable                                             Indices Phys Memory Address        
    ---------------------------------------------------- ------- --------------------------
    /GBCore/GBCoreRun/large_mem.banks.bank.a0.a0.a0.a1.a   0:127 00000fff-00000000 (4095-0) 
    
  Resource Name: /GBCore/GBCoreRun/large_mem.banks.bank.a0.a0.a1.a0.a:rsc
    Memory Component: BLOCK_1R1W_RBW               Size:         4096 x 128
    External:         false                        Packing Mode: compact
    Memory Map:
    Variable                                             Indices Phys Memory Address        
    ---------------------------------------------------- ------- --------------------------
    /GBCore/GBCoreRun/large_mem.banks.bank.a0.a0.a1.a0.a   0:127 00000fff-00000000 (4095-0) 
    
  Resource Name: /GBCore/GBCoreRun/large_mem.banks.bank.a0.a0.a1.a1.a:rsc
    Memory Component: BLOCK_1R1W_RBW               Size:         4096 x 128
    External:         false                        Packing Mode: compact
    Memory Map:
    Variable                                             Indices Phys Memory Address        
    ---------------------------------------------------- ------- --------------------------
    /GBCore/GBCoreRun/large_mem.banks.bank.a0.a0.a1.a1.a   0:127 00000fff-00000000 (4095-0) 
    
  Resource Name: /GBCore/GBCoreRun/large_mem.banks.bank.a0.a1.a0.a0.a:rsc
    Memory Component: BLOCK_1R1W_RBW               Size:         4096 x 128
    External:         false                        Packing Mode: compact
    Memory Map:
    Variable                                             Indices Phys Memory Address        
    ---------------------------------------------------- ------- --------------------------
    /GBCore/GBCoreRun/large_mem.banks.bank.a0.a1.a0.a0.a   0:127 00000fff-00000000 (4095-0) 
    
  Resource Name: /GBCore/GBCoreRun/large_mem.banks.bank.a0.a1.a0.a1.a:rsc
    Memory Component: BLOCK_1R1W_RBW               Size:         4096 x 128
    External:         false                        Packing Mode: compact
    Memory Map:
    Variable                                             Indices Phys Memory Address        
    ---------------------------------------------------- ------- --------------------------
    /GBCore/GBCoreRun/large_mem.banks.bank.a0.a1.a0.a1.a   0:127 00000fff-00000000 (4095-0) 
    
  Resource Name: /GBCore/GBCoreRun/large_mem.banks.bank.a0.a1.a1.a0.a:rsc
    Memory Component: BLOCK_1R1W_RBW               Size:         4096 x 128
    External:         false                        Packing Mode: compact
    Memory Map:
    Variable                                             Indices Phys Memory Address        
    ---------------------------------------------------- ------- --------------------------
    /GBCore/GBCoreRun/large_mem.banks.bank.a0.a1.a1.a0.a   0:127 00000fff-00000000 (4095-0) 
    
  Resource Name: /GBCore/GBCoreRun/large_mem.banks.bank.a0.a1.a1.a1.a:rsc
    Memory Component: BLOCK_1R1W_RBW               Size:         4096 x 128
    External:         false                        Packing Mode: compact
    Memory Map:
    Variable                                             Indices Phys Memory Address        
    ---------------------------------------------------- ------- --------------------------
    /GBCore/GBCoreRun/large_mem.banks.bank.a0.a1.a1.a1.a   0:127 00000fff-00000000 (4095-0) 
    
  Resource Name: /GBCore/GBCoreRun/large_mem.banks.bank.a1.a0.a0.a0.a:rsc
    Memory Component: BLOCK_1R1W_RBW               Size:         4096 x 128
    External:         false                        Packing Mode: compact
    Memory Map:
    Variable                                             Indices Phys Memory Address        
    ---------------------------------------------------- ------- --------------------------
    /GBCore/GBCoreRun/large_mem.banks.bank.a1.a0.a0.a0.a   0:127 00000fff-00000000 (4095-0) 
    
  Resource Name: /GBCore/GBCoreRun/large_mem.banks.bank.a1.a0.a0.a1.a:rsc
    Memory Component: BLOCK_1R1W_RBW               Size:         4096 x 128
    External:         false                        Packing Mode: compact
    Memory Map:
    Variable                                             Indices Phys Memory Address        
    ---------------------------------------------------- ------- --------------------------
    /GBCore/GBCoreRun/large_mem.banks.bank.a1.a0.a0.a1.a   0:127 00000fff-00000000 (4095-0) 
    
  Resource Name: /GBCore/GBCoreRun/large_mem.banks.bank.a1.a0.a1.a0.a:rsc
    Memory Component: BLOCK_1R1W_RBW               Size:         4096 x 128
    External:         false                        Packing Mode: compact
    Memory Map:
    Variable                                             Indices Phys Memory Address        
    ---------------------------------------------------- ------- --------------------------
    /GBCore/GBCoreRun/large_mem.banks.bank.a1.a0.a1.a0.a   0:127 00000fff-00000000 (4095-0) 
    
  Resource Name: /GBCore/GBCoreRun/large_mem.banks.bank.a1.a0.a1.a1.a:rsc
    Memory Component: BLOCK_1R1W_RBW               Size:         4096 x 128
    External:         false                        Packing Mode: compact
    Memory Map:
    Variable                                             Indices Phys Memory Address        
    ---------------------------------------------------- ------- --------------------------
    /GBCore/GBCoreRun/large_mem.banks.bank.a1.a0.a1.a1.a   0:127 00000fff-00000000 (4095-0) 
    
  Resource Name: /GBCore/GBCoreRun/large_mem.banks.bank.a1.a1.a0.a0.a:rsc
    Memory Component: BLOCK_1R1W_RBW               Size:         4096 x 128
    External:         false                        Packing Mode: compact
    Memory Map:
    Variable                                             Indices Phys Memory Address        
    ---------------------------------------------------- ------- --------------------------
    /GBCore/GBCoreRun/large_mem.banks.bank.a1.a1.a0.a0.a   0:127 00000fff-00000000 (4095-0) 
    
  Resource Name: /GBCore/GBCoreRun/large_mem.banks.bank.a1.a1.a0.a1.a:rsc
    Memory Component: BLOCK_1R1W_RBW               Size:         4096 x 128
    External:         false                        Packing Mode: compact
    Memory Map:
    Variable                                             Indices Phys Memory Address        
    ---------------------------------------------------- ------- --------------------------
    /GBCore/GBCoreRun/large_mem.banks.bank.a1.a1.a0.a1.a   0:127 00000fff-00000000 (4095-0) 
    
  Resource Name: /GBCore/GBCoreRun/large_mem.banks.bank.a1.a1.a1.a0.a:rsc
    Memory Component: BLOCK_1R1W_RBW               Size:         4096 x 128
    External:         false                        Packing Mode: compact
    Memory Map:
    Variable                                             Indices Phys Memory Address        
    ---------------------------------------------------- ------- --------------------------
    /GBCore/GBCoreRun/large_mem.banks.bank.a1.a1.a1.a0.a   0:127 00000fff-00000000 (4095-0) 
    
  Resource Name: /GBCore/GBCoreRun/large_mem.banks.bank.a1.a1.a1.a1.a:rsc
    Memory Component: BLOCK_1R1W_RBW               Size:         4096 x 128
    External:         false                        Packing Mode: compact
    Memory Map:
    Variable                                             Indices Phys Memory Address        
    ---------------------------------------------------- ------- --------------------------
    /GBCore/GBCoreRun/large_mem.banks.bank.a1.a1.a1.a1.a   0:127 00000fff-00000000 (4095-0) 
    
C++ to Interface Mappings
  Resource/Fields C++ Type Interface Range Range Expression(x) x=step+offset Expression Limits 
  --------------- -------- --------------- ------------------- ------------- -----------------
  
Multi-Cycle (Combinational) Component Usage
  Instance Component Name Cycles 
  -------- -------------- ------
  
Loops
  Process           Loop             Iterations C-Steps Total Cycles  Duration  Unroll Init Comments 
  ----------------- ---------------- ---------- ------- ------------- --------- ------ ---- --------
  /GBCore/GBCoreRun GBCoreRun:rlp      Infinite       1           10  40.00 ns                       
  /GBCore/GBCoreRun  while             Infinite       9            9  36.00 ns            1          
  
Loop Execution Profile
  Process           Loop             Total Cycles % of Overall Design Cycles Throughput Cycles Comments 
  ----------------- ---------------- ------------ -------------------------- ----------------- --------
  /GBCore/GBCoreRun GBCoreRun:rlp              1                       10.00                1           
  /GBCore/GBCoreRun  while                     9                       90.00                1           
  
End of Report
