Command: vcs -full64 +libverbose -lca -psl -cm assert -assert enable_diag -Mdir=scverify/concat_sim_PEPartition_v_vcs -timescale=1ps/1ps -sysc=blocksync -debug_acc+all -debug_region+cell+encrypt -load libnovas.so:FSDBDumpCmd +vcsd +memcbk -sysc=show_sc_main -sysc=233 sc_main -kdb=sysc_elab -o scverify/concat_sim_PEPartition_v_vcs/sc_mainpwr -LDFLAGS  -l scverify/concat_sim_PEPartition_v_vcs/elab.log
Info: [VCS_SAVE_RESTORE_INFO] ASLR (Address Space Layout Randomization) is detected on the machine. To enable $save functionality, ASLR will be switched off and simv re-executed.
Please use '-no_save' simv switch to avoid this.
Info: [VCS_SAVE_RESTORE_INFO] ASLR (Address Space Layout Randomization) is detected on the machine. To enable $save functionality, ASLR will be switched off and simv re-executed.
Please use '-no_save' simv switch to avoid this.

Warning-[LNX_OS_VERUN] Unsupported Linux version
  Linux version 'Rocky Linux release 8.10 (Green Obsidian)' is not supported 
  on 'x86_64' officially, assuming linux compatibility by default. Set 
  VCS_ARCH_OVERRIDE to linux or suse32 to override.
  Please refer to release notes for information on supported platforms.


Warning-[LINX_KRNL] Unsupported Linux kernel
  Linux kernel '6.14.0-37-generic' is not supported.
  Supported versions are 2.4* or 2.6*.


Warning-[LCA_FEATURES_ENABLED] Usage warning
  LCA features enabled by '-lca' argument on the command line.  For more 
  information regarding list of LCA features please refer to Chapter "LCA 
  features" in the VCS Release Notes

Doing common elaboration 

Warning-[LNX_OS_VERUN] Unsupported Linux version
  Linux version 'Rocky Linux release 8.10 (Green Obsidian)' is not supported 
  on 'x86_64' officially, assuming linux compatibility by default. Set 
  VCS_ARCH_OVERRIDE to linux or suse32 to override.
  Please refer to release notes for information on supported platforms.


Warning-[LINX_KRNL] Unsupported Linux kernel
  Linux kernel '6.14.0-37-generic' is not supported.
  Supported versions are 2.4* or 2.6*.

*** Using c compiler gcc instead of cc ...
                         Chronologic VCS (TM)
         Version U-2023.03_Full64 -- Wed Mar 18 19:06:46 2026

                    Copyright (c) 1991 - 2023 Synopsys, Inc.
   This software and the associated documentation are proprietary to Synopsys,
 Inc. This software may only be used in accordance with the terms and conditions
 of a written license agreement with Synopsys, Inc. All other use, reproduction,
   or distribution of this software is strictly prohibited.  Licensed Products
     communicate with Synopsys servers for the purpose of providing software
    updates, detecting software piracy and verifying that customers are using
    Licensed Products in conformity with the applicable License Key for such
  Licensed Products. Synopsys will use information gathered in connection with
    this process to deliver software updates and pursue software pirates and
                                   infringers.

 Inclusivity & Diversity - Visit SolvNetPlus to read the "Synopsys Statement on
            Inclusivity and Diversity" (Refer to article 000036315 at
                        https://solvnetplus.synopsys.com)


Warning-[VPI-CT-NS] VPI function is not supported
  The VPI function 'vpi_register_cb' is not supported in the compiler.
  Please fix the code being referred to by the '-load' compile option.

Top Level Modules:
       sc_main
TimeScale is 1 ps / 1 ps
Starting vcs inline pass...

1 module and 0 UDP read.
recompiling module sc_main
make[2]: Entering directory `/home/users/code/cs217/hls/Top/PEPartition/Catapult/PEPartition.v1/scverify/concat_sim_PEPartition_v_vcs' \


Warning-[SC-SYSCAN-IDIR] Ignoring nonexistent include dir
  Ignoring nonexistent include dir 
  '/cad/mentor/2024.2_1/Mgc_home/shared/pkgs/matchlib_connections/include'.
  Make sure the directory specified with the '-I <dir>' option is available 
  and readable.


Warning-[SC-SYSCAN-IDIR] Ignoring nonexistent include dir
  Ignoring nonexistent include dir 
  '/cad/mentor/2024.2_1/Mgc_home/shared/pkgs/matchlib_connections/include'.
  Make sure the directory specified with the '-I <dir>' option is available 
  and readable.


Warning-[SC-SYSCAN-IDIR] Ignoring nonexistent include dir
  Ignoring nonexistent include dir 
  '/cad/mentor/2024.2_1/Mgc_home/shared/pkgs/matchlib_connections/include'.
  Make sure the directory specified with the '-I <dir>' option is available 
  and readable.


Warning-[SC-SYSCAN-IDIR] Ignoring nonexistent include dir
  Ignoring nonexistent include dir 
  '/cad/mentor/2024.2_1/Mgc_home/shared/pkgs/matchlib_connections/include'.
  Make sure the directory specified with the '-I <dir>' option is available 
  and readable.

if [ -x /home/users/code/cs217/hls/Top/PEPartition/Catapult/PEPartition.v1/scverify/concat_sim_PEPartition_v_vcs/sc_mainpwr_elab \
]; then chmod a-x /home/users/code/cs217/hls/Top/PEPartition/Catapult/PEPartition.v1/scverify/concat_sim_PEPartition_v_vcs/sc_mainpwr_elab; \
fi
g++  -o /home/users/code/cs217/hls/Top/PEPartition/Catapult/PEPartition.v1/scverify/concat_sim_PEPartition_v_vcs/sc_mainpwr_elab \
-Wl,--whole-archive  -Wl,--no-whole-archive -Wl,-rpath,/cad/synopsys/vcs_gnu_package/S-2021.09/gnu_9/linux/gcc-9.2.0_64-shared/lib64 \
-rdynamic -Wl,-rpath='$ORIGIN'/sc_mainpwr_elab.daidir -Wl,-rpath=./sc_mainpwr_elab.daidir \
-Wl,-rpath=/cad/synopsys/vcs/U-2023.03/linux64/lib -L/cad/synopsys/vcs/U-2023.03/linux64/lib \
-L/cad/synopsys/vcs/U-2023.03/linux64/lib/cosim/sysc233-gcc9 -L/cad/synopsys/vcs/U-2023.03/linux64/lib \
-rdynamic -Wl,-E   -Wl,-whole-archive     -lvcsucli     -Wl,-no-whole-archive  /home/users/code/cs217/hls/Top/PEPartition/Catapult/PEPartition.v1/scverify/concat_sim_PEPartition_v_vcs/sysc/sysc_globals.o \
/cad/synopsys/vcs/U-2023.03/linux64/lib/ucli_sysc.o   objs/GdI28_d.o objs/reYIK_d.o \
amcQwB.o objs/amcQw_d.o    SIM_l.o      rmapats_mop.o rmapats.o rmar.o rmar_nd.o \
rmar_llvm_0_1.o rmar_llvm_0_0.o       /home/users/code/cs217/hls/Top/PEPartition/Catapult/PEPartition.v1/scverify/concat_sim_PEPartition_v_vcs/sysc/ccs_wrapper/ccs_wrapper.o \
/home/users/code/cs217/hls/Top/PEPartition/Catapult/PEPartition.v1/scverify/concat_sim_PEPartition_v_vcs/sysc/testbench.o \
/home/users/code/cs217/hls/Top/PEPartition/Catapult/PEPartition.v1/scverify/concat_sim_PEPartition_v_vcs/sysc/sysc_sim.o \
/home/users/code/cs217/hls/Top/PEPartition/Catapult/PEPartition.v1/scverify/concat_sim_PEPartition_v_vcs/sysc/libconcat_sim_PEPartition_v_vcs_sysc_stubs.a \
-lerrorinf -lsnpsmalloc -lvfs -lsysctli -lbfSim -lbfCbug -lsystemc233-gcc9-64 -lvirsim \
-lvcsnew -lvcsucli -lsimprofile -luclinative /cad/synopsys/vcs/U-2023.03/linux64/lib/vcs_tls.o \
_vcs_pli_stub_.o   /cad/synopsys/vcs/U-2023.03/linux64/lib/vcs_save_restore_new.o \
/cad/synopsys/verdi/V-2023.12-SP2-4/share/PLI/VCS/LINUX64/pli.a -ldl -lm  -lc -lpthread \
-ldl 
/home/users/code/cs217/hls/Top/PEPartition/Catapult/PEPartition.v1/scverify/concat_sim_PEPartition_v_vcs/sc_mainpwr_elab \
up to date
make[2]: Leaving directory `/home/users/code/cs217/hls/Top/PEPartition/Catapult/PEPartition.v1/scverify/concat_sim_PEPartition_v_vcs' \

CPU time: .518 seconds to compile + .246 seconds to elab + 6.148 seconds to link
Info: [VCS_SAVE_RESTORE_INFO] ASLR (Address Space Layout Randomization) is detected on the machine. To enable $save functionality, ASLR will be switched off and simv re-executed.
Please use '-no_save' simv switch to avoid this.
================================
SETTING RANDOM SEED = 19650218
================================
1.75
Info: [VCS_SAVE_RESTORE_INFO] ASLR (Address Space Layout Randomization) is detected on the machine. To enable $save functionality, ASLR will be switched off and simv re-executed.
Please use '-no_save' simv switch to avoid this.

Warning-[LNX_OS_VERUN] Unsupported Linux version
  Linux version 'Rocky Linux release 8.10 (Green Obsidian)' is not supported 
  on 'x86_64' officially, assuming linux compatibility by default. Set 
  VCS_ARCH_OVERRIDE to linux or suse32 to override.
  Please refer to release notes for information on supported platforms.


Warning-[LINX_KRNL] Unsupported Linux kernel
  Linux kernel '6.14.0-37-generic' is not supported.
  Supported versions are 2.4* or 2.6*.


Warning-[LCA_FEATURES_ENABLED] Usage warning
  LCA features enabled by '-lca' argument on the command line.  For more 
  information regarding list of LCA features please refer to Chapter "LCA 
  features" in the VCS Release Notes

Doing common elaboration 

Warning-[LNX_OS_VERUN] Unsupported Linux version
  Linux version 'Rocky Linux release 8.10 (Green Obsidian)' is not supported 
  on 'x86_64' officially, assuming linux compatibility by default. Set 
  VCS_ARCH_OVERRIDE to linux or suse32 to override.
  Please refer to release notes for information on supported platforms.


Warning-[LINX_KRNL] Unsupported Linux kernel
  Linux kernel '6.14.0-37-generic' is not supported.
  Supported versions are 2.4* or 2.6*.

*** Using c compiler gcc instead of cc ...
                         Chronologic VCS (TM)
         Version U-2023.03_Full64 -- Wed Mar 18 19:07:02 2026

                    Copyright (c) 1991 - 2023 Synopsys, Inc.
   This software and the associated documentation are proprietary to Synopsys,
 Inc. This software may only be used in accordance with the terms and conditions
 of a written license agreement with Synopsys, Inc. All other use, reproduction,
   or distribution of this software is strictly prohibited.  Licensed Products
     communicate with Synopsys servers for the purpose of providing software
    updates, detecting software piracy and verifying that customers are using
    Licensed Products in conformity with the applicable License Key for such
  Licensed Products. Synopsys will use information gathered in connection with
    this process to deliver software updates and pursue software pirates and
                                   infringers.

 Inclusivity & Diversity - Visit SolvNetPlus to read the "Synopsys Statement on
            Inclusivity and Diversity" (Refer to article 000036315 at
                        https://solvnetplus.synopsys.com)


Warning-[VPI-CT-NS] VPI function is not supported
  The VPI function 'vpi_register_cb' is not supported in the compiler.
  Please fix the code being referred to by the '-load' compile option.

Top Level Modules:
       sc_main
TimeScale is 1 ps / 1 ps
Starting vcs inline pass...

56 modules and 0 UDP read.
recompiling module sc_main
recompiling module sysc$testbench
recompiling module sysc$ManagerFromFile<spec::Axi::axiCfg,...>
recompiling module sysc$Connections::Combinational<spec::StreamType,...>
recompiling module sysc$Connections::Combinational<spec::StreamType,...>::DummyPortManager
recompiling module sysc$Connections::Combinational<bool,...>
recompiling module sysc$Connections::Combinational<bool,...>::DummyPortManager
recompiling module sysc$CCS_RTL::sysc_sim_wrapper
recompiling module PEPartition_PEModule_PECore
recompiling module PEPartition_PEModule_PECore_PECore_Xilinx_RAMS_BLOCK_1R1W_RBW_rwport_en_137_13_128_8192_1_8192_128_1_gen
recompiling module PEPartition_PEModule_PECore_PECore_Xilinx_RAMS_BLOCK_1R1W_RBW_rwport_en_138_13_128_8192_1_8192_128_1_gen
recompiling module PEPartition_PEModule_PECore_PECore_Xilinx_RAMS_BLOCK_1R1W_RBW_rwport_en_139_13_128_8192_1_8192_128_1_gen
recompiling module PEPartition_PEModule_PECore_PECore_Xilinx_RAMS_BLOCK_1R1W_RBW_rwport_en_140_13_128_8192_1_8192_128_1_gen
recompiling module PEPartition_PEModule_PECore_PECore_Xilinx_RAMS_BLOCK_1R1W_RBW_rwport_en_141_13_128_8192_1_8192_128_1_gen
recompiling module PEPartition_PEModule_PECore_PECore_Xilinx_RAMS_BLOCK_1R1W_RBW_rwport_en_142_13_128_8192_1_8192_128_1_gen
recompiling module PEPartition_PEModule_PECore_PECore_Xilinx_RAMS_BLOCK_1R1W_RBW_rwport_en_143_13_128_8192_1_8192_128_1_gen
recompiling module PEPartition_PEModule_PECore_PECore_Xilinx_RAMS_BLOCK_1R1W_RBW_rwport_en_144_13_128_8192_1_8192_128_1_gen
recompiling module PEPartition_PEModule_PECore_PECore_Xilinx_RAMS_BLOCK_1R1W_RBW_rwport_en_145_13_128_8192_1_8192_128_1_gen
recompiling module PEPartition_PEModule_PECore_PECore_Xilinx_RAMS_BLOCK_1R1W_RBW_rwport_en_146_13_128_8192_1_8192_128_1_gen
recompiling module PEPartition_PEModule_PECore_PECore_Xilinx_RAMS_BLOCK_1R1W_RBW_rwport_en_147_13_128_8192_1_8192_128_1_gen
recompiling module PEPartition_PEModule_PECore_PECore_Xilinx_RAMS_BLOCK_1R1W_RBW_rwport_en_148_13_128_8192_1_8192_128_1_gen
recompiling module PEPartition_PEModule_PECore_PECore_Xilinx_RAMS_BLOCK_1R1W_RBW_rwport_en_149_13_128_8192_1_8192_128_1_gen
recompiling module PEPartition_PEModule_PECore_PECore_Xilinx_RAMS_BLOCK_1R1W_RBW_rwport_en_150_13_128_8192_1_8192_128_1_gen
recompiling module PEPartition_PEModule_PECore_PECore_Xilinx_RAMS_BLOCK_1R1W_RBW_rwport_en_151_13_128_8192_1_8192_128_1_gen
recompiling module PEPartition_PEModule_PECore_PECore_Xilinx_RAMS_BLOCK_1R1W_RBW_rwport_en_152_13_128_8192_1_8192_128_1_gen
recompiling module PEPartition_PEModule_PECore_mgc_shift_l_v5
recompiling module PEPartition_PEModule_PECore_ACC_17i31_1o31_35d03a7c76a8394e7c510c9fae810dcdee
recompiling module PEPartition_PEModule_PECore_PECore_PECoreRun_rva_in_PopNB_mioi
recompiling module PEPartition_PEModule_PECore_PECore_PECoreRun_input_port_PopNB_mioi
recompiling module PEPartition_PEModule_PECore_PECore_PECoreRun_wait_dp
recompiling module PEPartition_PEModule_ActUnit
recompiling module PEPartition_PEModule_ActUnit_ActUnit_ActUnitRun_rva_in_PopNB_mioi
recompiling module PEPartition_PEModule_ActUnit_ActUnit_ActUnitRun_ActUnitRun_fsm
recompiling module PEPartition_AxiSubordinateToReadyValid_spec_Axi_axiCfg_spec_Axi_rvaCfg
recompiling module PEPartition_AxiSubordinateToReadyValid_spec_Axi_axiCfg_spec_Axi_rvaCfg_run_if_axi_rd_ar_PopNB_mioi
recompiling module PEPartition_AxiSubordinateToReadyValid_spec_Axi_axiCfg_spec_Axi_rvaCfg_run_if_axi_wr_aw_PopNB_mioi
recompiling module PEPartition_AxiSubordinateToReadyValid_spec_Axi_axiCfg_spec_Axi_rvaCfg_run_if_rv_wr_Push_mioi
recompiling module PEPartition_AxiSubordinateToReadyValid_spec_Axi_axiCfg_spec_Axi_rvaCfg_run_if_axi_wr_w_PopNB_mioi
recompiling module sysc$Source
recompiling module sysc$Dest
recompiling module sysc$Connections::Combinational<axi::axi4<spec::Axi::axiCfg>::AddrPayload,...>
recompiling module sysc$Connections::Combinational<axi::axi4<spec::Axi::axiCfg>::AddrPayload,...>::DummyPortManager
recompiling module sysc$Connections::Combinational<axi::axi4<spec::Axi::axiCfg>::ReadPayload,...>
recompiling module sysc$Connections::Combinational<axi::axi4<spec::Axi::axiCfg>::ReadPayload,...>::DummyPortManager
recompiling module sysc$Connections::Combinational<axi::axi4<spec::Axi::axiCfg>::WritePayload,...>
recompiling module sysc$Connections::Combinational<axi::axi4<spec::Axi::axiCfg>::WritePayload,...>::DummyPortManager
recompiling module sysc$Connections::Combinational<axi::axi4<spec::Axi::axiCfg>::WRespPayload,...>
recompiling module sysc$Connections::Combinational<axi::axi4<spec::Axi::axiCfg>::WRespPayload,...>::DummyPortManager
recompiling module sysc$Connections::DirectToMarshalledInPort<axi::axi4<spec::Axi::axiCfg>::AddrPayload>
recompiling module sysc$Connections::DirectToMarshalledInPort<axi::axi4<spec::Axi::axiCfg>::WritePayload>
50 of 56 modules done
recompiling module sysc$Connections::MarshalledToDirectOutPort<axi::axi4<spec::Axi::axiCfg>::WRespPayload>
recompiling module sysc$Connections::MarshalledToDirectOutPort<axi::axi4<spec::Axi::axiCfg>::ReadPayload>
recompiling module sysc$Connections::DirectToMarshalledInPort<spec::StreamType>
recompiling module sysc$Connections::MarshalledToDirectOutPort<spec::StreamType>
recompiling module sysc$Connections::MarshalledToDirectOutPort<bool>
recompiling module sysc$Connections::DirectToMarshalledInPort<bool>
All of 56 modules done
make[2]: Entering directory `/home/users/code/cs217/hls/Top/PEPartition/Catapult/PEPartition.v1/scverify/concat_sim_PEPartition_v_vcs' \

if [ -x /home/users/code/cs217/hls/Top/PEPartition/Catapult/PEPartition.v1/scverify/concat_sim_PEPartition_v_vcs/sc_mainpwr \
]; then chmod a-x /home/users/code/cs217/hls/Top/PEPartition/Catapult/PEPartition.v1/scverify/concat_sim_PEPartition_v_vcs/sc_mainpwr; \
fi
g++  -o /home/users/code/cs217/hls/Top/PEPartition/Catapult/PEPartition.v1/scverify/concat_sim_PEPartition_v_vcs/sc_mainpwr \
-Wl,--whole-archive  -Wl,--no-whole-archive -Wl,-rpath,/cad/synopsys/vcs_gnu_package/S-2021.09/gnu_9/linux/gcc-9.2.0_64-shared/lib64 \
-rdynamic -Wl,-rpath='$ORIGIN'/sc_mainpwr.daidir -Wl,-rpath=./sc_mainpwr.daidir -Wl,-rpath=/cad/synopsys/vcs/U-2023.03/linux64/lib \
-L/cad/synopsys/vcs/U-2023.03/linux64/lib -L/cad/synopsys/vcs/U-2023.03/linux64/lib/cosim/sysc233-gcc9 \
-L/cad/synopsys/vcs/U-2023.03/linux64/lib -rdynamic -Wl,-E   -Wl,-whole-archive  \
-lvcsucli     -Wl,-no-whole-archive  /home/users/code/cs217/hls/Top/PEPartition/Catapult/PEPartition.v1/scverify/concat_sim_PEPartition_v_vcs/sysc/sysc_globals.o \
/cad/synopsys/vcs/U-2023.03/linux64/lib/ucli_sysc.o   objs/iZcvQ_d.o objs/w1QIf_d.o \
objs/qa2ez_d.o objs/hUDmy_d.o objs/Rdmaq_d.o objs/dDNdA_d.o objs/y1jUq_d.o objs/jmrsW_d.o \
objs/sJrKt_d.o objs/DfCCR_d.o objs/hrQY9_d.o objs/pxT65_d.o objs/ZyG8n_d.o objs/sD9ad_d.o \
objs/j1K3R_d.o objs/Ct4uC_d.o objs/v71SV_d.o objs/HFkPf_d.o objs/Ejrtu_d.o objs/GdI28_d.o \
objs/rAik1_d.o objs/W7xp7_d.o objs/W43I4_d.o objs/K1yb7_d.o objs/vWnIr_d.o objs/reYIK_d.o \
objs/G9402_d.o objs/vvQKt_d.o objs/kPybZ_d.o objs/arfci_d.o objs/t75Iy_d.o objs/nufJf_d.o \
objs/JKbYh_d.o objs/D6TMz_d.o objs/axsE2_d.o objs/eny0H_d.o objs/FnRQb_d.o objs/D8gcj_d.o \
objs/ghBn0_d.o objs/H2EBc_d.o objs/MsKwC_d.o objs/SGzzD_d.o objs/LLaKH_d.o objs/DqKak_d.o \
objs/pWVHr_d.o amcQwB.o objs/amcQw_d.o objs/dDvPr_d.o objs/iVwwW_d.o objs/R42QI_d.o \
objs/FsQnD_d.o objs/WVsfM_d.o objs/fV6YS_d.o objs/bNMwG_d.o objs/KfFbf_d.o objs/EhGrC_d.o \
objs/rFSKF_d.o objs/wTIrB_d.o objs/mJYbq_d.o    SIM_l.o      rmapats_mop.o rmapats.o \
rmar.o rmar_nd.o  rmar_llvm_0_1.o rmar_llvm_0_0.o       /home/users/code/cs217/hls/Top/PEPartition/Catapult/PEPartition.v1/scverify/concat_sim_PEPartition_v_vcs/sysc/ccs_wrapper/ccs_wrapper.o \
/home/users/code/cs217/hls/Top/PEPartition/Catapult/PEPartition.v1/scverify/concat_sim_PEPartition_v_vcs/sysc/testbench.o \
/home/users/code/cs217/hls/Top/PEPartition/Catapult/PEPartition.v1/scverify/concat_sim_PEPartition_v_vcs/sysc/sysc_sim.o \
/home/users/code/cs217/hls/Top/PEPartition/Catapult/PEPartition.v1/scverify/concat_sim_PEPartition_v_vcs/sysc/libconcat_sim_PEPartition_v_vcs_sysc_stubs.a \
-lerrorinf -lsnpsmalloc -lvfs -lsysctli -lbfSim -lbfCbug -lsystemc233-gcc9-64 -lvirsim \
-lvcsnew -lvcsucli -lsimprofile -lreader_common /cad/synopsys/vcs/U-2023.03/linux64/lib/libBA.a \
-luclinative /cad/synopsys/vcs/U-2023.03/linux64/lib/vcs_tls.o          _vcs_pli_stub_.o \
/cad/synopsys/vcs/U-2023.03/linux64/lib/vcs_save_restore_new.o /cad/synopsys/verdi/V-2023.12-SP2-4/share/PLI/VCS/LINUX64/pli.a \
-ldl -lm  -lc -lpthread -ldl 
/home/users/code/cs217/hls/Top/PEPartition/Catapult/PEPartition.v1/scverify/concat_sim_PEPartition_v_vcs/sc_mainpwr \
up to date
make[2]: Leaving directory `/home/users/code/cs217/hls/Top/PEPartition/Catapult/PEPartition.v1/scverify/concat_sim_PEPartition_v_vcs' \

CPU time: 16.814 seconds to compile + .569 seconds to elab + 2.026 seconds to link

Note-[SC-UFE-1] Elaborating KDB
  The simulation contains SystemC. VCS will now try elaborating KDB, because 
  '-kdb=sysc_elab' is specified.
  To disable this step, please stop adding '-kdb=sysc_elab' switch.

Verdi KDB elaboration done and the database successfully generated: 0 error(s), 0 warning(s)
