Command: /home/users/code/cs217/hls/Top/PEPartition/./Catapult/PEPartition.v1/scverify/concat_sim_PEPartition_v_vcs/sc_mainpwr -systemcrun -verilogrun -cm assert -ucli -ucli2Proc -i ./Catapult/PEPartition.v1/scverify/concat_sim_PEPartition_v_vcs/scverify_vcs_wave.tcl -l ./Catapult/PEPartition.v1/scverify/concat_sim_PEPartition_v_vcs/sim.log
Chronologic VCS simulator copyright 1991-2023
Contains Synopsys proprietary information.
Compiler version U-2023.03_Full64; Runtime version U-2023.03_Full64;  Mar 18 19:07 2026
Connections Clock: tb.clk Period: 1 ns
ucli% # Source static function file
ucli% global env
ucli% # Source the common TCL file (that also reads the wave database file)
ucli% source $env(MGC_HOME)/pkgs/sif/userware/En_na/flows/vcs_funcs.tcl
ucli% read_ccs_wave ./Catapult/PEPartition.v1/scverify/ccs_wave_signals.dat
Reading SCVerify waveform database './Catapult/PEPartition.v1/scverify/ccs_wave_signals.dat'
ucli% setup_vcd_file ./Catapult/PEPartition.v1/.dut_inst_info.tcl
DUT Instance Path = sc_main.tb.dut.ccs_rtl.dut_inst
Preparing to write FSDB file ./default.fsdb...
ucli% populate_wave_window
ucli% if { ("0" != {}) && [file exists "0"] } {
   source "0"
}
ucli% # If not running in GUI mode, run the entire simulation
ucli% if { ![gui_is_active] } {
   do_simulation_run
}
Running up to VCD start time: '0 ns'
run 0 ns
sysc_skeleton.v, 619 : (*vcs_systemc_2,vcs_systemc_skel*) module sc_main;
Turning FSDB on
*Verdi* Loading libsscore_vcs202303.so
*Verdi* : Loading SystemC dumping library libsscore_vcs202303_sc233_gcc920.so.
*Verdi* : Env. FSDB_VCS_RD_SC_VALPTR_PROTECT=1(1) was set.
FSDB Dumper for VCS, Release Verdi_V-2023.12-SP2-4, Linux x86_64/64bit, 11/18/2024
(C) 1996 - 2024 by Synopsys, Inc.
*Verdi* : Create FSDB file './default.fsdb'
*Verdi* : Begin traversing the scopes, layer (0).
*Verdi* : End of traversing.
fsdbDumpvars 0 sc_main.tb.dut.ccs_rtl.dut_inst
*Verdi* : Begin traversing the scope (sc_main.tb.dut.ccs_rtl.dut_inst), layer (0).
*Verdi* : End of traversing.
*Verdi* : fsdbDumpon - All FSDB files at 0 ps.
Continuing to VCD end time: 'end'
run -all
@2 ns Asserting reset
@4 ns De-Asserting reset
@182 ns AXI Manager has finished issuing AXI commands
Design output_port result: 0x3 0x3 0x5 0x4 0x0B 0x1 0xE 0x0C 0xF7 0x1 0xC 0x9 0xA 0x09 0x1 0x2 
Design done result: 1
TESTBENCH PASS
"concat_sim_PEPartition.v", 13752: sc_main.tb.dut.ccs_rtl.dut_inst.pemodule_inst.act_inst.ActUnit_ActUnitRun_inst.ActUnit_ActUnitRun_mem_array_h_ln146_assert_bank_sel_lt_NumBanks_and_bankindexoutofbounds: Antecedent of the implication never satisfied.
"concat_sim_PEPartition.v", 13758: sc_main.tb.dut.ccs_rtl.dut_inst.pemodule_inst.act_inst.ActUnit_ActUnitRun_inst.ActUnit_ActUnitRun_mem_array_h_ln147_assert_idx_lt_NumEntriesPerBank_and_localindexoutofbounds: Antecedent of the implication never satisfied.
"concat_sim_PEPartition.v", 13763: sc_main.tb.dut.ccs_rtl.dut_inst.pemodule_inst.act_inst.ActUnit_ActUnitRun_inst.ActUnit_ActUnitRun_ArbitratedScratchpadDP_h_ln196_assert_bankread_req_validOS_bank_CS_eq_false_and_Bankreadandwritevalidcannotbetruesimultaneouslyforsingle_m_portRAM: Antecedent of the implication never satisfied.
"concat_sim_PEPartition.v", 13769: sc_main.tb.dut.ccs_rtl.dut_inst.pemodule_inst.act_inst.ActUnit_ActUnitRun_inst.ActUnit_ActUnitRun_mem_array_h_ln126_assert_bank_sel_lt_NumBanks_and_bankindexoutofbounds: Antecedent of the implication never satisfied.
"concat_sim_PEPartition.v", 13774: sc_main.tb.dut.ccs_rtl.dut_inst.pemodule_inst.act_inst.ActUnit_ActUnitRun_inst.ActUnit_ActUnitRun_mem_array_h_ln127_assert_idx_lt_NumEntriesPerBank_and_localindexoutofbounds: Antecedent of the implication never satisfied.
"concat_sim_PEPartition.v", 87914: sc_main.tb.dut.ccs_rtl.dut_inst.pemodule_inst.pecore_inst.PECore_PECoreRun_inst.weight_mem_banks_load_store_for_1_PECore_PECoreRun_mem_array_h_ln126_assert_bank_sel_lt_NumBanks_and_bankindexoutofbounds: Antecedent of the implication never satisfied.
"concat_sim_PEPartition.v", 87919: sc_main.tb.dut.ccs_rtl.dut_inst.pemodule_inst.pecore_inst.PECore_PECoreRun_inst.weight_mem_banks_load_store_for_1_PECore_PECoreRun_mem_array_h_ln127_assert_idx_lt_NumEntriesPerBank_and_localindexoutofbounds: Antecedent of the implication never satisfied.
"concat_sim_PEPartition.v", 87941: sc_main.tb.dut.ccs_rtl.dut_inst.pemodule_inst.pecore_inst.PECore_PECoreRun_inst.weight_mem_banks_load_store_for_2_PECore_PECoreRun_mem_array_h_ln126_assert_bank_sel_lt_NumBanks_and_bankindexoutofbounds: Antecedent of the implication never satisfied.
"concat_sim_PEPartition.v", 87946: sc_main.tb.dut.ccs_rtl.dut_inst.pemodule_inst.pecore_inst.PECore_PECoreRun_inst.weight_mem_banks_load_store_for_2_PECore_PECoreRun_mem_array_h_ln127_assert_idx_lt_NumEntriesPerBank_and_localindexoutofbounds: Antecedent of the implication never satisfied.
"concat_sim_PEPartition.v", 87968: sc_main.tb.dut.ccs_rtl.dut_inst.pemodule_inst.pecore_inst.PECore_PECoreRun_inst.weight_mem_banks_load_store_for_3_PECore_PECoreRun_mem_array_h_ln126_assert_bank_sel_lt_NumBanks_and_bankindexoutofbounds: Antecedent of the implication never satisfied.
"concat_sim_PEPartition.v", 87973: sc_main.tb.dut.ccs_rtl.dut_inst.pemodule_inst.pecore_inst.PECore_PECoreRun_inst.weight_mem_banks_load_store_for_3_PECore_PECoreRun_mem_array_h_ln127_assert_idx_lt_NumEntriesPerBank_and_localindexoutofbounds: Antecedent of the implication never satisfied.
"concat_sim_PEPartition.v", 87995: sc_main.tb.dut.ccs_rtl.dut_inst.pemodule_inst.pecore_inst.PECore_PECoreRun_inst.weight_mem_banks_load_store_for_4_PECore_PECoreRun_mem_array_h_ln126_assert_bank_sel_lt_NumBanks_and_bankindexoutofbounds: Antecedent of the implication never satisfied.
"concat_sim_PEPartition.v", 88000: sc_main.tb.dut.ccs_rtl.dut_inst.pemodule_inst.pecore_inst.PECore_PECoreRun_inst.weight_mem_banks_load_store_for_4_PECore_PECoreRun_mem_array_h_ln127_assert_idx_lt_NumEntriesPerBank_and_localindexoutofbounds: Antecedent of the implication never satisfied.
"concat_sim_PEPartition.v", 88022: sc_main.tb.dut.ccs_rtl.dut_inst.pemodule_inst.pecore_inst.PECore_PECoreRun_inst.weight_mem_banks_load_store_for_5_PECore_PECoreRun_mem_array_h_ln126_assert_bank_sel_lt_NumBanks_and_bankindexoutofbounds: Antecedent of the implication never satisfied.
"concat_sim_PEPartition.v", 88027: sc_main.tb.dut.ccs_rtl.dut_inst.pemodule_inst.pecore_inst.PECore_PECoreRun_inst.weight_mem_banks_load_store_for_5_PECore_PECoreRun_mem_array_h_ln127_assert_idx_lt_NumEntriesPerBank_and_localindexoutofbounds: Antecedent of the implication never satisfied.
"concat_sim_PEPartition.v", 88049: sc_main.tb.dut.ccs_rtl.dut_inst.pemodule_inst.pecore_inst.PECore_PECoreRun_inst.weight_mem_banks_load_store_for_6_PECore_PECoreRun_mem_array_h_ln126_assert_bank_sel_lt_NumBanks_and_bankindexoutofbounds: Antecedent of the implication never satisfied.
"concat_sim_PEPartition.v", 88054: sc_main.tb.dut.ccs_rtl.dut_inst.pemodule_inst.pecore_inst.PECore_PECoreRun_inst.weight_mem_banks_load_store_for_6_PECore_PECoreRun_mem_array_h_ln127_assert_idx_lt_NumEntriesPerBank_and_localindexoutofbounds: Antecedent of the implication never satisfied.
"concat_sim_PEPartition.v", 88076: sc_main.tb.dut.ccs_rtl.dut_inst.pemodule_inst.pecore_inst.PECore_PECoreRun_inst.weight_mem_banks_load_store_for_7_PECore_PECoreRun_mem_array_h_ln126_assert_bank_sel_lt_NumBanks_and_bankindexoutofbounds: Antecedent of the implication never satisfied.
"concat_sim_PEPartition.v", 88081: sc_main.tb.dut.ccs_rtl.dut_inst.pemodule_inst.pecore_inst.PECore_PECoreRun_inst.weight_mem_banks_load_store_for_7_PECore_PECoreRun_mem_array_h_ln127_assert_idx_lt_NumEntriesPerBank_and_localindexoutofbounds: Antecedent of the implication never satisfied.
"concat_sim_PEPartition.v", 88103: sc_main.tb.dut.ccs_rtl.dut_inst.pemodule_inst.pecore_inst.PECore_PECoreRun_inst.weight_mem_banks_load_store_for_8_PECore_PECoreRun_mem_array_h_ln126_assert_bank_sel_lt_NumBanks_and_bankindexoutofbounds: Antecedent of the implication never satisfied.
"concat_sim_PEPartition.v", 88108: sc_main.tb.dut.ccs_rtl.dut_inst.pemodule_inst.pecore_inst.PECore_PECoreRun_inst.weight_mem_banks_load_store_for_8_PECore_PECoreRun_mem_array_h_ln127_assert_idx_lt_NumEntriesPerBank_and_localindexoutofbounds: Antecedent of the implication never satisfied.
"concat_sim_PEPartition.v", 88130: sc_main.tb.dut.ccs_rtl.dut_inst.pemodule_inst.pecore_inst.PECore_PECoreRun_inst.weight_mem_banks_load_store_for_9_PECore_PECoreRun_mem_array_h_ln126_assert_bank_sel_lt_NumBanks_and_bankindexoutofbounds: Antecedent of the implication never satisfied.
"concat_sim_PEPartition.v", 88135: sc_main.tb.dut.ccs_rtl.dut_inst.pemodule_inst.pecore_inst.PECore_PECoreRun_inst.weight_mem_banks_load_store_for_9_PECore_PECoreRun_mem_array_h_ln127_assert_idx_lt_NumEntriesPerBank_and_localindexoutofbounds: Antecedent of the implication never satisfied.
"concat_sim_PEPartition.v", 88157: sc_main.tb.dut.ccs_rtl.dut_inst.pemodule_inst.pecore_inst.PECore_PECoreRun_inst.weight_mem_banks_load_store_for_10_PECore_PECoreRun_mem_array_h_ln126_assert_bank_sel_lt_NumBanks_and_bankindexoutofbounds: Antecedent of the implication never satisfied.
"concat_sim_PEPartition.v", 88162: sc_main.tb.dut.ccs_rtl.dut_inst.pemodule_inst.pecore_inst.PECore_PECoreRun_inst.weight_mem_banks_load_store_for_10_PECore_PECoreRun_mem_array_h_ln127_assert_idx_lt_NumEntriesPerBank_and_localindexoutofbounds: Antecedent of the implication never satisfied.
"concat_sim_PEPartition.v", 88184: sc_main.tb.dut.ccs_rtl.dut_inst.pemodule_inst.pecore_inst.PECore_PECoreRun_inst.weight_mem_banks_load_store_for_11_PECore_PECoreRun_mem_array_h_ln126_assert_bank_sel_lt_NumBanks_and_bankindexoutofbounds: Antecedent of the implication never satisfied.
"concat_sim_PEPartition.v", 88189: sc_main.tb.dut.ccs_rtl.dut_inst.pemodule_inst.pecore_inst.PECore_PECoreRun_inst.weight_mem_banks_load_store_for_11_PECore_PECoreRun_mem_array_h_ln127_assert_idx_lt_NumEntriesPerBank_and_localindexoutofbounds: Antecedent of the implication never satisfied.
"concat_sim_PEPartition.v", 88211: sc_main.tb.dut.ccs_rtl.dut_inst.pemodule_inst.pecore_inst.PECore_PECoreRun_inst.weight_mem_banks_load_store_for_12_PECore_PECoreRun_mem_array_h_ln126_assert_bank_sel_lt_NumBanks_and_bankindexoutofbounds: Antecedent of the implication never satisfied.
"concat_sim_PEPartition.v", 88216: sc_main.tb.dut.ccs_rtl.dut_inst.pemodule_inst.pecore_inst.PECore_PECoreRun_inst.weight_mem_banks_load_store_for_12_PECore_PECoreRun_mem_array_h_ln127_assert_idx_lt_NumEntriesPerBank_and_localindexoutofbounds: Antecedent of the implication never satisfied.
"concat_sim_PEPartition.v", 88238: sc_main.tb.dut.ccs_rtl.dut_inst.pemodule_inst.pecore_inst.PECore_PECoreRun_inst.weight_mem_banks_load_store_for_13_PECore_PECoreRun_mem_array_h_ln126_assert_bank_sel_lt_NumBanks_and_bankindexoutofbounds: Antecedent of the implication never satisfied.
"concat_sim_PEPartition.v", 88243: sc_main.tb.dut.ccs_rtl.dut_inst.pemodule_inst.pecore_inst.PECore_PECoreRun_inst.weight_mem_banks_load_store_for_13_PECore_PECoreRun_mem_array_h_ln127_assert_idx_lt_NumEntriesPerBank_and_localindexoutofbounds: Antecedent of the implication never satisfied.
"concat_sim_PEPartition.v", 88265: sc_main.tb.dut.ccs_rtl.dut_inst.pemodule_inst.pecore_inst.PECore_PECoreRun_inst.weight_mem_banks_load_store_for_14_PECore_PECoreRun_mem_array_h_ln126_assert_bank_sel_lt_NumBanks_and_bankindexoutofbounds: Antecedent of the implication never satisfied.
"concat_sim_PEPartition.v", 88270: sc_main.tb.dut.ccs_rtl.dut_inst.pemodule_inst.pecore_inst.PECore_PECoreRun_inst.weight_mem_banks_load_store_for_14_PECore_PECoreRun_mem_array_h_ln127_assert_idx_lt_NumEntriesPerBank_and_localindexoutofbounds: Antecedent of the implication never satisfied.
"concat_sim_PEPartition.v", 88292: sc_main.tb.dut.ccs_rtl.dut_inst.pemodule_inst.pecore_inst.PECore_PECoreRun_inst.weight_mem_banks_load_store_for_15_PECore_PECoreRun_mem_array_h_ln126_assert_bank_sel_lt_NumBanks_and_bankindexoutofbounds: Antecedent of the implication never satisfied.
"concat_sim_PEPartition.v", 88297: sc_main.tb.dut.ccs_rtl.dut_inst.pemodule_inst.pecore_inst.PECore_PECoreRun_inst.weight_mem_banks_load_store_for_15_PECore_PECoreRun_mem_array_h_ln127_assert_idx_lt_NumEntriesPerBank_and_localindexoutofbounds: Antecedent of the implication never satisfied.
"concat_sim_PEPartition.v", 88319: sc_main.tb.dut.ccs_rtl.dut_inst.pemodule_inst.pecore_inst.PECore_PECoreRun_inst.weight_mem_banks_load_store_for_16_PECore_PECoreRun_mem_array_h_ln126_assert_bank_sel_lt_NumBanks_and_bankindexoutofbounds: Antecedent of the implication never satisfied.
"concat_sim_PEPartition.v", 88324: sc_main.tb.dut.ccs_rtl.dut_inst.pemodule_inst.pecore_inst.PECore_PECoreRun_inst.weight_mem_banks_load_store_for_16_PECore_PECoreRun_mem_array_h_ln127_assert_idx_lt_NumEntriesPerBank_and_localindexoutofbounds: Antecedent of the implication never satisfied.
"concat_sim_PEPartition.v", 88329: sc_main.tb.dut.ccs_rtl.dut_inst.pemodule_inst.pecore_inst.PECore_PECoreRun_inst.PECore_PECoreRun_mem_array_h_ln146_assert_bank_sel_lt_NumBanks_and_bankindexoutofbounds_3: Antecedent of the implication never satisfied.
"concat_sim_PEPartition.v", 88335: sc_main.tb.dut.ccs_rtl.dut_inst.pemodule_inst.pecore_inst.PECore_PECoreRun_inst.PECore_PECoreRun_mem_array_h_ln147_assert_idx_lt_NumEntriesPerBank_and_localindexoutofbounds_3: Antecedent of the implication never satisfied.
"concat_sim_PEPartition.v", 88340: sc_main.tb.dut.ccs_rtl.dut_inst.pemodule_inst.pecore_inst.PECore_PECoreRun_inst.PECore_PECoreRun_ArbitratedScratchpadDP_h_ln196_assert_bankread_req_validOS_bank_CS_eq_false_and_Bankreadandwritevalidcannotbetruesimultaneouslyforsingle_m_portRAM_3: Antecedent of the implication never satisfied.
"concat_sim_PEPartition.v", 88373: sc_main.tb.dut.ccs_rtl.dut_inst.pemodule_inst.pecore_inst.PECore_PECoreRun_inst.PECore_PECoreRun_mem_array_h_ln126_assert_bank_sel_lt_NumBanks_and_bankindexoutofbounds_1: Antecedent of the implication never satisfied.
"concat_sim_PEPartition.v", 88378: sc_main.tb.dut.ccs_rtl.dut_inst.pemodule_inst.pecore_inst.PECore_PECoreRun_inst.PECore_PECoreRun_mem_array_h_ln127_assert_idx_lt_NumEntriesPerBank_and_localindexoutofbounds_1: Antecedent of the implication never satisfied.
Simulation complete, time is 246000 ps.
sysc_skeleton.v, 619 : (*vcs_systemc_2,vcs_systemc_skel*) module sc_main;
Turning FSDB off and flushing
*Verdi* : Close all FSDB Files at 246,000 ps.
Completed writing FSDB file ./default.fsdb...
           V C S   S i m u l a t i o n   R e p o r t 
Time: 246000 ps
CPU Time:      0.880 seconds;       Data structure size:  14.0Mb
Wed Mar 18 19:07:29 2026
